[0.524s] Invoking command in '/home/zenyn/Executive-Overlord/src/Robosub-CLTool': AMENT_PREFIX_PATH=/home/zenyn/Executive-Overlord/src/install/crs_ros2_interfaces:${AMENT_PREFIX_PATH} CMAKE_PREFIX_PATH=/home/zenyn/Executive-Overlord/src/install/crs_ros2_interfaces:${CMAKE_PREFIX_PATH} LD_LIBRARY_PATH=/home/zenyn/Executive-Overlord/src/install/crs_ros2_interfaces/lib:${LD_LIBRARY_PATH} PYTHONPATH=/home/zenyn/Executive-Overlord/src/build/pwm_cltool/prefix_override:/usr/lib/python3/dist-packages/colcon_core/task/python/colcon_distutils_commands:/home/zenyn/Executive-Overlord/src/install/pwm_cltool/lib/python3.12/site-packages:/home/zenyn/Executive-Overlord/src/install/crs_ros2_interfaces/lib/python3.12/site-packages:${PYTHONPATH} /usr/bin/python3 -W ignore:setup.py install is deprecated -W ignore:easy_install command is deprecated setup.py egg_info --egg-base ../build/pwm_cltool build --build-base /home/zenyn/Executive-Overlord/src/build/pwm_cltool/build install --record /home/zenyn/Executive-Overlord/src/build/pwm_cltool/install.log --single-version-externally-managed install_data
[0.694s] running egg_info
[0.694s] creating ../build/pwm_cltool/pwm_cltool.egg-info
[0.706s] writing ../build/pwm_cltool/pwm_cltool.egg-info/PKG-INFO
[0.706s] writing dependency_links to ../build/pwm_cltool/pwm_cltool.egg-info/dependency_links.txt
[0.706s] writing entry points to ../build/pwm_cltool/pwm_cltool.egg-info/entry_points.txt
[0.706s] writing requirements to ../build/pwm_cltool/pwm_cltool.egg-info/requires.txt
[0.706s] writing top-level names to ../build/pwm_cltool/pwm_cltool.egg-info/top_level.txt
[0.706s] writing manifest file '../build/pwm_cltool/pwm_cltool.egg-info/SOURCES.txt'
[0.730s] reading manifest file '../build/pwm_cltool/pwm_cltool.egg-info/SOURCES.txt'
[0.730s] adding license file 'LICENSE'
[0.730s] writing manifest file '../build/pwm_cltool/pwm_cltool.egg-info/SOURCES.txt'
[0.730s] running build
[0.730s] running build_py
[0.730s] creating /home/zenyn/Executive-Overlord/src/build/pwm_cltool/build
[0.730s] creating /home/zenyn/Executive-Overlord/src/build/pwm_cltool/build/lib
[0.730s] creating /home/zenyn/Executive-Overlord/src/build/pwm_cltool/build/lib/pwm_cltool
[0.730s] copying pwm_cltool/pwm_publisher.py -> /home/zenyn/Executive-Overlord/src/build/pwm_cltool/build/lib/pwm_cltool
[0.730s] copying pwm_cltool/__init__.py -> /home/zenyn/Executive-Overlord/src/build/pwm_cltool/build/lib/pwm_cltool
[0.730s] copying pwm_cltool/plant.py -> /home/zenyn/Executive-Overlord/src/build/pwm_cltool/build/lib/pwm_cltool
[0.731s] copying pwm_cltool/pwm_cltool.py -> /home/zenyn/Executive-Overlord/src/build/pwm_cltool/build/lib/pwm_cltool
[0.731s] copying pwm_cltool/main.py -> /home/zenyn/Executive-Overlord/src/build/pwm_cltool/build/lib/pwm_cltool
[0.731s] copying pwm_cltool/runner.py -> /home/zenyn/Executive-Overlord/src/build/pwm_cltool/build/lib/pwm_cltool
[0.731s] running install
[0.735s] running install_lib
[0.747s] creating /home/zenyn/Executive-Overlord/src/install/pwm_cltool/lib/python3.12/site-packages/pwm_cltool
[0.747s] copying /home/zenyn/Executive-Overlord/src/build/pwm_cltool/build/lib/pwm_cltool/pwm_publisher.py -> /home/zenyn/Executive-Overlord/src/install/pwm_cltool/lib/python3.12/site-packages/pwm_cltool
[0.747s] copying /home/zenyn/Executive-Overlord/src/build/pwm_cltool/build/lib/pwm_cltool/__init__.py -> /home/zenyn/Executive-Overlord/src/install/pwm_cltool/lib/python3.12/site-packages/pwm_cltool
[0.747s] copying /home/zenyn/Executive-Overlord/src/build/pwm_cltool/build/lib/pwm_cltool/plant.py -> /home/zenyn/Executive-Overlord/src/install/pwm_cltool/lib/python3.12/site-packages/pwm_cltool
[0.747s] copying /home/zenyn/Executive-Overlord/src/build/pwm_cltool/build/lib/pwm_cltool/pwm_cltool.py -> /home/zenyn/Executive-Overlord/src/install/pwm_cltool/lib/python3.12/site-packages/pwm_cltool
[0.747s] copying /home/zenyn/Executive-Overlord/src/build/pwm_cltool/build/lib/pwm_cltool/main.py -> /home/zenyn/Executive-Overlord/src/install/pwm_cltool/lib/python3.12/site-packages/pwm_cltool
[0.747s] copying /home/zenyn/Executive-Overlord/src/build/pwm_cltool/build/lib/pwm_cltool/runner.py -> /home/zenyn/Executive-Overlord/src/install/pwm_cltool/lib/python3.12/site-packages/pwm_cltool
[0.747s] byte-compiling /home/zenyn/Executive-Overlord/src/install/pwm_cltool/lib/python3.12/site-packages/pwm_cltool/pwm_publisher.py to pwm_publisher.cpython-312.pyc
[0.748s] byte-compiling /home/zenyn/Executive-Overlord/src/install/pwm_cltool/lib/python3.12/site-packages/pwm_cltool/__init__.py to __init__.cpython-312.pyc
[0.748s] byte-compiling /home/zenyn/Executive-Overlord/src/install/pwm_cltool/lib/python3.12/site-packages/pwm_cltool/plant.py to plant.cpython-312.pyc
[0.749s] byte-compiling /home/zenyn/Executive-Overlord/src/install/pwm_cltool/lib/python3.12/site-packages/pwm_cltool/pwm_cltool.py to pwm_cltool.cpython-312.pyc
[0.750s] byte-compiling /home/zenyn/Executive-Overlord/src/install/pwm_cltool/lib/python3.12/site-packages/pwm_cltool/main.py to main.cpython-312.pyc
[0.750s] byte-compiling /home/zenyn/Executive-Overlord/src/install/pwm_cltool/lib/python3.12/site-packages/pwm_cltool/runner.py to runner.cpython-312.pyc
[0.750s] running install_data
[0.751s] creating /home/zenyn/Executive-Overlord/src/install/pwm_cltool/share/ament_index
[0.751s] creating /home/zenyn/Executive-Overlord/src/install/pwm_cltool/share/ament_index/resource_index
[0.751s] creating /home/zenyn/Executive-Overlord/src/install/pwm_cltool/share/ament_index/resource_index/packages
[0.751s] copying resource/pwm_cltool -> /home/zenyn/Executive-Overlord/src/install/pwm_cltool/share/ament_index/resource_index/packages
[0.751s] copying package.xml -> /home/zenyn/Executive-Overlord/src/install/pwm_cltool/share/pwm_cltool
[0.751s] running install_egg_info
[0.764s] Copying ../build/pwm_cltool/pwm_cltool.egg-info to /home/zenyn/Executive-Overlord/src/install/pwm_cltool/lib/python3.12/site-packages/pwm_cltool-0.0.0-py3.12.egg-info
[0.764s] running install_scripts
[0.845s] Installing pwm_cltool_node script to /home/zenyn/Executive-Overlord/src/install/pwm_cltool/lib/pwm_cltool
[0.845s] writing list of installed files to '/home/zenyn/Executive-Overlord/src/build/pwm_cltool/install.log'
[0.865s] Invoked command in '/home/zenyn/Executive-Overlord/src/Robosub-CLTool' returned '0': AMENT_PREFIX_PATH=/home/zenyn/Executive-Overlord/src/install/crs_ros2_interfaces:${AMENT_PREFIX_PATH} CMAKE_PREFIX_PATH=/home/zenyn/Executive-Overlord/src/install/crs_ros2_interfaces:${CMAKE_PREFIX_PATH} LD_LIBRARY_PATH=/home/zenyn/Executive-Overlord/src/install/crs_ros2_interfaces/lib:${LD_LIBRARY_PATH} PYTHONPATH=/home/zenyn/Executive-Overlord/src/build/pwm_cltool/prefix_override:/usr/lib/python3/dist-packages/colcon_core/task/python/colcon_distutils_commands:/home/zenyn/Executive-Overlord/src/install/pwm_cltool/lib/python3.12/site-packages:/home/zenyn/Executive-Overlord/src/install/crs_ros2_interfaces/lib/python3.12/site-packages:${PYTHONPATH} /usr/bin/python3 -W ignore:setup.py install is deprecated -W ignore:easy_install command is deprecated setup.py egg_info --egg-base ../build/pwm_cltool build --build-base /home/zenyn/Executive-Overlord/src/build/pwm_cltool/build install --record /home/zenyn/Executive-Overlord/src/build/pwm_cltool/install.log --single-version-externally-managed install_data
