-- Found ament_cmake: 2.5.3 (/opt/ros/jazzy/share/ament_cmake/cmake)
-- Found Python3: /usr/bin/python3 (found version "3.12.3") found components: Interpreter 
-- Found rosidl_default_generators: 1.6.0 (/opt/ros/jazzy/share/rosidl_default_generators/cmake)
-- Using all available rosidl_typesupport_c: rosidl_typesupport_fastrtps_c;rosidl_typesupport_introspection_c
-- Using all available rosidl_typesupport_cpp: rosidl_typesupport_fastrtps_cpp;rosidl_typesupport_introspection_cpp
-- Found rosidl_adapter: 4.6.5 (/opt/ros/jazzy/share/rosidl_adapter/cmake)
-- Found rclcpp: 28.1.8 (/opt/ros/jazzy/share/rclcpp/cmake)
-- Found rmw_implementation_cmake: 7.3.2 (/opt/ros/jazzy/share/rmw_implementation_cmake/cmake)
-- Found rmw_fastrtps_cpp: 8.4.2 (/opt/ros/jazzy/share/rmw_fastrtps_cpp/cmake)
-- Using RMW implementation 'rmw_fastrtps_cpp' as default
-- Found ament_cmake_ros: 0.12.0 (/opt/ros/jazzy/share/ament_cmake_ros/cmake)
-- Using all available rosidl_typesupport_c: rosidl_typesupport_fastrtps_c;rosidl_typesupport_introspection_c
-- Using all available rosidl_typesupport_cpp: rosidl_typesupport_fastrtps_cpp;rosidl_typesupport_introspection_cpp
-- Found python_cmake_module: 0.11.1 (/opt/ros/jazzy/share/python_cmake_module/cmake)
-- Found Python3: /usr/bin/python3 (found version "3.12.3") found components: Interpreter Development NumPy Development.Module Development.Embed 
-- Found ament_lint_auto: 0.17.2 (/opt/ros/jazzy/share/ament_lint_auto/cmake)
-- Added test 'cppcheck' to perform static code analysis on C / C++ code
-- Configured cppcheck include dirs: 
-- Configured cppcheck exclude dirs and/or files: 
-- Added test 'lint_cmake' to check CMake code style
-- Added test 'uncrustify' to check C / C++ code style
-- Configured uncrustify additional arguments: 
-- Added test 'xmllint' to check XML markup files
-- Configuring done (1.0s)
-- Generating done (0.0s)
-- Build files have been written to: /home/zenyn/Executive-Overlord/src/build/crs_ros2_interfaces
[  2%] [34m[1mGenerating type hashes for ROS interfaces[0m
[  2%] Built target ament_cmake_python_copy_crs_ros2_interfaces
running egg_info
[  2%] Built target crs_ros2_interfaces__rosidl_generator_type_description
writing crs_ros2_interfaces.egg-info/PKG-INFO
writing dependency_links to crs_ros2_interfaces.egg-info/dependency_links.txt
writing top-level names to crs_ros2_interfaces.egg-info/top_level.txt
[  5%] [34m[1mGenerating C code for ROS interfaces[0m
[  8%] [34m[1mGenerating C++ code for ROS interfaces[0m
reading manifest file 'crs_ros2_interfaces.egg-info/SOURCES.txt'
writing manifest file 'crs_ros2_interfaces.egg-info/SOURCES.txt'
[  8%] Built target ament_cmake_python_build_crs_ros2_interfaces_egg
[  8%] Built target crs_ros2_interfaces__cpp
[ 11%] [32mBuilding C object CMakeFiles/crs_ros2_interfaces__rosidl_generator_c.dir/rosidl_generator_c/crs_ros2_interfaces/msg/detail/pwm_cmd__type_support.c.o[0m
[ 13%] [32mBuilding C object CMakeFiles/crs_ros2_interfaces__rosidl_generator_c.dir/rosidl_generator_c/crs_ros2_interfaces/msg/detail/pwm_cmd__functions.c.o[0m
[ 16%] [32mBuilding C object CMakeFiles/crs_ros2_interfaces__rosidl_generator_c.dir/rosidl_generator_c/crs_ros2_interfaces/msg/detail/pwm_cmd__description.c.o[0m
[ 19%] [32m[1mLinking C shared library libcrs_ros2_interfaces__rosidl_generator_c.so[0m
[ 19%] Built target crs_ros2_interfaces__rosidl_generator_c
[ 22%] [34m[1mGenerating C++ introspection for ROS interfaces[0m
[ 25%] [34m[1mGenerating C introspection for ROS interfaces[0m
[ 27%] [34m[1mGenerating C++ type support dispatch for ROS interfaces[0m
[ 30%] [34m[1mGenerating C type support for eProsima Fast-RTPS[0m
[ 36%] [34m[1mGenerating C type support dispatch for ROS interfaces[0m
[ 36%] [34m[1mGenerating C++ type support for eProsima Fast-RTPS[0m
[ 38%] [32mBuilding CXX object CMakeFiles/crs_ros2_interfaces__rosidl_typesupport_cpp.dir/rosidl_typesupport_cpp/crs_ros2_interfaces/msg/pwm_cmd__type_support.cpp.o[0m
[ 41%] [32mBuilding C object CMakeFiles/crs_ros2_interfaces__rosidl_typesupport_introspection_c.dir/rosidl_typesupport_introspection_c/crs_ros2_interfaces/msg/detail/pwm_cmd__type_support.c.o[0m
[ 44%] [32m[1mLinking C shared library libcrs_ros2_interfaces__rosidl_typesupport_introspection_c.so[0m
[ 47%] [32mBuilding CXX object CMakeFiles/crs_ros2_interfaces__rosidl_typesupport_fastrtps_cpp.dir/rosidl_typesupport_fastrtps_cpp/crs_ros2_interfaces/msg/detail/dds_fastrtps/pwm_cmd__type_support.cpp.o[0m
[ 47%] Built target crs_ros2_interfaces__rosidl_typesupport_introspection_c
[ 50%] [32mBuilding CXX object CMakeFiles/crs_ros2_interfaces__rosidl_typesupport_c.dir/rosidl_typesupport_c/crs_ros2_interfaces/msg/pwm_cmd__type_support.cpp.o[0m
[ 52%] [32mBuilding CXX object CMakeFiles/crs_ros2_interfaces__rosidl_typesupport_fastrtps_c.dir/rosidl_typesupport_fastrtps_c/crs_ros2_interfaces/msg/detail/pwm_cmd__type_support_c.cpp.o[0m
[ 55%] [32mBuilding CXX object CMakeFiles/crs_ros2_interfaces__rosidl_typesupport_introspection_cpp.dir/rosidl_typesupport_introspection_cpp/crs_ros2_interfaces/msg/detail/pwm_cmd__type_support.cpp.o[0m
[ 58%] [32m[1mLinking CXX shared library libcrs_ros2_interfaces__rosidl_typesupport_c.so[0m
[ 61%] [32m[1mLinking CXX shared library libcrs_ros2_interfaces__rosidl_typesupport_cpp.so[0m
[ 61%] Built target crs_ros2_interfaces__rosidl_typesupport_c
[ 61%] Built target crs_ros2_interfaces__rosidl_typesupport_cpp
[ 63%] [32mBuilding CXX object CMakeFiles/publish_pwm_cmd.dir/src/publish_pwm_cmd.cpp.o[0m
[ 66%] [32m[1mLinking CXX shared library libcrs_ros2_interfaces__rosidl_typesupport_introspection_cpp.so[0m
[ 66%] Built target crs_ros2_interfaces__rosidl_typesupport_introspection_cpp
[ 69%] [32m[1mLinking CXX shared library libcrs_ros2_interfaces__rosidl_typesupport_fastrtps_cpp.so[0m
[ 69%] Built target crs_ros2_interfaces__rosidl_typesupport_fastrtps_cpp
[ 72%] [32m[1mLinking CXX shared library libcrs_ros2_interfaces__rosidl_typesupport_fastrtps_c.so[0m
[ 72%] Built target crs_ros2_interfaces__rosidl_typesupport_fastrtps_c
[ 72%] Built target crs_ros2_interfaces
[ 75%] [34m[1mGenerating Python code for ROS interfaces[0m
[ 75%] Built target crs_ros2_interfaces__py
[ 77%] [32mBuilding C object CMakeFiles/crs_ros2_interfaces__rosidl_generator_py.dir/rosidl_generator_py/crs_ros2_interfaces/msg/_pwm_cmd_s.c.o[0m
[ 80%] [32m[1mLinking C shared library libcrs_ros2_interfaces__rosidl_generator_py.so[0m
[ 80%] Built target crs_ros2_interfaces__rosidl_generator_py
[ 83%] [32mBuilding C object CMakeFiles/crs_ros2_interfaces_s__rosidl_typesupport_introspection_c.dir/rosidl_generator_py/crs_ros2_interfaces/_crs_ros2_interfaces_s.ep.rosidl_typesupport_introspection_c.c.o[0m
[ 86%] [32mBuilding C object CMakeFiles/crs_ros2_interfaces_s__rosidl_typesupport_fastrtps_c.dir/rosidl_generator_py/crs_ros2_interfaces/_crs_ros2_interfaces_s.ep.rosidl_typesupport_fastrtps_c.c.o[0m
[ 88%] [32mBuilding C object CMakeFiles/crs_ros2_interfaces_s__rosidl_typesupport_c.dir/rosidl_generator_py/crs_ros2_interfaces/_crs_ros2_interfaces_s.ep.rosidl_typesupport_c.c.o[0m
[ 91%] [32m[1mLinking C shared module rosidl_generator_py/crs_ros2_interfaces/crs_ros2_interfaces_s__rosidl_typesupport_fastrtps_c.so[0m
[ 94%] [32m[1mLinking C shared module rosidl_generator_py/crs_ros2_interfaces/crs_ros2_interfaces_s__rosidl_typesupport_introspection_c.so[0m
[ 94%] Built target crs_ros2_interfaces_s__rosidl_typesupport_fastrtps_c
[ 97%] [32m[1mLinking C shared module rosidl_generator_py/crs_ros2_interfaces/crs_ros2_interfaces_s__rosidl_typesupport_c.so[0m
[ 97%] Built target crs_ros2_interfaces_s__rosidl_typesupport_introspection_c
[ 97%] Built target crs_ros2_interfaces_s__rosidl_typesupport_c
[100%] [32m[1mLinking CXX executable publish_pwm_cmd[0m
[100%] Built target publish_pwm_cmd
-- Install configuration: ""
-- Up-to-date: /home/zenyn/Executive-Overlord/src/install/crs_ros2_interfaces/share/ament_index/resource_index/rosidl_interfaces/crs_ros2_interfaces
-- Installing: /home/zenyn/Executive-Overlord/src/install/crs_ros2_interfaces/share/crs_ros2_interfaces/msg/PwmCmd.json
-- Up-to-date: /home/zenyn/Executive-Overlord/src/install/crs_ros2_interfaces/include/crs_ros2_interfaces/crs_ros2_interfaces
-- Up-to-date: /home/zenyn/Executive-Overlord/src/install/crs_ros2_interfaces/include/crs_ros2_interfaces/crs_ros2_interfaces/msg
-- Up-to-date: /home/zenyn/Executive-Overlord/src/install/crs_ros2_interfaces/include/crs_ros2_interfaces/crs_ros2_interfaces/msg/rosidl_generator_c__visibility_control.h
-- Up-to-date: /home/zenyn/Executive-Overlord/src/install/crs_ros2_interfaces/include/crs_ros2_interfaces/crs_ros2_interfaces/msg/detail
-- Installing: /home/zenyn/Executive-Overlord/src/install/crs_ros2_interfaces/include/crs_ros2_interfaces/crs_ros2_interfaces/msg/detail/pwm_cmd__type_support.c
-- Installing: /home/zenyn/Executive-Overlord/src/install/crs_ros2_interfaces/include/crs_ros2_interfaces/crs_ros2_interfaces/msg/detail/pwm_cmd__functions.h
-- Installing: /home/zenyn/Executive-Overlord/src/install/crs_ros2_interfaces/include/crs_ros2_interfaces/crs_ros2_interfaces/msg/detail/pwm_cmd__description.c
-- Installing: /home/zenyn/Executive-Overlord/src/install/crs_ros2_interfaces/include/crs_ros2_interfaces/crs_ros2_interfaces/msg/detail/pwm_cmd__functions.c
-- Installing: /home/zenyn/Executive-Overlord/src/install/crs_ros2_interfaces/include/crs_ros2_interfaces/crs_ros2_interfaces/msg/detail/pwm_cmd__struct.h
-- Installing: /home/zenyn/Executive-Overlord/src/install/crs_ros2_interfaces/include/crs_ros2_interfaces/crs_ros2_interfaces/msg/detail/pwm_cmd__type_support.h
-- Installing: /home/zenyn/Executive-Overlord/src/install/crs_ros2_interfaces/include/crs_ros2_interfaces/crs_ros2_interfaces/msg/pwm_cmd.h
-- Up-to-date: /home/zenyn/Executive-Overlord/src/install/crs_ros2_interfaces/share/crs_ros2_interfaces/environment/library_path.sh
-- Up-to-date: /home/zenyn/Executive-Overlord/src/install/crs_ros2_interfaces/share/crs_ros2_interfaces/environment/library_path.dsv
-- Installing: /home/zenyn/Executive-Overlord/src/install/crs_ros2_interfaces/lib/libcrs_ros2_interfaces__rosidl_generator_c.so
-- Set non-toolchain portion of runtime path of "/home/zenyn/Executive-Overlord/src/install/crs_ros2_interfaces/lib/libcrs_ros2_interfaces__rosidl_generator_c.so" to ""
-- Up-to-date: /home/zenyn/Executive-Overlord/src/install/crs_ros2_interfaces/include/crs_ros2_interfaces/crs_ros2_interfaces
-- Up-to-date: /home/zenyn/Executive-Overlord/src/install/crs_ros2_interfaces/include/crs_ros2_interfaces/crs_ros2_interfaces/msg
-- Up-to-date: /home/zenyn/Executive-Overlord/src/install/crs_ros2_interfaces/include/crs_ros2_interfaces/crs_ros2_interfaces/msg/rosidl_typesupport_fastrtps_c__visibility_control.h
-- Up-to-date: /home/zenyn/Executive-Overlord/src/install/crs_ros2_interfaces/include/crs_ros2_interfaces/crs_ros2_interfaces/msg/detail
-- Installing: /home/zenyn/Executive-Overlord/src/install/crs_ros2_interfaces/include/crs_ros2_interfaces/crs_ros2_interfaces/msg/detail/pwm_cmd__rosidl_typesupport_fastrtps_c.h
-- Installing: /home/zenyn/Executive-Overlord/src/install/crs_ros2_interfaces/lib/libcrs_ros2_interfaces__rosidl_typesupport_fastrtps_c.so
-- Set non-toolchain portion of runtime path of "/home/zenyn/Executive-Overlord/src/install/crs_ros2_interfaces/lib/libcrs_ros2_interfaces__rosidl_typesupport_fastrtps_c.so" to ""
-- Up-to-date: /home/zenyn/Executive-Overlord/src/install/crs_ros2_interfaces/include/crs_ros2_interfaces/crs_ros2_interfaces
-- Up-to-date: /home/zenyn/Executive-Overlord/src/install/crs_ros2_interfaces/include/crs_ros2_interfaces/crs_ros2_interfaces/msg
-- Up-to-date: /home/zenyn/Executive-Overlord/src/install/crs_ros2_interfaces/include/crs_ros2_interfaces/crs_ros2_interfaces/msg/rosidl_typesupport_introspection_c__visibility_control.h
-- Up-to-date: /home/zenyn/Executive-Overlord/src/install/crs_ros2_interfaces/include/crs_ros2_interfaces/crs_ros2_interfaces/msg/detail
-- Up-to-date: /home/zenyn/Executive-Overlord/src/install/crs_ros2_interfaces/include/crs_ros2_interfaces/crs_ros2_interfaces/msg/detail/pwm_cmd__type_support.c
-- Installing: /home/zenyn/Executive-Overlord/src/install/crs_ros2_interfaces/include/crs_ros2_interfaces/crs_ros2_interfaces/msg/detail/pwm_cmd__rosidl_typesupport_introspection_c.h
-- Installing: /home/zenyn/Executive-Overlord/src/install/crs_ros2_interfaces/lib/libcrs_ros2_interfaces__rosidl_typesupport_introspection_c.so
-- Set non-toolchain portion of runtime path of "/home/zenyn/Executive-Overlord/src/install/crs_ros2_interfaces/lib/libcrs_ros2_interfaces__rosidl_typesupport_introspection_c.so" to ""
-- Installing: /home/zenyn/Executive-Overlord/src/install/crs_ros2_interfaces/lib/libcrs_ros2_interfaces__rosidl_typesupport_c.so
-- Set non-toolchain portion of runtime path of "/home/zenyn/Executive-Overlord/src/install/crs_ros2_interfaces/lib/libcrs_ros2_interfaces__rosidl_typesupport_c.so" to ""
-- Up-to-date: /home/zenyn/Executive-Overlord/src/install/crs_ros2_interfaces/include/crs_ros2_interfaces/crs_ros2_interfaces
-- Up-to-date: /home/zenyn/Executive-Overlord/src/install/crs_ros2_interfaces/include/crs_ros2_interfaces/crs_ros2_interfaces/msg
-- Installing: /home/zenyn/Executive-Overlord/src/install/crs_ros2_interfaces/include/crs_ros2_interfaces/crs_ros2_interfaces/msg/rosidl_generator_cpp__visibility_control.hpp
-- Up-to-date: /home/zenyn/Executive-Overlord/src/install/crs_ros2_interfaces/include/crs_ros2_interfaces/crs_ros2_interfaces/msg/detail
-- Installing: /home/zenyn/Executive-Overlord/src/install/crs_ros2_interfaces/include/crs_ros2_interfaces/crs_ros2_interfaces/msg/detail/pwm_cmd__traits.hpp
-- Installing: /home/zenyn/Executive-Overlord/src/install/crs_ros2_interfaces/include/crs_ros2_interfaces/crs_ros2_interfaces/msg/detail/pwm_cmd__type_support.hpp
-- Installing: /home/zenyn/Executive-Overlord/src/install/crs_ros2_interfaces/include/crs_ros2_interfaces/crs_ros2_interfaces/msg/detail/pwm_cmd__builder.hpp
-- Installing: /home/zenyn/Executive-Overlord/src/install/crs_ros2_interfaces/include/crs_ros2_interfaces/crs_ros2_interfaces/msg/detail/pwm_cmd__struct.hpp
-- Installing: /home/zenyn/Executive-Overlord/src/install/crs_ros2_interfaces/include/crs_ros2_interfaces/crs_ros2_interfaces/msg/pwm_cmd.hpp
-- Up-to-date: /home/zenyn/Executive-Overlord/src/install/crs_ros2_interfaces/include/crs_ros2_interfaces/crs_ros2_interfaces
-- Up-to-date: /home/zenyn/Executive-Overlord/src/install/crs_ros2_interfaces/include/crs_ros2_interfaces/crs_ros2_interfaces/msg
-- Up-to-date: /home/zenyn/Executive-Overlord/src/install/crs_ros2_interfaces/include/crs_ros2_interfaces/crs_ros2_interfaces/msg/rosidl_typesupport_fastrtps_cpp__visibility_control.h
-- Up-to-date: /home/zenyn/Executive-Overlord/src/install/crs_ros2_interfaces/include/crs_ros2_interfaces/crs_ros2_interfaces/msg/detail
-- Up-to-date: /home/zenyn/Executive-Overlord/src/install/crs_ros2_interfaces/include/crs_ros2_interfaces/crs_ros2_interfaces/msg/detail/dds_fastrtps
-- Installing: /home/zenyn/Executive-Overlord/src/install/crs_ros2_interfaces/include/crs_ros2_interfaces/crs_ros2_interfaces/msg/detail/pwm_cmd__rosidl_typesupport_fastrtps_cpp.hpp
-- Installing: /home/zenyn/Executive-Overlord/src/install/crs_ros2_interfaces/lib/libcrs_ros2_interfaces__rosidl_typesupport_fastrtps_cpp.so
-- Set non-toolchain portion of runtime path of "/home/zenyn/Executive-Overlord/src/install/crs_ros2_interfaces/lib/libcrs_ros2_interfaces__rosidl_typesupport_fastrtps_cpp.so" to ""
-- Up-to-date: /home/zenyn/Executive-Overlord/src/install/crs_ros2_interfaces/include/crs_ros2_interfaces/crs_ros2_interfaces
-- Up-to-date: /home/zenyn/Executive-Overlord/src/install/crs_ros2_interfaces/include/crs_ros2_interfaces/crs_ros2_interfaces/msg
-- Up-to-date: /home/zenyn/Executive-Overlord/src/install/crs_ros2_interfaces/include/crs_ros2_interfaces/crs_ros2_interfaces/msg/detail
-- Installing: /home/zenyn/Executive-Overlord/src/install/crs_ros2_interfaces/include/crs_ros2_interfaces/crs_ros2_interfaces/msg/detail/pwm_cmd__rosidl_typesupport_introspection_cpp.hpp
-- Installing: /home/zenyn/Executive-Overlord/src/install/crs_ros2_interfaces/include/crs_ros2_interfaces/crs_ros2_interfaces/msg/detail/pwm_cmd__type_support.cpp
-- Installing: /home/zenyn/Executive-Overlord/src/install/crs_ros2_interfaces/lib/libcrs_ros2_interfaces__rosidl_typesupport_introspection_cpp.so
-- Set non-toolchain portion of runtime path of "/home/zenyn/Executive-Overlord/src/install/crs_ros2_interfaces/lib/libcrs_ros2_interfaces__rosidl_typesupport_introspection_cpp.so" to ""
-- Installing: /home/zenyn/Executive-Overlord/src/install/crs_ros2_interfaces/lib/libcrs_ros2_interfaces__rosidl_typesupport_cpp.so
-- Set non-toolchain portion of runtime path of "/home/zenyn/Executive-Overlord/src/install/crs_ros2_interfaces/lib/libcrs_ros2_interfaces__rosidl_typesupport_cpp.so" to ""
-- Up-to-date: /home/zenyn/Executive-Overlord/src/install/crs_ros2_interfaces/share/crs_ros2_interfaces/environment/pythonpath.sh
-- Up-to-date: /home/zenyn/Executive-Overlord/src/install/crs_ros2_interfaces/share/crs_ros2_interfaces/environment/pythonpath.dsv
-- Up-to-date: /home/zenyn/Executive-Overlord/src/install/crs_ros2_interfaces/lib/python3.12/site-packages/crs_ros2_interfaces-0.0.0-py3.12.egg-info
-- Installing: /home/zenyn/Executive-Overlord/src/install/crs_ros2_interfaces/lib/python3.12/site-packages/crs_ros2_interfaces-0.0.0-py3.12.egg-info/top_level.txt
-- Installing: /home/zenyn/Executive-Overlord/src/install/crs_ros2_interfaces/lib/python3.12/site-packages/crs_ros2_interfaces-0.0.0-py3.12.egg-info/PKG-INFO
-- Installing: /home/zenyn/Executive-Overlord/src/install/crs_ros2_interfaces/lib/python3.12/site-packages/crs_ros2_interfaces-0.0.0-py3.12.egg-info/dependency_links.txt
-- Installing: /home/zenyn/Executive-Overlord/src/install/crs_ros2_interfaces/lib/python3.12/site-packages/crs_ros2_interfaces-0.0.0-py3.12.egg-info/SOURCES.txt
-- Up-to-date: /home/zenyn/Executive-Overlord/src/install/crs_ros2_interfaces/lib/python3.12/site-packages/crs_ros2_interfaces
-- Installing: /home/zenyn/Executive-Overlord/src/install/crs_ros2_interfaces/lib/python3.12/site-packages/crs_ros2_interfaces/crs_ros2_interfaces_s__rosidl_typesupport_introspection_c.so
-- Installing: /home/zenyn/Executive-Overlord/src/install/crs_ros2_interfaces/lib/python3.12/site-packages/crs_ros2_interfaces/__init__.py
-- Up-to-date: /home/zenyn/Executive-Overlord/src/install/crs_ros2_interfaces/lib/python3.12/site-packages/crs_ros2_interfaces/msg
-- Installing: /home/zenyn/Executive-Overlord/src/install/crs_ros2_interfaces/lib/python3.12/site-packages/crs_ros2_interfaces/msg/__init__.py
-- Installing: /home/zenyn/Executive-Overlord/src/install/crs_ros2_interfaces/lib/python3.12/site-packages/crs_ros2_interfaces/msg/_pwm_cmd.py
-- Installing: /home/zenyn/Executive-Overlord/src/install/crs_ros2_interfaces/lib/python3.12/site-packages/crs_ros2_interfaces/msg/_pwm_cmd_s.c
-- Installing: /home/zenyn/Executive-Overlord/src/install/crs_ros2_interfaces/lib/python3.12/site-packages/crs_ros2_interfaces/_crs_ros2_interfaces_s.ep.rosidl_typesupport_fastrtps_c.c
-- Installing: /home/zenyn/Executive-Overlord/src/install/crs_ros2_interfaces/lib/python3.12/site-packages/crs_ros2_interfaces/_crs_ros2_interfaces_s.ep.rosidl_typesupport_c.c
-- Installing: /home/zenyn/Executive-Overlord/src/install/crs_ros2_interfaces/lib/python3.12/site-packages/crs_ros2_interfaces/_crs_ros2_interfaces_s.ep.rosidl_typesupport_introspection_c.c
-- Installing: /home/zenyn/Executive-Overlord/src/install/crs_ros2_interfaces/lib/python3.12/site-packages/crs_ros2_interfaces/crs_ros2_interfaces_s__rosidl_typesupport_fastrtps_c.so
-- Installing: /home/zenyn/Executive-Overlord/src/install/crs_ros2_interfaces/lib/python3.12/site-packages/crs_ros2_interfaces/crs_ros2_interfaces_s__rosidl_typesupport_c.so
Listing '/home/zenyn/Executive-Overlord/src/install/crs_ros2_interfaces/lib/python3.12/site-packages/crs_ros2_interfaces'...
Compiling '/home/zenyn/Executive-Overlord/src/install/crs_ros2_interfaces/lib/python3.12/site-packages/crs_ros2_interfaces/__init__.py'...
Listing '/home/zenyn/Executive-Overlord/src/install/crs_ros2_interfaces/lib/python3.12/site-packages/crs_ros2_interfaces/msg'...
Compiling '/home/zenyn/Executive-Overlord/src/install/crs_ros2_interfaces/lib/python3.12/site-packages/crs_ros2_interfaces/msg/__init__.py'...
Compiling '/home/zenyn/Executive-Overlord/src/install/crs_ros2_interfaces/lib/python3.12/site-packages/crs_ros2_interfaces/msg/_pwm_cmd.py'...
-- Installing: /home/zenyn/Executive-Overlord/src/install/crs_ros2_interfaces/lib/python3.12/site-packages/crs_ros2_interfaces/crs_ros2_interfaces_s__rosidl_typesupport_fastrtps_c.so
-- Set non-toolchain portion of runtime path of "/home/zenyn/Executive-Overlord/src/install/crs_ros2_interfaces/lib/python3.12/site-packages/crs_ros2_interfaces/crs_ros2_interfaces_s__rosidl_typesupport_fastrtps_c.so" to ""
-- Installing: /home/zenyn/Executive-Overlord/src/install/crs_ros2_interfaces/lib/python3.12/site-packages/crs_ros2_interfaces/crs_ros2_interfaces_s__rosidl_typesupport_introspection_c.so
-- Set non-toolchain portion of runtime path of "/home/zenyn/Executive-Overlord/src/install/crs_ros2_interfaces/lib/python3.12/site-packages/crs_ros2_interfaces/crs_ros2_interfaces_s__rosidl_typesupport_introspection_c.so" to ""
-- Installing: /home/zenyn/Executive-Overlord/src/install/crs_ros2_interfaces/lib/python3.12/site-packages/crs_ros2_interfaces/crs_ros2_interfaces_s__rosidl_typesupport_c.so
-- Set non-toolchain portion of runtime path of "/home/zenyn/Executive-Overlord/src/install/crs_ros2_interfaces/lib/python3.12/site-packages/crs_ros2_interfaces/crs_ros2_interfaces_s__rosidl_typesupport_c.so" to ""
-- Installing: /home/zenyn/Executive-Overlord/src/install/crs_ros2_interfaces/lib/libcrs_ros2_interfaces__rosidl_generator_py.so
-- Set non-toolchain portion of runtime path of "/home/zenyn/Executive-Overlord/src/install/crs_ros2_interfaces/lib/libcrs_ros2_interfaces__rosidl_generator_py.so" to ""
-- Installing: /home/zenyn/Executive-Overlord/src/install/crs_ros2_interfaces/share/crs_ros2_interfaces/msg/PwmCmd.idl
-- Installing: /home/zenyn/Executive-Overlord/src/install/crs_ros2_interfaces/share/crs_ros2_interfaces/msg/PwmCmd.msg
-- Installing: /home/zenyn/Executive-Overlord/src/install/crs_ros2_interfaces/lib/crs_ros2_interfaces/publish_pwm_cmd
-- Set non-toolchain portion of runtime path of "/home/zenyn/Executive-Overlord/src/install/crs_ros2_interfaces/lib/crs_ros2_interfaces/publish_pwm_cmd" to ""
-- Up-to-date: /home/zenyn/Executive-Overlord/src/install/crs_ros2_interfaces/share/ament_index/resource_index/package_run_dependencies/crs_ros2_interfaces
-- Installing: /home/zenyn/Executive-Overlord/src/install/crs_ros2_interfaces/share/ament_index/resource_index/parent_prefix_path/crs_ros2_interfaces
-- Up-to-date: /home/zenyn/Executive-Overlord/src/install/crs_ros2_interfaces/share/crs_ros2_interfaces/environment/ament_prefix_path.sh
-- Up-to-date: /home/zenyn/Executive-Overlord/src/install/crs_ros2_interfaces/share/crs_ros2_interfaces/environment/ament_prefix_path.dsv
-- Up-to-date: /home/zenyn/Executive-Overlord/src/install/crs_ros2_interfaces/share/crs_ros2_interfaces/environment/path.sh
-- Up-to-date: /home/zenyn/Executive-Overlord/src/install/crs_ros2_interfaces/share/crs_ros2_interfaces/environment/path.dsv
-- Up-to-date: /home/zenyn/Executive-Overlord/src/install/crs_ros2_interfaces/share/crs_ros2_interfaces/local_setup.bash
-- Up-to-date: /home/zenyn/Executive-Overlord/src/install/crs_ros2_interfaces/share/crs_ros2_interfaces/local_setup.sh
-- Up-to-date: /home/zenyn/Executive-Overlord/src/install/crs_ros2_interfaces/share/crs_ros2_interfaces/local_setup.zsh
-- Up-to-date: /home/zenyn/Executive-Overlord/src/install/crs_ros2_interfaces/share/crs_ros2_interfaces/local_setup.dsv
-- Installing: /home/zenyn/Executive-Overlord/src/install/crs_ros2_interfaces/share/crs_ros2_interfaces/package.dsv
-- Up-to-date: /home/zenyn/Executive-Overlord/src/install/crs_ros2_interfaces/share/ament_index/resource_index/packages/crs_ros2_interfaces
-- Up-to-date: /home/zenyn/Executive-Overlord/src/install/crs_ros2_interfaces/share/crs_ros2_interfaces/cmake/export_crs_ros2_interfaces__rosidl_generator_cExport.cmake
-- Up-to-date: /home/zenyn/Executive-Overlord/src/install/crs_ros2_interfaces/share/crs_ros2_interfaces/cmake/export_crs_ros2_interfaces__rosidl_generator_cExport-noconfig.cmake
-- Up-to-date: /home/zenyn/Executive-Overlord/src/install/crs_ros2_interfaces/share/crs_ros2_interfaces/cmake/export_crs_ros2_interfaces__rosidl_typesupport_fastrtps_cExport.cmake
-- Up-to-date: /home/zenyn/Executive-Overlord/src/install/crs_ros2_interfaces/share/crs_ros2_interfaces/cmake/export_crs_ros2_interfaces__rosidl_typesupport_fastrtps_cExport-noconfig.cmake
-- Up-to-date: /home/zenyn/Executive-Overlord/src/install/crs_ros2_interfaces/share/crs_ros2_interfaces/cmake/crs_ros2_interfaces__rosidl_typesupport_introspection_cExport.cmake
-- Up-to-date: /home/zenyn/Executive-Overlord/src/install/crs_ros2_interfaces/share/crs_ros2_interfaces/cmake/crs_ros2_interfaces__rosidl_typesupport_introspection_cExport-noconfig.cmake
-- Up-to-date: /home/zenyn/Executive-Overlord/src/install/crs_ros2_interfaces/share/crs_ros2_interfaces/cmake/crs_ros2_interfaces__rosidl_typesupport_cExport.cmake
-- Up-to-date: /home/zenyn/Executive-Overlord/src/install/crs_ros2_interfaces/share/crs_ros2_interfaces/cmake/crs_ros2_interfaces__rosidl_typesupport_cExport-noconfig.cmake
-- Up-to-date: /home/zenyn/Executive-Overlord/src/install/crs_ros2_interfaces/share/crs_ros2_interfaces/cmake/export_crs_ros2_interfaces__rosidl_generator_cppExport.cmake
-- Up-to-date: /home/zenyn/Executive-Overlord/src/install/crs_ros2_interfaces/share/crs_ros2_interfaces/cmake/export_crs_ros2_interfaces__rosidl_typesupport_fastrtps_cppExport.cmake
-- Up-to-date: /home/zenyn/Executive-Overlord/src/install/crs_ros2_interfaces/share/crs_ros2_interfaces/cmake/export_crs_ros2_interfaces__rosidl_typesupport_fastrtps_cppExport-noconfig.cmake
-- Up-to-date: /home/zenyn/Executive-Overlord/src/install/crs_ros2_interfaces/share/crs_ros2_interfaces/cmake/crs_ros2_interfaces__rosidl_typesupport_introspection_cppExport.cmake
-- Up-to-date: /home/zenyn/Executive-Overlord/src/install/crs_ros2_interfaces/share/crs_ros2_interfaces/cmake/crs_ros2_interfaces__rosidl_typesupport_introspection_cppExport-noconfig.cmake
-- Up-to-date: /home/zenyn/Executive-Overlord/src/install/crs_ros2_interfaces/share/crs_ros2_interfaces/cmake/crs_ros2_interfaces__rosidl_typesupport_cppExport.cmake
-- Up-to-date: /home/zenyn/Executive-Overlord/src/install/crs_ros2_interfaces/share/crs_ros2_interfaces/cmake/crs_ros2_interfaces__rosidl_typesupport_cppExport-noconfig.cmake
-- Up-to-date: /home/zenyn/Executive-Overlord/src/install/crs_ros2_interfaces/share/crs_ros2_interfaces/cmake/export_crs_ros2_interfaces__rosidl_generator_pyExport.cmake
-- Up-to-date: /home/zenyn/Executive-Overlord/src/install/crs_ros2_interfaces/share/crs_ros2_interfaces/cmake/export_crs_ros2_interfaces__rosidl_generator_pyExport-noconfig.cmake
-- Up-to-date: /home/zenyn/Executive-Overlord/src/install/crs_ros2_interfaces/share/crs_ros2_interfaces/cmake/rosidl_cmake-extras.cmake
-- Up-to-date: /home/zenyn/Executive-Overlord/src/install/crs_ros2_interfaces/share/crs_ros2_interfaces/cmake/ament_cmake_export_include_directories-extras.cmake
-- Up-to-date: /home/zenyn/Executive-Overlord/src/install/crs_ros2_interfaces/share/crs_ros2_interfaces/cmake/ament_cmake_export_libraries-extras.cmake
-- Up-to-date: /home/zenyn/Executive-Overlord/src/install/crs_ros2_interfaces/share/crs_ros2_interfaces/cmake/ament_cmake_export_targets-extras.cmake
-- Up-to-date: /home/zenyn/Executive-Overlord/src/install/crs_ros2_interfaces/share/crs_ros2_interfaces/cmake/rosidl_cmake_export_typesupport_targets-extras.cmake
-- Up-to-date: /home/zenyn/Executive-Overlord/src/install/crs_ros2_interfaces/share/crs_ros2_interfaces/cmake/ament_cmake_export_dependencies-extras.cmake
-- Up-to-date: /home/zenyn/Executive-Overlord/src/install/crs_ros2_interfaces/share/crs_ros2_interfaces/cmake/rosidl_cmake_export_typesupport_libraries-extras.cmake
-- Up-to-date: /home/zenyn/Executive-Overlord/src/install/crs_ros2_interfaces/share/crs_ros2_interfaces/cmake/crs_ros2_interfacesConfig.cmake
-- Up-to-date: /home/zenyn/Executive-Overlord/src/install/crs_ros2_interfaces/share/crs_ros2_interfaces/cmake/crs_ros2_interfacesConfig-version.cmake
-- Up-to-date: /home/zenyn/Executive-Overlord/src/install/crs_ros2_interfaces/share/crs_ros2_interfaces/package.xml
