[0.013s] Invoking command in '/home/zenyn/Executive-Overlord/src/build/crs_ros2_interfaces': CMAKE_PREFIX_PATH=${CMAKE_PREFIX_PATH}:/opt/ros/jazzy /usr/bin/cmake --build /home/zenyn/Executive-Overlord/src/build/crs_ros2_interfaces -- -j12 -l12
[0.057s] -- Found ament_cmake: 2.5.3 (/opt/ros/jazzy/share/ament_cmake/cmake)
[0.076s] -- Found Python3: /usr/bin/python3 (found version "3.12.3") found components: Interpreter 
[0.143s] -- Found rosidl_default_generators: 1.6.0 (/opt/ros/jazzy/share/rosidl_default_generators/cmake)
[0.146s] -- Using all available rosidl_typesupport_c: rosidl_typesupport_fastrtps_c;rosidl_typesupport_introspection_c
[0.172s] -- Using all available rosidl_typesupport_cpp: rosidl_typesupport_fastrtps_cpp;rosidl_typesupport_introspection_cpp
[0.192s] -- Found rosidl_adapter: 4.6.5 (/opt/ros/jazzy/share/rosidl_adapter/cmake)
[0.194s] -- Found rclcpp: 28.1.8 (/opt/ros/jazzy/share/rclcpp/cmake)
[0.240s] -- Found rmw_implementation_cmake: 7.3.2 (/opt/ros/jazzy/share/rmw_implementation_cmake/cmake)
[0.241s] -- Found rmw_fastrtps_cpp: 8.4.2 (/opt/ros/jazzy/share/rmw_fastrtps_cpp/cmake)
[0.295s] -- Using RMW implementation 'rmw_fastrtps_cpp' as default
[0.537s] -- Found ament_cmake_ros: 0.12.0 (/opt/ros/jazzy/share/ament_cmake_ros/cmake)
[0.614s] -- Using all available rosidl_typesupport_c: rosidl_typesupport_fastrtps_c;rosidl_typesupport_introspection_c
[0.731s] -- Using all available rosidl_typesupport_cpp: rosidl_typesupport_fastrtps_cpp;rosidl_typesupport_introspection_cpp
[0.733s] -- Found python_cmake_module: 0.11.1 (/opt/ros/jazzy/share/python_cmake_module/cmake)
[0.990s] -- Found Python3: /usr/bin/python3 (found version "3.12.3") found components: Interpreter Development NumPy Development.Module Development.Embed 
[0.999s] -- Found ament_lint_auto: 0.17.2 (/opt/ros/jazzy/share/ament_lint_auto/cmake)
[1.006s] -- Added test 'cppcheck' to perform static code analysis on C / C++ code
[1.006s] -- Configured cppcheck include dirs: 
[1.006s] -- Configured cppcheck exclude dirs and/or files: 
[1.006s] -- Added test 'lint_cmake' to check CMake code style
[1.007s] -- Added test 'uncrustify' to check C / C++ code style
[1.007s] -- Configured uncrustify additional arguments: 
[1.007s] -- Added test 'xmllint' to check XML markup files
[1.009s] -- Configuring done (1.0s)
[1.045s] -- Generating done (0.0s)
[1.053s] -- Build files have been written to: /home/zenyn/Executive-Overlord/src/build/crs_ros2_interfaces
[1.085s] [  2%] [34m[1mGenerating type hashes for ROS interfaces[0m
[1.098s] [  2%] Built target ament_cmake_python_copy_crs_ros2_interfaces
[1.256s] running egg_info
[1.258s] [  2%] Built target crs_ros2_interfaces__rosidl_generator_type_description
[1.269s] writing crs_ros2_interfaces.egg-info/PKG-INFO
[1.269s] writing dependency_links to crs_ros2_interfaces.egg-info/dependency_links.txt
[1.269s] writing top-level names to crs_ros2_interfaces.egg-info/top_level.txt
[1.270s] [  5%] [34m[1mGenerating C code for ROS interfaces[0m
[1.282s] [  8%] [34m[1mGenerating C++ code for ROS interfaces[0m
[1.305s] reading manifest file 'crs_ros2_interfaces.egg-info/SOURCES.txt'
[1.306s] writing manifest file 'crs_ros2_interfaces.egg-info/SOURCES.txt'
[1.333s] [  8%] Built target ament_cmake_python_build_crs_ros2_interfaces_egg
[1.476s] [  8%] Built target crs_ros2_interfaces__cpp
[1.517s] [ 11%] [32mBuilding C object CMakeFiles/crs_ros2_interfaces__rosidl_generator_c.dir/rosidl_generator_c/crs_ros2_interfaces/msg/detail/pwm_cmd__type_support.c.o[0m
[1.520s] [ 13%] [32mBuilding C object CMakeFiles/crs_ros2_interfaces__rosidl_generator_c.dir/rosidl_generator_c/crs_ros2_interfaces/msg/detail/pwm_cmd__functions.c.o[0m
[1.520s] [ 16%] [32mBuilding C object CMakeFiles/crs_ros2_interfaces__rosidl_generator_c.dir/rosidl_generator_c/crs_ros2_interfaces/msg/detail/pwm_cmd__description.c.o[0m
[1.575s] [ 19%] [32m[1mLinking C shared library libcrs_ros2_interfaces__rosidl_generator_c.so[0m
[1.618s] [ 19%] Built target crs_ros2_interfaces__rosidl_generator_c
[1.633s] [ 22%] [34m[1mGenerating C++ introspection for ROS interfaces[0m
[1.634s] [ 25%] [34m[1mGenerating C introspection for ROS interfaces[0m
[1.635s] [ 27%] [34m[1mGenerating C++ type support dispatch for ROS interfaces[0m
[1.635s] [ 30%] [34m[1mGenerating C type support for eProsima Fast-RTPS[0m
[1.636s] [ 36%] [34m[1mGenerating C type support dispatch for ROS interfaces[0m
[1.636s] [ 36%] [34m[1mGenerating C++ type support for eProsima Fast-RTPS[0m
[1.877s] [ 38%] [32mBuilding CXX object CMakeFiles/crs_ros2_interfaces__rosidl_typesupport_cpp.dir/rosidl_typesupport_cpp/crs_ros2_interfaces/msg/pwm_cmd__type_support.cpp.o[0m
[1.886s] [ 41%] [32mBuilding C object CMakeFiles/crs_ros2_interfaces__rosidl_typesupport_introspection_c.dir/rosidl_typesupport_introspection_c/crs_ros2_interfaces/msg/detail/pwm_cmd__type_support.c.o[0m
[1.928s] [ 44%] [32m[1mLinking C shared library libcrs_ros2_interfaces__rosidl_typesupport_introspection_c.so[0m
[1.934s] [ 47%] [32mBuilding CXX object CMakeFiles/crs_ros2_interfaces__rosidl_typesupport_fastrtps_cpp.dir/rosidl_typesupport_fastrtps_cpp/crs_ros2_interfaces/msg/detail/dds_fastrtps/pwm_cmd__type_support.cpp.o[0m
[1.965s] [ 47%] Built target crs_ros2_interfaces__rosidl_typesupport_introspection_c
[2.007s] [ 50%] [32mBuilding CXX object CMakeFiles/crs_ros2_interfaces__rosidl_typesupport_c.dir/rosidl_typesupport_c/crs_ros2_interfaces/msg/pwm_cmd__type_support.cpp.o[0m
[2.007s] [ 52%] [32mBuilding CXX object CMakeFiles/crs_ros2_interfaces__rosidl_typesupport_fastrtps_c.dir/rosidl_typesupport_fastrtps_c/crs_ros2_interfaces/msg/detail/pwm_cmd__type_support_c.cpp.o[0m
[2.015s] [ 55%] [32mBuilding CXX object CMakeFiles/crs_ros2_interfaces__rosidl_typesupport_introspection_cpp.dir/rosidl_typesupport_introspection_cpp/crs_ros2_interfaces/msg/detail/pwm_cmd__type_support.cpp.o[0m
[2.053s] [ 58%] [32m[1mLinking CXX shared library libcrs_ros2_interfaces__rosidl_typesupport_c.so[0m
[2.077s] [ 61%] [32m[1mLinking CXX shared library libcrs_ros2_interfaces__rosidl_typesupport_cpp.so[0m
[2.094s] [ 61%] Built target crs_ros2_interfaces__rosidl_typesupport_c
[2.115s] [ 61%] Built target crs_ros2_interfaces__rosidl_typesupport_cpp
[2.145s] [ 63%] [32mBuilding CXX object CMakeFiles/publish_pwm_cmd.dir/src/publish_pwm_cmd.cpp.o[0m
[2.233s] [ 66%] [32m[1mLinking CXX shared library libcrs_ros2_interfaces__rosidl_typesupport_introspection_cpp.so[0m
[2.270s] [ 66%] Built target crs_ros2_interfaces__rosidl_typesupport_introspection_cpp
[2.398s] [ 69%] [32m[1mLinking CXX shared library libcrs_ros2_interfaces__rosidl_typesupport_fastrtps_cpp.so[0m
[2.441s] [ 69%] Built target crs_ros2_interfaces__rosidl_typesupport_fastrtps_cpp
[2.523s] [ 72%] [32m[1mLinking CXX shared library libcrs_ros2_interfaces__rosidl_typesupport_fastrtps_c.so[0m
[2.571s] [ 72%] Built target crs_ros2_interfaces__rosidl_typesupport_fastrtps_c
[2.593s] [ 72%] Built target crs_ros2_interfaces
[2.619s] [ 75%] [34m[1mGenerating Python code for ROS interfaces[0m
[2.893s] [ 75%] Built target crs_ros2_interfaces__py
[2.922s] [ 77%] [32mBuilding C object CMakeFiles/crs_ros2_interfaces__rosidl_generator_py.dir/rosidl_generator_py/crs_ros2_interfaces/msg/_pwm_cmd_s.c.o[0m
[3.024s] [ 80%] [32m[1mLinking C shared library libcrs_ros2_interfaces__rosidl_generator_py.so[0m
[3.066s] [ 80%] Built target crs_ros2_interfaces__rosidl_generator_py
[3.089s] [ 83%] [32mBuilding C object CMakeFiles/crs_ros2_interfaces_s__rosidl_typesupport_introspection_c.dir/rosidl_generator_py/crs_ros2_interfaces/_crs_ros2_interfaces_s.ep.rosidl_typesupport_introspection_c.c.o[0m
[3.092s] [ 86%] [32mBuilding C object CMakeFiles/crs_ros2_interfaces_s__rosidl_typesupport_fastrtps_c.dir/rosidl_generator_py/crs_ros2_interfaces/_crs_ros2_interfaces_s.ep.rosidl_typesupport_fastrtps_c.c.o[0m
[3.092s] [ 88%] [32mBuilding C object CMakeFiles/crs_ros2_interfaces_s__rosidl_typesupport_c.dir/rosidl_generator_py/crs_ros2_interfaces/_crs_ros2_interfaces_s.ep.rosidl_typesupport_c.c.o[0m
[3.169s] [ 91%] [32m[1mLinking C shared module rosidl_generator_py/crs_ros2_interfaces/crs_ros2_interfaces_s__rosidl_typesupport_fastrtps_c.so[0m
[3.192s] [ 94%] [32m[1mLinking C shared module rosidl_generator_py/crs_ros2_interfaces/crs_ros2_interfaces_s__rosidl_typesupport_introspection_c.so[0m
[3.207s] [ 94%] Built target crs_ros2_interfaces_s__rosidl_typesupport_fastrtps_c
[3.216s] [ 97%] [32m[1mLinking C shared module rosidl_generator_py/crs_ros2_interfaces/crs_ros2_interfaces_s__rosidl_typesupport_c.so[0m
[3.230s] [ 97%] Built target crs_ros2_interfaces_s__rosidl_typesupport_introspection_c
[3.254s] [ 97%] Built target crs_ros2_interfaces_s__rosidl_typesupport_c
[4.983s] [100%] [32m[1mLinking CXX executable publish_pwm_cmd[0m
[5.097s] [100%] Built target publish_pwm_cmd
[5.107s] Invoked command in '/home/zenyn/Executive-Overlord/src/build/crs_ros2_interfaces' returned '0': CMAKE_PREFIX_PATH=${CMAKE_PREFIX_PATH}:/opt/ros/jazzy /usr/bin/cmake --build /home/zenyn/Executive-Overlord/src/build/crs_ros2_interfaces -- -j12 -l12
[5.118s] Invoking command in '/home/zenyn/Executive-Overlord/src/build/crs_ros2_interfaces': CMAKE_PREFIX_PATH=${CMAKE_PREFIX_PATH}:/opt/ros/jazzy /usr/bin/cmake --install /home/zenyn/Executive-Overlord/src/build/crs_ros2_interfaces
[5.126s] -- Install configuration: ""
[5.126s] -- Up-to-date: /home/zenyn/Executive-Overlord/src/install/crs_ros2_interfaces/share/ament_index/resource_index/rosidl_interfaces/crs_ros2_interfaces
[5.126s] -- Installing: /home/zenyn/Executive-Overlord/src/install/crs_ros2_interfaces/share/crs_ros2_interfaces/msg/PwmCmd.json
[5.126s] -- Up-to-date: /home/zenyn/Executive-Overlord/src/install/crs_ros2_interfaces/include/crs_ros2_interfaces/crs_ros2_interfaces
[5.127s] -- Up-to-date: /home/zenyn/Executive-Overlord/src/install/crs_ros2_interfaces/include/crs_ros2_interfaces/crs_ros2_interfaces/msg
[5.127s] -- Up-to-date: /home/zenyn/Executive-Overlord/src/install/crs_ros2_interfaces/include/crs_ros2_interfaces/crs_ros2_interfaces/msg/rosidl_generator_c__visibility_control.h
[5.127s] -- Up-to-date: /home/zenyn/Executive-Overlord/src/install/crs_ros2_interfaces/include/crs_ros2_interfaces/crs_ros2_interfaces/msg/detail
[5.127s] -- Installing: /home/zenyn/Executive-Overlord/src/install/crs_ros2_interfaces/include/crs_ros2_interfaces/crs_ros2_interfaces/msg/detail/pwm_cmd__type_support.c
[5.127s] -- Installing: /home/zenyn/Executive-Overlord/src/install/crs_ros2_interfaces/include/crs_ros2_interfaces/crs_ros2_interfaces/msg/detail/pwm_cmd__functions.h
[5.127s] -- Installing: /home/zenyn/Executive-Overlord/src/install/crs_ros2_interfaces/include/crs_ros2_interfaces/crs_ros2_interfaces/msg/detail/pwm_cmd__description.c
[5.127s] -- Installing: /home/zenyn/Executive-Overlord/src/install/crs_ros2_interfaces/include/crs_ros2_interfaces/crs_ros2_interfaces/msg/detail/pwm_cmd__functions.c
[5.127s] -- Installing: /home/zenyn/Executive-Overlord/src/install/crs_ros2_interfaces/include/crs_ros2_interfaces/crs_ros2_interfaces/msg/detail/pwm_cmd__struct.h
[5.128s] -- Installing: /home/zenyn/Executive-Overlord/src/install/crs_ros2_interfaces/include/crs_ros2_interfaces/crs_ros2_interfaces/msg/detail/pwm_cmd__type_support.h
[5.128s] -- Installing: /home/zenyn/Executive-Overlord/src/install/crs_ros2_interfaces/include/crs_ros2_interfaces/crs_ros2_interfaces/msg/pwm_cmd.h
[5.128s] -- Up-to-date: /home/zenyn/Executive-Overlord/src/install/crs_ros2_interfaces/share/crs_ros2_interfaces/environment/library_path.sh
[5.128s] -- Up-to-date: /home/zenyn/Executive-Overlord/src/install/crs_ros2_interfaces/share/crs_ros2_interfaces/environment/library_path.dsv
[5.128s] -- Installing: /home/zenyn/Executive-Overlord/src/install/crs_ros2_interfaces/lib/libcrs_ros2_interfaces__rosidl_generator_c.so
[5.128s] -- Set non-toolchain portion of runtime path of "/home/zenyn/Executive-Overlord/src/install/crs_ros2_interfaces/lib/libcrs_ros2_interfaces__rosidl_generator_c.so" to ""
[5.128s] -- Up-to-date: /home/zenyn/Executive-Overlord/src/install/crs_ros2_interfaces/include/crs_ros2_interfaces/crs_ros2_interfaces
[5.128s] -- Up-to-date: /home/zenyn/Executive-Overlord/src/install/crs_ros2_interfaces/include/crs_ros2_interfaces/crs_ros2_interfaces/msg
[5.129s] -- Up-to-date: /home/zenyn/Executive-Overlord/src/install/crs_ros2_interfaces/include/crs_ros2_interfaces/crs_ros2_interfaces/msg/rosidl_typesupport_fastrtps_c__visibility_control.h
[5.129s] -- Up-to-date: /home/zenyn/Executive-Overlord/src/install/crs_ros2_interfaces/include/crs_ros2_interfaces/crs_ros2_interfaces/msg/detail
[5.129s] -- Installing: /home/zenyn/Executive-Overlord/src/install/crs_ros2_interfaces/include/crs_ros2_interfaces/crs_ros2_interfaces/msg/detail/pwm_cmd__rosidl_typesupport_fastrtps_c.h
[5.129s] -- Installing: /home/zenyn/Executive-Overlord/src/install/crs_ros2_interfaces/lib/libcrs_ros2_interfaces__rosidl_typesupport_fastrtps_c.so
[5.129s] -- Set non-toolchain portion of runtime path of "/home/zenyn/Executive-Overlord/src/install/crs_ros2_interfaces/lib/libcrs_ros2_interfaces__rosidl_typesupport_fastrtps_c.so" to ""
[5.129s] -- Up-to-date: /home/zenyn/Executive-Overlord/src/install/crs_ros2_interfaces/include/crs_ros2_interfaces/crs_ros2_interfaces
[5.129s] -- Up-to-date: /home/zenyn/Executive-Overlord/src/install/crs_ros2_interfaces/include/crs_ros2_interfaces/crs_ros2_interfaces/msg
[5.129s] -- Up-to-date: /home/zenyn/Executive-Overlord/src/install/crs_ros2_interfaces/include/crs_ros2_interfaces/crs_ros2_interfaces/msg/rosidl_typesupport_introspection_c__visibility_control.h
[5.129s] -- Up-to-date: /home/zenyn/Executive-Overlord/src/install/crs_ros2_interfaces/include/crs_ros2_interfaces/crs_ros2_interfaces/msg/detail
[5.129s] -- Up-to-date: /home/zenyn/Executive-Overlord/src/install/crs_ros2_interfaces/include/crs_ros2_interfaces/crs_ros2_interfaces/msg/detail/pwm_cmd__type_support.c
[5.130s] -- Installing: /home/zenyn/Executive-Overlord/src/install/crs_ros2_interfaces/include/crs_ros2_interfaces/crs_ros2_interfaces/msg/detail/pwm_cmd__rosidl_typesupport_introspection_c.h
[5.130s] -- Installing: /home/zenyn/Executive-Overlord/src/install/crs_ros2_interfaces/lib/libcrs_ros2_interfaces__rosidl_typesupport_introspection_c.so
[5.130s] -- Set non-toolchain portion of runtime path of "/home/zenyn/Executive-Overlord/src/install/crs_ros2_interfaces/lib/libcrs_ros2_interfaces__rosidl_typesupport_introspection_c.so" to ""
[5.130s] -- Installing: /home/zenyn/Executive-Overlord/src/install/crs_ros2_interfaces/lib/libcrs_ros2_interfaces__rosidl_typesupport_c.so
[5.130s] -- Set non-toolchain portion of runtime path of "/home/zenyn/Executive-Overlord/src/install/crs_ros2_interfaces/lib/libcrs_ros2_interfaces__rosidl_typesupport_c.so" to ""
[5.130s] -- Up-to-date: /home/zenyn/Executive-Overlord/src/install/crs_ros2_interfaces/include/crs_ros2_interfaces/crs_ros2_interfaces
[5.130s] -- Up-to-date: /home/zenyn/Executive-Overlord/src/install/crs_ros2_interfaces/include/crs_ros2_interfaces/crs_ros2_interfaces/msg
[5.130s] -- Installing: /home/zenyn/Executive-Overlord/src/install/crs_ros2_interfaces/include/crs_ros2_interfaces/crs_ros2_interfaces/msg/rosidl_generator_cpp__visibility_control.hpp
[5.130s] -- Up-to-date: /home/zenyn/Executive-Overlord/src/install/crs_ros2_interfaces/include/crs_ros2_interfaces/crs_ros2_interfaces/msg/detail
[5.130s] -- Installing: /home/zenyn/Executive-Overlord/src/install/crs_ros2_interfaces/include/crs_ros2_interfaces/crs_ros2_interfaces/msg/detail/pwm_cmd__traits.hpp
[5.130s] -- Installing: /home/zenyn/Executive-Overlord/src/install/crs_ros2_interfaces/include/crs_ros2_interfaces/crs_ros2_interfaces/msg/detail/pwm_cmd__type_support.hpp
[5.130s] -- Installing: /home/zenyn/Executive-Overlord/src/install/crs_ros2_interfaces/include/crs_ros2_interfaces/crs_ros2_interfaces/msg/detail/pwm_cmd__builder.hpp
[5.130s] -- Installing: /home/zenyn/Executive-Overlord/src/install/crs_ros2_interfaces/include/crs_ros2_interfaces/crs_ros2_interfaces/msg/detail/pwm_cmd__struct.hpp
[5.130s] -- Installing: /home/zenyn/Executive-Overlord/src/install/crs_ros2_interfaces/include/crs_ros2_interfaces/crs_ros2_interfaces/msg/pwm_cmd.hpp
[5.130s] -- Up-to-date: /home/zenyn/Executive-Overlord/src/install/crs_ros2_interfaces/include/crs_ros2_interfaces/crs_ros2_interfaces
[5.130s] -- Up-to-date: /home/zenyn/Executive-Overlord/src/install/crs_ros2_interfaces/include/crs_ros2_interfaces/crs_ros2_interfaces/msg
[5.130s] -- Up-to-date: /home/zenyn/Executive-Overlord/src/install/crs_ros2_interfaces/include/crs_ros2_interfaces/crs_ros2_interfaces/msg/rosidl_typesupport_fastrtps_cpp__visibility_control.h
[5.130s] -- Up-to-date: /home/zenyn/Executive-Overlord/src/install/crs_ros2_interfaces/include/crs_ros2_interfaces/crs_ros2_interfaces/msg/detail
[5.130s] -- Up-to-date: /home/zenyn/Executive-Overlord/src/install/crs_ros2_interfaces/include/crs_ros2_interfaces/crs_ros2_interfaces/msg/detail/dds_fastrtps
[5.130s] -- Installing: /home/zenyn/Executive-Overlord/src/install/crs_ros2_interfaces/include/crs_ros2_interfaces/crs_ros2_interfaces/msg/detail/pwm_cmd__rosidl_typesupport_fastrtps_cpp.hpp
[5.130s] -- Installing: /home/zenyn/Executive-Overlord/src/install/crs_ros2_interfaces/lib/libcrs_ros2_interfaces__rosidl_typesupport_fastrtps_cpp.so
[5.130s] -- Set non-toolchain portion of runtime path of "/home/zenyn/Executive-Overlord/src/install/crs_ros2_interfaces/lib/libcrs_ros2_interfaces__rosidl_typesupport_fastrtps_cpp.so" to ""
[5.130s] -- Up-to-date: /home/zenyn/Executive-Overlord/src/install/crs_ros2_interfaces/include/crs_ros2_interfaces/crs_ros2_interfaces
[5.131s] -- Up-to-date: /home/zenyn/Executive-Overlord/src/install/crs_ros2_interfaces/include/crs_ros2_interfaces/crs_ros2_interfaces/msg
[5.131s] -- Up-to-date: /home/zenyn/Executive-Overlord/src/install/crs_ros2_interfaces/include/crs_ros2_interfaces/crs_ros2_interfaces/msg/detail
[5.131s] -- Installing: /home/zenyn/Executive-Overlord/src/install/crs_ros2_interfaces/include/crs_ros2_interfaces/crs_ros2_interfaces/msg/detail/pwm_cmd__rosidl_typesupport_introspection_cpp.hpp
[5.131s] -- Installing: /home/zenyn/Executive-Overlord/src/install/crs_ros2_interfaces/include/crs_ros2_interfaces/crs_ros2_interfaces/msg/detail/pwm_cmd__type_support.cpp
[5.131s] -- Installing: /home/zenyn/Executive-Overlord/src/install/crs_ros2_interfaces/lib/libcrs_ros2_interfaces__rosidl_typesupport_introspection_cpp.so
[5.131s] -- Set non-toolchain portion of runtime path of "/home/zenyn/Executive-Overlord/src/install/crs_ros2_interfaces/lib/libcrs_ros2_interfaces__rosidl_typesupport_introspection_cpp.so" to ""
[5.131s] -- Installing: /home/zenyn/Executive-Overlord/src/install/crs_ros2_interfaces/lib/libcrs_ros2_interfaces__rosidl_typesupport_cpp.so
[5.131s] -- Set non-toolchain portion of runtime path of "/home/zenyn/Executive-Overlord/src/install/crs_ros2_interfaces/lib/libcrs_ros2_interfaces__rosidl_typesupport_cpp.so" to ""
[5.131s] -- Up-to-date: /home/zenyn/Executive-Overlord/src/install/crs_ros2_interfaces/share/crs_ros2_interfaces/environment/pythonpath.sh
[5.131s] -- Up-to-date: /home/zenyn/Executive-Overlord/src/install/crs_ros2_interfaces/share/crs_ros2_interfaces/environment/pythonpath.dsv
[5.132s] -- Up-to-date: /home/zenyn/Executive-Overlord/src/install/crs_ros2_interfaces/lib/python3.12/site-packages/crs_ros2_interfaces-0.0.0-py3.12.egg-info
[5.132s] -- Installing: /home/zenyn/Executive-Overlord/src/install/crs_ros2_interfaces/lib/python3.12/site-packages/crs_ros2_interfaces-0.0.0-py3.12.egg-info/top_level.txt
[5.132s] -- Installing: /home/zenyn/Executive-Overlord/src/install/crs_ros2_interfaces/lib/python3.12/site-packages/crs_ros2_interfaces-0.0.0-py3.12.egg-info/PKG-INFO
[5.132s] -- Installing: /home/zenyn/Executive-Overlord/src/install/crs_ros2_interfaces/lib/python3.12/site-packages/crs_ros2_interfaces-0.0.0-py3.12.egg-info/dependency_links.txt
[5.132s] -- Installing: /home/zenyn/Executive-Overlord/src/install/crs_ros2_interfaces/lib/python3.12/site-packages/crs_ros2_interfaces-0.0.0-py3.12.egg-info/SOURCES.txt
[5.132s] -- Up-to-date: /home/zenyn/Executive-Overlord/src/install/crs_ros2_interfaces/lib/python3.12/site-packages/crs_ros2_interfaces
[5.132s] -- Installing: /home/zenyn/Executive-Overlord/src/install/crs_ros2_interfaces/lib/python3.12/site-packages/crs_ros2_interfaces/crs_ros2_interfaces_s__rosidl_typesupport_introspection_c.so
[5.132s] -- Installing: /home/zenyn/Executive-Overlord/src/install/crs_ros2_interfaces/lib/python3.12/site-packages/crs_ros2_interfaces/__init__.py
[5.132s] -- Up-to-date: /home/zenyn/Executive-Overlord/src/install/crs_ros2_interfaces/lib/python3.12/site-packages/crs_ros2_interfaces/msg
[5.133s] -- Installing: /home/zenyn/Executive-Overlord/src/install/crs_ros2_interfaces/lib/python3.12/site-packages/crs_ros2_interfaces/msg/__init__.py
[5.133s] -- Installing: /home/zenyn/Executive-Overlord/src/install/crs_ros2_interfaces/lib/python3.12/site-packages/crs_ros2_interfaces/msg/_pwm_cmd.py
[5.133s] -- Installing: /home/zenyn/Executive-Overlord/src/install/crs_ros2_interfaces/lib/python3.12/site-packages/crs_ros2_interfaces/msg/_pwm_cmd_s.c
[5.133s] -- Installing: /home/zenyn/Executive-Overlord/src/install/crs_ros2_interfaces/lib/python3.12/site-packages/crs_ros2_interfaces/_crs_ros2_interfaces_s.ep.rosidl_typesupport_fastrtps_c.c
[5.133s] -- Installing: /home/zenyn/Executive-Overlord/src/install/crs_ros2_interfaces/lib/python3.12/site-packages/crs_ros2_interfaces/_crs_ros2_interfaces_s.ep.rosidl_typesupport_c.c
[5.133s] -- Installing: /home/zenyn/Executive-Overlord/src/install/crs_ros2_interfaces/lib/python3.12/site-packages/crs_ros2_interfaces/_crs_ros2_interfaces_s.ep.rosidl_typesupport_introspection_c.c
[5.133s] -- Installing: /home/zenyn/Executive-Overlord/src/install/crs_ros2_interfaces/lib/python3.12/site-packages/crs_ros2_interfaces/crs_ros2_interfaces_s__rosidl_typesupport_fastrtps_c.so
[5.133s] -- Installing: /home/zenyn/Executive-Overlord/src/install/crs_ros2_interfaces/lib/python3.12/site-packages/crs_ros2_interfaces/crs_ros2_interfaces_s__rosidl_typesupport_c.so
[5.160s] Listing '/home/zenyn/Executive-Overlord/src/install/crs_ros2_interfaces/lib/python3.12/site-packages/crs_ros2_interfaces'...
[5.160s] Compiling '/home/zenyn/Executive-Overlord/src/install/crs_ros2_interfaces/lib/python3.12/site-packages/crs_ros2_interfaces/__init__.py'...
[5.160s] Listing '/home/zenyn/Executive-Overlord/src/install/crs_ros2_interfaces/lib/python3.12/site-packages/crs_ros2_interfaces/msg'...
[5.160s] Compiling '/home/zenyn/Executive-Overlord/src/install/crs_ros2_interfaces/lib/python3.12/site-packages/crs_ros2_interfaces/msg/__init__.py'...
[5.160s] Compiling '/home/zenyn/Executive-Overlord/src/install/crs_ros2_interfaces/lib/python3.12/site-packages/crs_ros2_interfaces/msg/_pwm_cmd.py'...
[5.164s] -- Installing: /home/zenyn/Executive-Overlord/src/install/crs_ros2_interfaces/lib/python3.12/site-packages/crs_ros2_interfaces/crs_ros2_interfaces_s__rosidl_typesupport_fastrtps_c.so
[5.164s] -- Set non-toolchain portion of runtime path of "/home/zenyn/Executive-Overlord/src/install/crs_ros2_interfaces/lib/python3.12/site-packages/crs_ros2_interfaces/crs_ros2_interfaces_s__rosidl_typesupport_fastrtps_c.so" to ""
[5.164s] -- Installing: /home/zenyn/Executive-Overlord/src/install/crs_ros2_interfaces/lib/python3.12/site-packages/crs_ros2_interfaces/crs_ros2_interfaces_s__rosidl_typesupport_introspection_c.so
[5.164s] -- Set non-toolchain portion of runtime path of "/home/zenyn/Executive-Overlord/src/install/crs_ros2_interfaces/lib/python3.12/site-packages/crs_ros2_interfaces/crs_ros2_interfaces_s__rosidl_typesupport_introspection_c.so" to ""
[5.165s] -- Installing: /home/zenyn/Executive-Overlord/src/install/crs_ros2_interfaces/lib/python3.12/site-packages/crs_ros2_interfaces/crs_ros2_interfaces_s__rosidl_typesupport_c.so
[5.165s] -- Set non-toolchain portion of runtime path of "/home/zenyn/Executive-Overlord/src/install/crs_ros2_interfaces/lib/python3.12/site-packages/crs_ros2_interfaces/crs_ros2_interfaces_s__rosidl_typesupport_c.so" to ""
[5.165s] -- Installing: /home/zenyn/Executive-Overlord/src/install/crs_ros2_interfaces/lib/libcrs_ros2_interfaces__rosidl_generator_py.so
[5.165s] -- Set non-toolchain portion of runtime path of "/home/zenyn/Executive-Overlord/src/install/crs_ros2_interfaces/lib/libcrs_ros2_interfaces__rosidl_generator_py.so" to ""
[5.165s] -- Installing: /home/zenyn/Executive-Overlord/src/install/crs_ros2_interfaces/share/crs_ros2_interfaces/msg/PwmCmd.idl
[5.165s] -- Installing: /home/zenyn/Executive-Overlord/src/install/crs_ros2_interfaces/share/crs_ros2_interfaces/msg/PwmCmd.msg
[5.165s] -- Installing: /home/zenyn/Executive-Overlord/src/install/crs_ros2_interfaces/lib/crs_ros2_interfaces/publish_pwm_cmd
[5.166s] -- Set non-toolchain portion of runtime path of "/home/zenyn/Executive-Overlord/src/install/crs_ros2_interfaces/lib/crs_ros2_interfaces/publish_pwm_cmd" to ""
[5.166s] -- Up-to-date: /home/zenyn/Executive-Overlord/src/install/crs_ros2_interfaces/share/ament_index/resource_index/package_run_dependencies/crs_ros2_interfaces
[5.166s] -- Installing: /home/zenyn/Executive-Overlord/src/install/crs_ros2_interfaces/share/ament_index/resource_index/parent_prefix_path/crs_ros2_interfaces
[5.166s] -- Up-to-date: /home/zenyn/Executive-Overlord/src/install/crs_ros2_interfaces/share/crs_ros2_interfaces/environment/ament_prefix_path.sh
[5.167s] -- Up-to-date: /home/zenyn/Executive-Overlord/src/install/crs_ros2_interfaces/share/crs_ros2_interfaces/environment/ament_prefix_path.dsv
[5.167s] -- Up-to-date: /home/zenyn/Executive-Overlord/src/install/crs_ros2_interfaces/share/crs_ros2_interfaces/environment/path.sh
[5.167s] -- Up-to-date: /home/zenyn/Executive-Overlord/src/install/crs_ros2_interfaces/share/crs_ros2_interfaces/environment/path.dsv
[5.167s] -- Up-to-date: /home/zenyn/Executive-Overlord/src/install/crs_ros2_interfaces/share/crs_ros2_interfaces/local_setup.bash
[5.167s] -- Up-to-date: /home/zenyn/Executive-Overlord/src/install/crs_ros2_interfaces/share/crs_ros2_interfaces/local_setup.sh
[5.167s] -- Up-to-date: /home/zenyn/Executive-Overlord/src/install/crs_ros2_interfaces/share/crs_ros2_interfaces/local_setup.zsh
[5.167s] -- Up-to-date: /home/zenyn/Executive-Overlord/src/install/crs_ros2_interfaces/share/crs_ros2_interfaces/local_setup.dsv
[5.167s] -- Installing: /home/zenyn/Executive-Overlord/src/install/crs_ros2_interfaces/share/crs_ros2_interfaces/package.dsv
[5.168s] -- Up-to-date: /home/zenyn/Executive-Overlord/src/install/crs_ros2_interfaces/share/ament_index/resource_index/packages/crs_ros2_interfaces
[5.168s] -- Up-to-date: /home/zenyn/Executive-Overlord/src/install/crs_ros2_interfaces/share/crs_ros2_interfaces/cmake/export_crs_ros2_interfaces__rosidl_generator_cExport.cmake
[5.168s] -- Up-to-date: /home/zenyn/Executive-Overlord/src/install/crs_ros2_interfaces/share/crs_ros2_interfaces/cmake/export_crs_ros2_interfaces__rosidl_generator_cExport-noconfig.cmake
[5.168s] -- Up-to-date: /home/zenyn/Executive-Overlord/src/install/crs_ros2_interfaces/share/crs_ros2_interfaces/cmake/export_crs_ros2_interfaces__rosidl_typesupport_fastrtps_cExport.cmake
[5.168s] -- Up-to-date: /home/zenyn/Executive-Overlord/src/install/crs_ros2_interfaces/share/crs_ros2_interfaces/cmake/export_crs_ros2_interfaces__rosidl_typesupport_fastrtps_cExport-noconfig.cmake
[5.168s] -- Up-to-date: /home/zenyn/Executive-Overlord/src/install/crs_ros2_interfaces/share/crs_ros2_interfaces/cmake/crs_ros2_interfaces__rosidl_typesupport_introspection_cExport.cmake
[5.168s] -- Up-to-date: /home/zenyn/Executive-Overlord/src/install/crs_ros2_interfaces/share/crs_ros2_interfaces/cmake/crs_ros2_interfaces__rosidl_typesupport_introspection_cExport-noconfig.cmake
[5.168s] -- Up-to-date: /home/zenyn/Executive-Overlord/src/install/crs_ros2_interfaces/share/crs_ros2_interfaces/cmake/crs_ros2_interfaces__rosidl_typesupport_cExport.cmake
[5.168s] -- Up-to-date: /home/zenyn/Executive-Overlord/src/install/crs_ros2_interfaces/share/crs_ros2_interfaces/cmake/crs_ros2_interfaces__rosidl_typesupport_cExport-noconfig.cmake
[5.169s] -- Up-to-date: /home/zenyn/Executive-Overlord/src/install/crs_ros2_interfaces/share/crs_ros2_interfaces/cmake/export_crs_ros2_interfaces__rosidl_generator_cppExport.cmake
[5.169s] -- Up-to-date: /home/zenyn/Executive-Overlord/src/install/crs_ros2_interfaces/share/crs_ros2_interfaces/cmake/export_crs_ros2_interfaces__rosidl_typesupport_fastrtps_cppExport.cmake
[5.169s] -- Up-to-date: /home/zenyn/Executive-Overlord/src/install/crs_ros2_interfaces/share/crs_ros2_interfaces/cmake/export_crs_ros2_interfaces__rosidl_typesupport_fastrtps_cppExport-noconfig.cmake
[5.169s] -- Up-to-date: /home/zenyn/Executive-Overlord/src/install/crs_ros2_interfaces/share/crs_ros2_interfaces/cmake/crs_ros2_interfaces__rosidl_typesupport_introspection_cppExport.cmake
[5.169s] -- Up-to-date: /home/zenyn/Executive-Overlord/src/install/crs_ros2_interfaces/share/crs_ros2_interfaces/cmake/crs_ros2_interfaces__rosidl_typesupport_introspection_cppExport-noconfig.cmake
[5.169s] -- Up-to-date: /home/zenyn/Executive-Overlord/src/install/crs_ros2_interfaces/share/crs_ros2_interfaces/cmake/crs_ros2_interfaces__rosidl_typesupport_cppExport.cmake
[5.169s] -- Up-to-date: /home/zenyn/Executive-Overlord/src/install/crs_ros2_interfaces/share/crs_ros2_interfaces/cmake/crs_ros2_interfaces__rosidl_typesupport_cppExport-noconfig.cmake
[5.169s] -- Up-to-date: /home/zenyn/Executive-Overlord/src/install/crs_ros2_interfaces/share/crs_ros2_interfaces/cmake/export_crs_ros2_interfaces__rosidl_generator_pyExport.cmake
[5.169s] -- Up-to-date: /home/zenyn/Executive-Overlord/src/install/crs_ros2_interfaces/share/crs_ros2_interfaces/cmake/export_crs_ros2_interfaces__rosidl_generator_pyExport-noconfig.cmake
[5.169s] -- Up-to-date: /home/zenyn/Executive-Overlord/src/install/crs_ros2_interfaces/share/crs_ros2_interfaces/cmake/rosidl_cmake-extras.cmake
[5.170s] -- Up-to-date: /home/zenyn/Executive-Overlord/src/install/crs_ros2_interfaces/share/crs_ros2_interfaces/cmake/ament_cmake_export_include_directories-extras.cmake
[5.170s] -- Up-to-date: /home/zenyn/Executive-Overlord/src/install/crs_ros2_interfaces/share/crs_ros2_interfaces/cmake/ament_cmake_export_libraries-extras.cmake
[5.170s] -- Up-to-date: /home/zenyn/Executive-Overlord/src/install/crs_ros2_interfaces/share/crs_ros2_interfaces/cmake/ament_cmake_export_targets-extras.cmake
[5.170s] -- Up-to-date: /home/zenyn/Executive-Overlord/src/install/crs_ros2_interfaces/share/crs_ros2_interfaces/cmake/rosidl_cmake_export_typesupport_targets-extras.cmake
[5.170s] -- Up-to-date: /home/zenyn/Executive-Overlord/src/install/crs_ros2_interfaces/share/crs_ros2_interfaces/cmake/ament_cmake_export_dependencies-extras.cmake
[5.170s] -- Up-to-date: /home/zenyn/Executive-Overlord/src/install/crs_ros2_interfaces/share/crs_ros2_interfaces/cmake/rosidl_cmake_export_typesupport_libraries-extras.cmake
[5.170s] -- Up-to-date: /home/zenyn/Executive-Overlord/src/install/crs_ros2_interfaces/share/crs_ros2_interfaces/cmake/crs_ros2_interfacesConfig.cmake
[5.170s] -- Up-to-date: /home/zenyn/Executive-Overlord/src/install/crs_ros2_interfaces/share/crs_ros2_interfaces/cmake/crs_ros2_interfacesConfig-version.cmake
[5.170s] -- Up-to-date: /home/zenyn/Executive-Overlord/src/install/crs_ros2_interfaces/share/crs_ros2_interfaces/package.xml
[5.171s] Invoked command in '/home/zenyn/Executive-Overlord/src/build/crs_ros2_interfaces' returned '0': CMAKE_PREFIX_PATH=${CMAKE_PREFIX_PATH}:/opt/ros/jazzy /usr/bin/cmake --install /home/zenyn/Executive-Overlord/src/build/crs_ros2_interfaces
