running egg_info
writing ../build/pwm_cltool/pwm_cltool.egg-info/PKG-INFO
writing dependency_links to ../build/pwm_cltool/pwm_cltool.egg-info/dependency_links.txt
writing entry points to ../build/pwm_cltool/pwm_cltool.egg-info/entry_points.txt
writing requirements to ../build/pwm_cltool/pwm_cltool.egg-info/requires.txt
writing top-level names to ../build/pwm_cltool/pwm_cltool.egg-info/top_level.txt
reading manifest file '../build/pwm_cltool/pwm_cltool.egg-info/SOURCES.txt'
adding license file 'LICENSE'
writing manifest file '../build/pwm_cltool/pwm_cltool.egg-info/SOURCES.txt'
running build
running build_py
copying pwm_cltool/pwm_cltool.py -> /home/zenyn/Executive-Overlord/src/build/pwm_cltool/build/lib/pwm_cltool
copying pwm_cltool/main.py -> /home/zenyn/Executive-Overlord/src/build/pwm_cltool/build/lib/pwm_cltool
running install
running install_lib
copying /home/zenyn/Executive-Overlord/src/build/pwm_cltool/build/lib/pwm_cltool/pwm_cltool.py -> /home/zenyn/Executive-Overlord/src/install/pwm_cltool/lib/python3.12/site-packages/pwm_cltool
copying /home/zenyn/Executive-Overlord/src/build/pwm_cltool/build/lib/pwm_cltool/main.py -> /home/zenyn/Executive-Overlord/src/install/pwm_cltool/lib/python3.12/site-packages/pwm_cltool
byte-compiling /home/zenyn/Executive-Overlord/src/install/pwm_cltool/lib/python3.12/site-packages/pwm_cltool/pwm_cltool.py to pwm_cltool.cpython-312.pyc
byte-compiling /home/zenyn/Executive-Overlord/src/install/pwm_cltool/lib/python3.12/site-packages/pwm_cltool/main.py to main.cpython-312.pyc
running install_data
running install_egg_info
removing '/home/zenyn/Executive-Overlord/src/install/pwm_cltool/lib/python3.12/site-packages/pwm_cltool-0.0.0-py3.12.egg-info' (and everything under it)
Copying ../build/pwm_cltool/pwm_cltool.egg-info to /home/zenyn/Executive-Overlord/src/install/pwm_cltool/lib/python3.12/site-packages/pwm_cltool-0.0.0-py3.12.egg-info
running install_scripts
Installing pwm_cltool_node script to /home/zenyn/Executive-Overlord/src/install/pwm_cltool/lib/pwm_cltool
writing list of installed files to '/home/zenyn/Executive-Overlord/src/build/pwm_cltool/install.log'
