[0.518s] Invoking command in '/home/zenyn/Executive-Overlord/src/Robosub-CLTool': PYTHONPATH=/home/zenyn/Executive-Overlord/src/build/pwm_cltool/prefix_override:/usr/lib/python3/dist-packages/colcon_core/task/python/colcon_distutils_commands:/home/zenyn/Executive-Overlord/src/install/pwm_cltool/lib/python3.12/site-packages:/home/zenyn/Executive-Overlord/src/install/crs_ros2_interfaces/lib/python3.12/site-packages:/home/zenyn/Executive-Overlord/src/install/pwm_cltool/lib/python3.12/site-packages:/home/zenyn/Executive-Overlord/src/Robosub-CLTool/install/pwm_cltool/lib/python3.12/site-packages:/opt/ros/jazzy/lib/python3.12/site-packages /usr/bin/python3 -W ignore:setup.py install is deprecated -W ignore:easy_install command is deprecated setup.py egg_info --egg-base ../build/pwm_cltool build --build-base /home/zenyn/Executive-Overlord/src/build/pwm_cltool/build install --record /home/zenyn/Executive-Overlord/src/build/pwm_cltool/install.log --single-version-externally-managed install_data
[0.692s] running egg_info
[0.704s] writing ../build/pwm_cltool/pwm_cltool.egg-info/PKG-INFO
[0.704s] writing dependency_links to ../build/pwm_cltool/pwm_cltool.egg-info/dependency_links.txt
[0.704s] writing entry points to ../build/pwm_cltool/pwm_cltool.egg-info/entry_points.txt
[0.704s] writing requirements to ../build/pwm_cltool/pwm_cltool.egg-info/requires.txt
[0.704s] writing top-level names to ../build/pwm_cltool/pwm_cltool.egg-info/top_level.txt
[0.728s] reading manifest file '../build/pwm_cltool/pwm_cltool.egg-info/SOURCES.txt'
[0.728s] adding license file 'LICENSE'
[0.728s] writing manifest file '../build/pwm_cltool/pwm_cltool.egg-info/SOURCES.txt'
[0.728s] running build
[0.729s] running build_py
[0.729s] copying pwm_cltool/pwm_cltool.py -> /home/zenyn/Executive-Overlord/src/build/pwm_cltool/build/lib/pwm_cltool
[0.729s] copying pwm_cltool/main.py -> /home/zenyn/Executive-Overlord/src/build/pwm_cltool/build/lib/pwm_cltool
[0.729s] running install
[0.733s] running install_lib
[0.745s] copying /home/zenyn/Executive-Overlord/src/build/pwm_cltool/build/lib/pwm_cltool/pwm_cltool.py -> /home/zenyn/Executive-Overlord/src/install/pwm_cltool/lib/python3.12/site-packages/pwm_cltool
[0.745s] copying /home/zenyn/Executive-Overlord/src/build/pwm_cltool/build/lib/pwm_cltool/main.py -> /home/zenyn/Executive-Overlord/src/install/pwm_cltool/lib/python3.12/site-packages/pwm_cltool
[0.745s] byte-compiling /home/zenyn/Executive-Overlord/src/install/pwm_cltool/lib/python3.12/site-packages/pwm_cltool/pwm_cltool.py to pwm_cltool.cpython-312.pyc
[0.747s] byte-compiling /home/zenyn/Executive-Overlord/src/install/pwm_cltool/lib/python3.12/site-packages/pwm_cltool/main.py to main.cpython-312.pyc
[0.747s] running install_data
[0.747s] running install_egg_info
[0.759s] removing '/home/zenyn/Executive-Overlord/src/install/pwm_cltool/lib/python3.12/site-packages/pwm_cltool-0.0.0-py3.12.egg-info' (and everything under it)
[0.760s] Copying ../build/pwm_cltool/pwm_cltool.egg-info to /home/zenyn/Executive-Overlord/src/install/pwm_cltool/lib/python3.12/site-packages/pwm_cltool-0.0.0-py3.12.egg-info
[0.760s] running install_scripts
[0.841s] Installing pwm_cltool_node script to /home/zenyn/Executive-Overlord/src/install/pwm_cltool/lib/pwm_cltool
[0.841s] writing list of installed files to '/home/zenyn/Executive-Overlord/src/build/pwm_cltool/install.log'
[0.861s] Invoked command in '/home/zenyn/Executive-Overlord/src/Robosub-CLTool' returned '0': PYTHONPATH=/home/zenyn/Executive-Overlord/src/build/pwm_cltool/prefix_override:/usr/lib/python3/dist-packages/colcon_core/task/python/colcon_distutils_commands:/home/zenyn/Executive-Overlord/src/install/pwm_cltool/lib/python3.12/site-packages:/home/zenyn/Executive-Overlord/src/install/crs_ros2_interfaces/lib/python3.12/site-packages:/home/zenyn/Executive-Overlord/src/install/pwm_cltool/lib/python3.12/site-packages:/home/zenyn/Executive-Overlord/src/Robosub-CLTool/install/pwm_cltool/lib/python3.12/site-packages:/opt/ros/jazzy/lib/python3.12/site-packages /usr/bin/python3 -W ignore:setup.py install is deprecated -W ignore:easy_install command is deprecated setup.py egg_info --egg-base ../build/pwm_cltool build --build-base /home/zenyn/Executive-Overlord/src/build/pwm_cltool/build install --record /home/zenyn/Executive-Overlord/src/build/pwm_cltool/install.log --single-version-externally-managed install_data
