[0.073s] DEBUG:colcon:Command line arguments: ['/usr/bin/colcon', 'build', '--packages-select', 'pwm_cltool', 'crs_ros2_interfaces']
[0.073s] DEBUG:colcon:Parsed command line arguments: Namespace(log_base=None, log_level=None, verb_name='build', build_base='build', install_base='install', merge_install=False, symlink_install=False, test_result_base=None, continue_on_error=False, executor='parallel', parallel_workers=12, event_handlers=None, ignore_user_meta=False, metas=['./colcon.meta'], base_paths=['.'], packages_ignore=None, packages_ignore_regex=None, paths=None, packages_up_to=None, packages_up_to_regex=None, packages_above=None, packages_above_and_dependencies=None, packages_above_depth=None, packages_select_by_dep=None, packages_skip_by_dep=None, packages_skip_up_to=None, packages_select_build_failed=False, packages_skip_build_finished=False, packages_select_test_failures=False, packages_skip_test_passed=False, packages_select=['pwm_cltool', 'crs_ros2_interfaces'], packages_skip=None, packages_select_regex=None, packages_skip_regex=None, packages_start=None, packages_end=None, allow_overriding=[], cmake_args=None, cmake_target=None, cmake_target_skip_unavailable=False, cmake_clean_cache=False, cmake_clean_first=False, cmake_force_configure=False, ament_cmake_args=None, catkin_cmake_args=None, catkin_skip_building_tests=False, mixin_files=None, mixin=None, verb_parser=<colcon_mixin.mixin.mixin_argument.MixinArgumentDecorator object at 0x742d35782660>, verb_extension=<colcon_core.verb.build.BuildVerb object at 0x742d35782300>, main=<bound method BuildVerb.main of <colcon_core.verb.build.BuildVerb object at 0x742d35782300>>, mixin_verb=('build',))
[0.101s] Level 1:colcon.colcon_core.package_discovery:discover_packages(colcon_meta) check parameters
[0.101s] Level 1:colcon.colcon_core.package_discovery:discover_packages(recursive) check parameters
[0.101s] Level 1:colcon.colcon_core.package_discovery:discover_packages(ignore) check parameters
[0.101s] Level 1:colcon.colcon_core.package_discovery:discover_packages(path) check parameters
[0.101s] Level 1:colcon.colcon_core.package_discovery:discover_packages(colcon_meta) discover
[0.101s] Level 1:colcon.colcon_core.package_discovery:discover_packages(recursive) discover
[0.101s] INFO:colcon.colcon_core.package_discovery:Crawling recursively for packages in '/home/zenyn/Executive-Overlord/src'
[0.101s] Level 1:colcon.colcon_core.package_identification:_identify(.) by extensions ['ignore', 'ignore_ament_install']
[0.101s] Level 1:colcon.colcon_core.package_identification:_identify(.) by extension 'ignore'
[0.101s] Level 1:colcon.colcon_core.package_identification:_identify(.) by extension 'ignore_ament_install'
[0.101s] Level 1:colcon.colcon_core.package_identification:_identify(.) by extensions ['colcon_pkg']
[0.101s] Level 1:colcon.colcon_core.package_identification:_identify(.) by extension 'colcon_pkg'
[0.101s] Level 1:colcon.colcon_core.package_identification:_identify(.) by extensions ['colcon_meta']
[0.101s] Level 1:colcon.colcon_core.package_identification:_identify(.) by extension 'colcon_meta'
[0.101s] Level 1:colcon.colcon_core.package_identification:_identify(.) by extensions ['ros']
[0.101s] Level 1:colcon.colcon_core.package_identification:_identify(.) by extension 'ros'
[0.120s] Level 1:colcon.colcon_core.package_identification:_identify(.) by extensions ['cmake', 'python']
[0.121s] Level 1:colcon.colcon_core.package_identification:_identify(.) by extension 'cmake'
[0.121s] Level 1:colcon.colcon_core.package_identification:_identify(.) by extension 'python'
[0.121s] Level 1:colcon.colcon_core.package_identification:_identify(.) by extensions ['python_setup_py']
[0.121s] Level 1:colcon.colcon_core.package_identification:_identify(.) by extension 'python_setup_py'
[0.121s] Level 1:colcon.colcon_core.package_identification:_identify(ExecutiveMainLoop) by extensions ['ignore', 'ignore_ament_install']
[0.121s] Level 1:colcon.colcon_core.package_identification:_identify(ExecutiveMainLoop) by extension 'ignore'
[0.121s] Level 1:colcon.colcon_core.package_identification:_identify(ExecutiveMainLoop) by extension 'ignore_ament_install'
[0.121s] Level 1:colcon.colcon_core.package_identification:_identify(ExecutiveMainLoop) by extensions ['colcon_pkg']
[0.121s] Level 1:colcon.colcon_core.package_identification:_identify(ExecutiveMainLoop) by extension 'colcon_pkg'
[0.121s] Level 1:colcon.colcon_core.package_identification:_identify(ExecutiveMainLoop) by extensions ['colcon_meta']
[0.121s] Level 1:colcon.colcon_core.package_identification:_identify(ExecutiveMainLoop) by extension 'colcon_meta'
[0.121s] Level 1:colcon.colcon_core.package_identification:_identify(ExecutiveMainLoop) by extensions ['ros']
[0.121s] Level 1:colcon.colcon_core.package_identification:_identify(ExecutiveMainLoop) by extension 'ros'
[0.123s] WARNING:colcon.colcon_core.package_identification:ROS package 'executive_main_loop' in 'ExecutiveMainLoop' has more than one build type
[0.123s] Level 1:colcon.colcon_core.package_identification:_identify(ExecutiveMainLoop) by extensions ['cmake', 'python']
[0.123s] Level 1:colcon.colcon_core.package_identification:_identify(ExecutiveMainLoop) by extension 'cmake'
[0.124s] Level 1:colcon.colcon_core.package_identification:_identify(ExecutiveMainLoop) by extension 'python'
[0.124s] DEBUG:colcon.colcon_core.package_identification:Package 'ExecutiveMainLoop' with type 'cmake' and name 'executive_main_loop'
[0.124s] Level 1:colcon.colcon_core.package_identification:_identify(Robosub-CLTool) by extensions ['ignore', 'ignore_ament_install']
[0.124s] Level 1:colcon.colcon_core.package_identification:_identify(Robosub-CLTool) by extension 'ignore'
[0.124s] Level 1:colcon.colcon_core.package_identification:_identify(Robosub-CLTool) by extension 'ignore_ament_install'
[0.124s] Level 1:colcon.colcon_core.package_identification:_identify(Robosub-CLTool) by extensions ['colcon_pkg']
[0.124s] Level 1:colcon.colcon_core.package_identification:_identify(Robosub-CLTool) by extension 'colcon_pkg'
[0.124s] Level 1:colcon.colcon_core.package_identification:_identify(Robosub-CLTool) by extensions ['colcon_meta']
[0.124s] Level 1:colcon.colcon_core.package_identification:_identify(Robosub-CLTool) by extension 'colcon_meta'
[0.124s] Level 1:colcon.colcon_core.package_identification:_identify(Robosub-CLTool) by extensions ['ros']
[0.124s] Level 1:colcon.colcon_core.package_identification:_identify(Robosub-CLTool) by extension 'ros'
[0.125s] DEBUG:colcon.colcon_core.package_identification:Package 'Robosub-CLTool' with type 'ros.ament_python' and name 'pwm_cltool'
[0.125s] Level 1:colcon.colcon_core.package_identification:_identify(Thrust-Control) by extensions ['ignore', 'ignore_ament_install']
[0.125s] Level 1:colcon.colcon_core.package_identification:_identify(Thrust-Control) by extension 'ignore'
[0.125s] Level 1:colcon.colcon_core.package_identification:_identify(Thrust-Control) by extension 'ignore_ament_install'
[0.125s] Level 1:colcon.colcon_core.package_identification:_identify(Thrust-Control) by extensions ['colcon_pkg']
[0.125s] Level 1:colcon.colcon_core.package_identification:_identify(Thrust-Control) by extension 'colcon_pkg'
[0.125s] Level 1:colcon.colcon_core.package_identification:_identify(Thrust-Control) by extensions ['colcon_meta']
[0.125s] Level 1:colcon.colcon_core.package_identification:_identify(Thrust-Control) by extension 'colcon_meta'
[0.125s] Level 1:colcon.colcon_core.package_identification:_identify(Thrust-Control) by extensions ['ros']
[0.125s] Level 1:colcon.colcon_core.package_identification:_identify(Thrust-Control) by extension 'ros'
[0.125s] DEBUG:colcon.colcon_core.package_identification:Package 'Thrust-Control' with type 'ros.ament_cmake' and name 'thrust_control'
[0.125s] Level 1:colcon.colcon_core.package_identification:_identify(build) by extensions ['ignore', 'ignore_ament_install']
[0.125s] Level 1:colcon.colcon_core.package_identification:_identify(build) by extension 'ignore'
[0.125s] Level 1:colcon.colcon_core.package_identification:_identify(build) ignored
[0.125s] Level 1:colcon.colcon_core.package_identification:_identify(crs_common) by extensions ['ignore', 'ignore_ament_install']
[0.126s] Level 1:colcon.colcon_core.package_identification:_identify(crs_common) by extension 'ignore'
[0.126s] Level 1:colcon.colcon_core.package_identification:_identify(crs_common) by extension 'ignore_ament_install'
[0.126s] Level 1:colcon.colcon_core.package_identification:_identify(crs_common) by extensions ['colcon_pkg']
[0.126s] Level 1:colcon.colcon_core.package_identification:_identify(crs_common) by extension 'colcon_pkg'
[0.126s] Level 1:colcon.colcon_core.package_identification:_identify(crs_common) by extensions ['colcon_meta']
[0.126s] Level 1:colcon.colcon_core.package_identification:_identify(crs_common) by extension 'colcon_meta'
[0.126s] Level 1:colcon.colcon_core.package_identification:_identify(crs_common) by extensions ['ros']
[0.126s] Level 1:colcon.colcon_core.package_identification:_identify(crs_common) by extension 'ros'
[0.126s] Level 1:colcon.colcon_core.package_identification:_identify(crs_common) by extensions ['cmake', 'python']
[0.126s] Level 1:colcon.colcon_core.package_identification:_identify(crs_common) by extension 'cmake'
[0.126s] Level 1:colcon.colcon_core.package_identification:_identify(crs_common) by extension 'python'
[0.126s] Level 1:colcon.colcon_core.package_identification:_identify(crs_common) by extensions ['python_setup_py']
[0.126s] Level 1:colcon.colcon_core.package_identification:_identify(crs_common) by extension 'python_setup_py'
[0.126s] Level 1:colcon.colcon_core.package_identification:_identify(crs_common/crs_ros2_interfaces) by extensions ['ignore', 'ignore_ament_install']
[0.126s] Level 1:colcon.colcon_core.package_identification:_identify(crs_common/crs_ros2_interfaces) by extension 'ignore'
[0.126s] Level 1:colcon.colcon_core.package_identification:_identify(crs_common/crs_ros2_interfaces) by extension 'ignore_ament_install'
[0.126s] Level 1:colcon.colcon_core.package_identification:_identify(crs_common/crs_ros2_interfaces) by extensions ['colcon_pkg']
[0.126s] Level 1:colcon.colcon_core.package_identification:_identify(crs_common/crs_ros2_interfaces) by extension 'colcon_pkg'
[0.126s] Level 1:colcon.colcon_core.package_identification:_identify(crs_common/crs_ros2_interfaces) by extensions ['colcon_meta']
[0.126s] Level 1:colcon.colcon_core.package_identification:_identify(crs_common/crs_ros2_interfaces) by extension 'colcon_meta'
[0.126s] Level 1:colcon.colcon_core.package_identification:_identify(crs_common/crs_ros2_interfaces) by extensions ['ros']
[0.126s] Level 1:colcon.colcon_core.package_identification:_identify(crs_common/crs_ros2_interfaces) by extension 'ros'
[0.126s] DEBUG:colcon.colcon_core.package_identification:Package 'crs_common/crs_ros2_interfaces' with type 'ros.ament_cmake' and name 'crs_ros2_interfaces'
[0.126s] Level 1:colcon.colcon_core.package_identification:_identify(inertial-sense-sdk) by extensions ['ignore', 'ignore_ament_install']
[0.127s] Level 1:colcon.colcon_core.package_identification:_identify(inertial-sense-sdk) by extension 'ignore'
[0.127s] Level 1:colcon.colcon_core.package_identification:_identify(inertial-sense-sdk) by extension 'ignore_ament_install'
[0.127s] Level 1:colcon.colcon_core.package_identification:_identify(inertial-sense-sdk) by extensions ['colcon_pkg']
[0.127s] Level 1:colcon.colcon_core.package_identification:_identify(inertial-sense-sdk) by extension 'colcon_pkg'
[0.127s] Level 1:colcon.colcon_core.package_identification:_identify(inertial-sense-sdk) by extensions ['colcon_meta']
[0.127s] Level 1:colcon.colcon_core.package_identification:_identify(inertial-sense-sdk) by extension 'colcon_meta'
[0.127s] Level 1:colcon.colcon_core.package_identification:_identify(inertial-sense-sdk) by extensions ['ros']
[0.127s] Level 1:colcon.colcon_core.package_identification:_identify(inertial-sense-sdk) by extension 'ros'
[0.127s] Level 1:colcon.colcon_core.package_identification:_identify(inertial-sense-sdk) by extensions ['cmake', 'python']
[0.127s] Level 1:colcon.colcon_core.package_identification:_identify(inertial-sense-sdk) by extension 'cmake'
[0.129s] Level 1:colcon.colcon_core.package_identification:_identify(inertial-sense-sdk) by extension 'python'
[0.129s] DEBUG:colcon.colcon_core.package_identification:Package 'inertial-sense-sdk' with type 'cmake' and name 'InertialSenseSDK'
[0.129s] Level 1:colcon.colcon_core.package_identification:_identify(install) by extensions ['ignore', 'ignore_ament_install']
[0.129s] Level 1:colcon.colcon_core.package_identification:_identify(install) by extension 'ignore'
[0.129s] Level 1:colcon.colcon_core.package_identification:_identify(install) ignored
[0.129s] Level 1:colcon.colcon_core.package_identification:_identify(log) by extensions ['ignore', 'ignore_ament_install']
[0.129s] Level 1:colcon.colcon_core.package_identification:_identify(log) by extension 'ignore'
[0.129s] Level 1:colcon.colcon_core.package_identification:_identify(log) ignored
[0.130s] Level 1:colcon.colcon_core.package_discovery:discover_packages(recursive) using defaults
[0.130s] Level 1:colcon.colcon_core.package_discovery:discover_packages(ignore) discover
[0.130s] Level 1:colcon.colcon_core.package_discovery:discover_packages(ignore) using defaults
[0.130s] Level 1:colcon.colcon_core.package_discovery:discover_packages(path) discover
[0.130s] Level 1:colcon.colcon_core.package_discovery:discover_packages(path) using defaults
[0.144s] INFO:colcon.colcon_core.package_selection:Skipping not selected package 'InertialSenseSDK' in 'inertial-sense-sdk'
[0.144s] INFO:colcon.colcon_core.package_selection:Skipping not selected package 'executive_main_loop' in 'ExecutiveMainLoop'
[0.144s] INFO:colcon.colcon_core.package_selection:Skipping not selected package 'thrust_control' in 'Thrust-Control'
[0.144s] Level 1:colcon.colcon_core.package_discovery:discover_packages(prefix_path) check parameters
[0.144s] Level 1:colcon.colcon_core.package_discovery:discover_packages(prefix_path) discover
[0.145s] DEBUG:colcon.colcon_installed_package_information.package_discovery:Found 1 installed packages in /home/zenyn/Executive-Overlord/src/Robosub-CLTool/install
[0.146s] DEBUG:colcon.colcon_installed_package_information.package_discovery:Found 285 installed packages in /opt/ros/jazzy
[0.147s] Level 1:colcon.colcon_core.package_discovery:discover_packages(prefix_path) using defaults
[0.170s] Level 5:colcon.colcon_core.verb:set package 'crs_ros2_interfaces' build argument 'cmake_args' from command line to 'None'
[0.170s] Level 5:colcon.colcon_core.verb:set package 'crs_ros2_interfaces' build argument 'cmake_target' from command line to 'None'
[0.170s] Level 5:colcon.colcon_core.verb:set package 'crs_ros2_interfaces' build argument 'cmake_target_skip_unavailable' from command line to 'False'
[0.170s] Level 5:colcon.colcon_core.verb:set package 'crs_ros2_interfaces' build argument 'cmake_clean_cache' from command line to 'False'
[0.170s] Level 5:colcon.colcon_core.verb:set package 'crs_ros2_interfaces' build argument 'cmake_clean_first' from command line to 'False'
[0.170s] Level 5:colcon.colcon_core.verb:set package 'crs_ros2_interfaces' build argument 'cmake_force_configure' from command line to 'False'
[0.170s] Level 5:colcon.colcon_core.verb:set package 'crs_ros2_interfaces' build argument 'ament_cmake_args' from command line to 'None'
[0.170s] Level 5:colcon.colcon_core.verb:set package 'crs_ros2_interfaces' build argument 'catkin_cmake_args' from command line to 'None'
[0.170s] Level 5:colcon.colcon_core.verb:set package 'crs_ros2_interfaces' build argument 'catkin_skip_building_tests' from command line to 'False'
[0.170s] DEBUG:colcon.colcon_core.verb:Building package 'crs_ros2_interfaces' with the following arguments: {'ament_cmake_args': None, 'build_base': '/home/zenyn/Executive-Overlord/src/build/crs_ros2_interfaces', 'catkin_cmake_args': None, 'catkin_skip_building_tests': False, 'cmake_args': None, 'cmake_clean_cache': False, 'cmake_clean_first': False, 'cmake_force_configure': False, 'cmake_target': None, 'cmake_target_skip_unavailable': False, 'install_base': '/home/zenyn/Executive-Overlord/src/install/crs_ros2_interfaces', 'merge_install': False, 'path': '/home/zenyn/Executive-Overlord/src/crs_common/crs_ros2_interfaces', 'symlink_install': False, 'test_result_base': None}
[0.171s] Level 5:colcon.colcon_core.verb:set package 'pwm_cltool' build argument 'cmake_args' from command line to 'None'
[0.171s] Level 5:colcon.colcon_core.verb:set package 'pwm_cltool' build argument 'cmake_target' from command line to 'None'
[0.171s] Level 5:colcon.colcon_core.verb:set package 'pwm_cltool' build argument 'cmake_target_skip_unavailable' from command line to 'False'
[0.171s] Level 5:colcon.colcon_core.verb:set package 'pwm_cltool' build argument 'cmake_clean_cache' from command line to 'False'
[0.171s] Level 5:colcon.colcon_core.verb:set package 'pwm_cltool' build argument 'cmake_clean_first' from command line to 'False'
[0.171s] Level 5:colcon.colcon_core.verb:set package 'pwm_cltool' build argument 'cmake_force_configure' from command line to 'False'
[0.171s] Level 5:colcon.colcon_core.verb:set package 'pwm_cltool' build argument 'ament_cmake_args' from command line to 'None'
[0.171s] Level 5:colcon.colcon_core.verb:set package 'pwm_cltool' build argument 'catkin_cmake_args' from command line to 'None'
[0.171s] Level 5:colcon.colcon_core.verb:set package 'pwm_cltool' build argument 'catkin_skip_building_tests' from command line to 'False'
[0.171s] DEBUG:colcon.colcon_core.verb:Building package 'pwm_cltool' with the following arguments: {'ament_cmake_args': None, 'build_base': '/home/zenyn/Executive-Overlord/src/build/pwm_cltool', 'catkin_cmake_args': None, 'catkin_skip_building_tests': False, 'cmake_args': None, 'cmake_clean_cache': False, 'cmake_clean_first': False, 'cmake_force_configure': False, 'cmake_target': None, 'cmake_target_skip_unavailable': False, 'install_base': '/home/zenyn/Executive-Overlord/src/install/pwm_cltool', 'merge_install': False, 'path': '/home/zenyn/Executive-Overlord/src/Robosub-CLTool', 'symlink_install': False, 'test_result_base': None}
[0.171s] INFO:colcon.colcon_core.executor:Executing jobs using 'parallel' executor
[0.171s] DEBUG:colcon.colcon_parallel_executor.executor.parallel:run_until_complete
[0.172s] INFO:colcon.colcon_ros.task.ament_cmake.build:Building ROS package in '/home/zenyn/Executive-Overlord/src/crs_common/crs_ros2_interfaces' with build type 'ament_cmake'
[0.172s] INFO:colcon.colcon_cmake.task.cmake.build:Building CMake package in '/home/zenyn/Executive-Overlord/src/crs_common/crs_ros2_interfaces'
[0.174s] INFO:colcon.colcon_core.plugin_system:Skipping extension 'colcon_core.shell.bat': Not used on non-Windows systems
[0.174s] INFO:colcon.colcon_core.shell:Skip shell extension 'powershell' for command environment: Not usable outside of PowerShell
[0.175s] DEBUG:colcon.colcon_core.shell:Skip shell extension 'dsv' for command environment
[0.183s] DEBUG:colcon.colcon_core.event_handler.log_command:Invoking command in '/home/zenyn/Executive-Overlord/src/build/crs_ros2_interfaces': CMAKE_PREFIX_PATH=${CMAKE_PREFIX_PATH}:/home/zenyn/Executive-Overlord/src/Robosub-CLTool/install/pwm_cltool:/opt/ros/jazzy /usr/bin/cmake /home/zenyn/Executive-Overlord/src/crs_common/crs_ros2_interfaces -DCMAKE_INSTALL_PREFIX=/home/zenyn/Executive-Overlord/src/install/crs_ros2_interfaces
[3.309s] DEBUG:colcon.colcon_core.event_handler.log_command:Invoked command in '/home/zenyn/Executive-Overlord/src/build/crs_ros2_interfaces' returned '0': CMAKE_PREFIX_PATH=${CMAKE_PREFIX_PATH}:/home/zenyn/Executive-Overlord/src/Robosub-CLTool/install/pwm_cltool:/opt/ros/jazzy /usr/bin/cmake /home/zenyn/Executive-Overlord/src/crs_common/crs_ros2_interfaces -DCMAKE_INSTALL_PREFIX=/home/zenyn/Executive-Overlord/src/install/crs_ros2_interfaces
[3.309s] DEBUG:colcon.colcon_core.event_handler.log_command:Invoking command in '/home/zenyn/Executive-Overlord/src/build/crs_ros2_interfaces': CMAKE_PREFIX_PATH=${CMAKE_PREFIX_PATH}:/home/zenyn/Executive-Overlord/src/Robosub-CLTool/install/pwm_cltool:/opt/ros/jazzy /usr/bin/cmake --build /home/zenyn/Executive-Overlord/src/build/crs_ros2_interfaces -- -j12 -l12
[7.346s] DEBUG:colcon.colcon_core.event_handler.log_command:Invoked command in '/home/zenyn/Executive-Overlord/src/build/crs_ros2_interfaces' returned '0': CMAKE_PREFIX_PATH=${CMAKE_PREFIX_PATH}:/home/zenyn/Executive-Overlord/src/Robosub-CLTool/install/pwm_cltool:/opt/ros/jazzy /usr/bin/cmake --build /home/zenyn/Executive-Overlord/src/build/crs_ros2_interfaces -- -j12 -l12
[7.360s] DEBUG:colcon.colcon_core.event_handler.log_command:Invoking command in '/home/zenyn/Executive-Overlord/src/build/crs_ros2_interfaces': CMAKE_PREFIX_PATH=${CMAKE_PREFIX_PATH}:/home/zenyn/Executive-Overlord/src/Robosub-CLTool/install/pwm_cltool:/opt/ros/jazzy /usr/bin/cmake --install /home/zenyn/Executive-Overlord/src/build/crs_ros2_interfaces
[7.418s] Level 1:colcon.colcon_core.environment:create_environment_scripts_only(crs_ros2_interfaces)
[7.418s] DEBUG:colcon.colcon_core.event_handler.log_command:Invoked command in '/home/zenyn/Executive-Overlord/src/build/crs_ros2_interfaces' returned '0': CMAKE_PREFIX_PATH=${CMAKE_PREFIX_PATH}:/home/zenyn/Executive-Overlord/src/Robosub-CLTool/install/pwm_cltool:/opt/ros/jazzy /usr/bin/cmake --install /home/zenyn/Executive-Overlord/src/build/crs_ros2_interfaces
[7.421s] Level 1:colcon.colcon_core.environment:checking '/home/zenyn/Executive-Overlord/src/install/crs_ros2_interfaces' for CMake module files
[7.422s] Level 1:colcon.colcon_core.environment:checking '/home/zenyn/Executive-Overlord/src/install/crs_ros2_interfaces' for CMake config files
[7.422s] Level 1:colcon.colcon_core.shell:create_environment_hook('crs_ros2_interfaces', 'cmake_prefix_path')
[7.422s] INFO:colcon.colcon_core.shell:Creating environment hook '/home/zenyn/Executive-Overlord/src/install/crs_ros2_interfaces/share/crs_ros2_interfaces/hook/cmake_prefix_path.ps1'
[7.423s] INFO:colcon.colcon_core.shell:Creating environment descriptor '/home/zenyn/Executive-Overlord/src/install/crs_ros2_interfaces/share/crs_ros2_interfaces/hook/cmake_prefix_path.dsv'
[7.424s] INFO:colcon.colcon_core.shell:Creating environment hook '/home/zenyn/Executive-Overlord/src/install/crs_ros2_interfaces/share/crs_ros2_interfaces/hook/cmake_prefix_path.sh'
[7.425s] Level 1:colcon.colcon_core.environment:checking '/home/zenyn/Executive-Overlord/src/install/crs_ros2_interfaces/lib'
[7.425s] Level 1:colcon.colcon_core.shell:create_environment_hook('crs_ros2_interfaces', 'ld_library_path_lib')
[7.425s] INFO:colcon.colcon_core.shell:Creating environment hook '/home/zenyn/Executive-Overlord/src/install/crs_ros2_interfaces/share/crs_ros2_interfaces/hook/ld_library_path_lib.ps1'
[7.425s] INFO:colcon.colcon_core.shell:Creating environment descriptor '/home/zenyn/Executive-Overlord/src/install/crs_ros2_interfaces/share/crs_ros2_interfaces/hook/ld_library_path_lib.dsv'
[7.425s] INFO:colcon.colcon_core.shell:Creating environment hook '/home/zenyn/Executive-Overlord/src/install/crs_ros2_interfaces/share/crs_ros2_interfaces/hook/ld_library_path_lib.sh'
[7.426s] Level 1:colcon.colcon_core.environment:checking '/home/zenyn/Executive-Overlord/src/install/crs_ros2_interfaces/bin'
[7.426s] Level 1:colcon.colcon_core.environment:checking '/home/zenyn/Executive-Overlord/src/install/crs_ros2_interfaces/lib/pkgconfig/crs_ros2_interfaces.pc'
[7.426s] Level 1:colcon.colcon_core.environment:checking '/home/zenyn/Executive-Overlord/src/install/crs_ros2_interfaces/lib/python3.12/site-packages'
[7.426s] Level 1:colcon.colcon_core.shell:create_environment_hook('crs_ros2_interfaces', 'pythonpath')
[7.426s] INFO:colcon.colcon_core.shell:Creating environment hook '/home/zenyn/Executive-Overlord/src/install/crs_ros2_interfaces/share/crs_ros2_interfaces/hook/pythonpath.ps1'
[7.426s] INFO:colcon.colcon_core.shell:Creating environment descriptor '/home/zenyn/Executive-Overlord/src/install/crs_ros2_interfaces/share/crs_ros2_interfaces/hook/pythonpath.dsv'
[7.426s] INFO:colcon.colcon_core.shell:Creating environment hook '/home/zenyn/Executive-Overlord/src/install/crs_ros2_interfaces/share/crs_ros2_interfaces/hook/pythonpath.sh'
[7.427s] Level 1:colcon.colcon_core.environment:checking '/home/zenyn/Executive-Overlord/src/install/crs_ros2_interfaces/bin'
[7.427s] INFO:colcon.colcon_core.shell:Creating package script '/home/zenyn/Executive-Overlord/src/install/crs_ros2_interfaces/share/crs_ros2_interfaces/package.ps1'
[7.427s] INFO:colcon.colcon_core.shell:Creating package descriptor '/home/zenyn/Executive-Overlord/src/install/crs_ros2_interfaces/share/crs_ros2_interfaces/package.dsv'
[7.428s] INFO:colcon.colcon_core.shell:Creating package script '/home/zenyn/Executive-Overlord/src/install/crs_ros2_interfaces/share/crs_ros2_interfaces/package.sh'
[7.428s] INFO:colcon.colcon_core.shell:Creating package script '/home/zenyn/Executive-Overlord/src/install/crs_ros2_interfaces/share/crs_ros2_interfaces/package.bash'
[7.428s] INFO:colcon.colcon_core.shell:Creating package script '/home/zenyn/Executive-Overlord/src/install/crs_ros2_interfaces/share/crs_ros2_interfaces/package.zsh'
[7.429s] Level 1:colcon.colcon_core.environment:create_file_with_runtime_dependencies(/home/zenyn/Executive-Overlord/src/install/crs_ros2_interfaces/share/colcon-core/packages/crs_ros2_interfaces)
[7.429s] Level 1:colcon.colcon_core.environment:create_environment_scripts_only(crs_ros2_interfaces)
[7.429s] Level 1:colcon.colcon_core.environment:checking '/home/zenyn/Executive-Overlord/src/install/crs_ros2_interfaces' for CMake module files
[7.430s] Level 1:colcon.colcon_core.environment:checking '/home/zenyn/Executive-Overlord/src/install/crs_ros2_interfaces' for CMake config files
[7.430s] Level 1:colcon.colcon_core.shell:create_environment_hook('crs_ros2_interfaces', 'cmake_prefix_path')
[7.430s] INFO:colcon.colcon_core.shell:Creating environment hook '/home/zenyn/Executive-Overlord/src/install/crs_ros2_interfaces/share/crs_ros2_interfaces/hook/cmake_prefix_path.ps1'
[7.430s] INFO:colcon.colcon_core.shell:Creating environment descriptor '/home/zenyn/Executive-Overlord/src/install/crs_ros2_interfaces/share/crs_ros2_interfaces/hook/cmake_prefix_path.dsv'
[7.430s] INFO:colcon.colcon_core.shell:Creating environment hook '/home/zenyn/Executive-Overlord/src/install/crs_ros2_interfaces/share/crs_ros2_interfaces/hook/cmake_prefix_path.sh'
[7.430s] Level 1:colcon.colcon_core.environment:checking '/home/zenyn/Executive-Overlord/src/install/crs_ros2_interfaces/lib'
[7.431s] Level 1:colcon.colcon_core.shell:create_environment_hook('crs_ros2_interfaces', 'ld_library_path_lib')
[7.431s] INFO:colcon.colcon_core.shell:Creating environment hook '/home/zenyn/Executive-Overlord/src/install/crs_ros2_interfaces/share/crs_ros2_interfaces/hook/ld_library_path_lib.ps1'
[7.431s] INFO:colcon.colcon_core.shell:Creating environment descriptor '/home/zenyn/Executive-Overlord/src/install/crs_ros2_interfaces/share/crs_ros2_interfaces/hook/ld_library_path_lib.dsv'
[7.431s] INFO:colcon.colcon_core.shell:Creating environment hook '/home/zenyn/Executive-Overlord/src/install/crs_ros2_interfaces/share/crs_ros2_interfaces/hook/ld_library_path_lib.sh'
[7.431s] Level 1:colcon.colcon_core.environment:checking '/home/zenyn/Executive-Overlord/src/install/crs_ros2_interfaces/bin'
[7.432s] Level 1:colcon.colcon_core.environment:checking '/home/zenyn/Executive-Overlord/src/install/crs_ros2_interfaces/lib/pkgconfig/crs_ros2_interfaces.pc'
[7.432s] Level 1:colcon.colcon_core.environment:checking '/home/zenyn/Executive-Overlord/src/install/crs_ros2_interfaces/lib/python3.12/site-packages'
[7.432s] Level 1:colcon.colcon_core.shell:create_environment_hook('crs_ros2_interfaces', 'pythonpath')
[7.432s] INFO:colcon.colcon_core.shell:Creating environment hook '/home/zenyn/Executive-Overlord/src/install/crs_ros2_interfaces/share/crs_ros2_interfaces/hook/pythonpath.ps1'
[7.432s] INFO:colcon.colcon_core.shell:Creating environment descriptor '/home/zenyn/Executive-Overlord/src/install/crs_ros2_interfaces/share/crs_ros2_interfaces/hook/pythonpath.dsv'
[7.432s] INFO:colcon.colcon_core.shell:Creating environment hook '/home/zenyn/Executive-Overlord/src/install/crs_ros2_interfaces/share/crs_ros2_interfaces/hook/pythonpath.sh'
[7.433s] Level 1:colcon.colcon_core.environment:checking '/home/zenyn/Executive-Overlord/src/install/crs_ros2_interfaces/bin'
[7.433s] INFO:colcon.colcon_core.shell:Creating package script '/home/zenyn/Executive-Overlord/src/install/crs_ros2_interfaces/share/crs_ros2_interfaces/package.ps1'
[7.433s] INFO:colcon.colcon_core.shell:Creating package descriptor '/home/zenyn/Executive-Overlord/src/install/crs_ros2_interfaces/share/crs_ros2_interfaces/package.dsv'
[7.433s] INFO:colcon.colcon_core.shell:Creating package script '/home/zenyn/Executive-Overlord/src/install/crs_ros2_interfaces/share/crs_ros2_interfaces/package.sh'
[7.434s] INFO:colcon.colcon_core.shell:Creating package script '/home/zenyn/Executive-Overlord/src/install/crs_ros2_interfaces/share/crs_ros2_interfaces/package.bash'
[7.434s] INFO:colcon.colcon_core.shell:Creating package script '/home/zenyn/Executive-Overlord/src/install/crs_ros2_interfaces/share/crs_ros2_interfaces/package.zsh'
[7.434s] Level 1:colcon.colcon_core.environment:create_file_with_runtime_dependencies(/home/zenyn/Executive-Overlord/src/install/crs_ros2_interfaces/share/colcon-core/packages/crs_ros2_interfaces)
[7.434s] INFO:colcon.colcon_ros.task.ament_python.build:Building ROS package in '/home/zenyn/Executive-Overlord/src/Robosub-CLTool' with build type 'ament_python'
[7.434s] Level 1:colcon.colcon_core.shell:create_environment_hook('pwm_cltool', 'ament_prefix_path')
[7.434s] INFO:colcon.colcon_core.shell:Creating environment hook '/home/zenyn/Executive-Overlord/src/install/pwm_cltool/share/pwm_cltool/hook/ament_prefix_path.ps1'
[7.435s] INFO:colcon.colcon_core.shell:Creating environment descriptor '/home/zenyn/Executive-Overlord/src/install/pwm_cltool/share/pwm_cltool/hook/ament_prefix_path.dsv'
[7.435s] INFO:colcon.colcon_core.shell:Creating environment hook '/home/zenyn/Executive-Overlord/src/install/pwm_cltool/share/pwm_cltool/hook/ament_prefix_path.sh'
[7.435s] INFO:colcon.colcon_core.shell:Skip shell extension 'powershell' for command environment: Not usable outside of PowerShell
[7.435s] DEBUG:colcon.colcon_core.shell:Skip shell extension 'dsv' for command environment
[7.591s] INFO:colcon.colcon_core.task.python.build:Building Python package in '/home/zenyn/Executive-Overlord/src/Robosub-CLTool'
[7.591s] INFO:colcon.colcon_core.shell:Skip shell extension 'powershell' for command environment: Not usable outside of PowerShell
[7.591s] DEBUG:colcon.colcon_core.shell:Skip shell extension 'dsv' for command environment
[7.958s] DEBUG:colcon.colcon_core.event_handler.log_command:Invoking command in '/home/zenyn/Executive-Overlord/src/Robosub-CLTool': AMENT_PREFIX_PATH=/home/zenyn/Executive-Overlord/src/install/crs_ros2_interfaces:${AMENT_PREFIX_PATH} CMAKE_PREFIX_PATH=/home/zenyn/Executive-Overlord/src/install/crs_ros2_interfaces:${CMAKE_PREFIX_PATH} LD_LIBRARY_PATH=/home/zenyn/Executive-Overlord/src/install/crs_ros2_interfaces/lib:${LD_LIBRARY_PATH} PYTHONPATH=/home/zenyn/Executive-Overlord/src/build/pwm_cltool/prefix_override:/usr/lib/python3/dist-packages/colcon_core/task/python/colcon_distutils_commands:/home/zenyn/Executive-Overlord/src/install/pwm_cltool/lib/python3.12/site-packages:/home/zenyn/Executive-Overlord/src/install/crs_ros2_interfaces/lib/python3.12/site-packages:${PYTHONPATH} /usr/bin/python3 -W ignore:setup.py install is deprecated -W ignore:easy_install command is deprecated setup.py egg_info --egg-base ../build/pwm_cltool build --build-base /home/zenyn/Executive-Overlord/src/build/pwm_cltool/build install --record /home/zenyn/Executive-Overlord/src/build/pwm_cltool/install.log --single-version-externally-managed install_data
[8.299s] Level 1:colcon.colcon_core.environment:checking '/home/zenyn/Executive-Overlord/src/install/pwm_cltool' for CMake module files
[8.299s] DEBUG:colcon.colcon_core.event_handler.log_command:Invoked command in '/home/zenyn/Executive-Overlord/src/Robosub-CLTool' returned '0': AMENT_PREFIX_PATH=/home/zenyn/Executive-Overlord/src/install/crs_ros2_interfaces:${AMENT_PREFIX_PATH} CMAKE_PREFIX_PATH=/home/zenyn/Executive-Overlord/src/install/crs_ros2_interfaces:${CMAKE_PREFIX_PATH} LD_LIBRARY_PATH=/home/zenyn/Executive-Overlord/src/install/crs_ros2_interfaces/lib:${LD_LIBRARY_PATH} PYTHONPATH=/home/zenyn/Executive-Overlord/src/build/pwm_cltool/prefix_override:/usr/lib/python3/dist-packages/colcon_core/task/python/colcon_distutils_commands:/home/zenyn/Executive-Overlord/src/install/pwm_cltool/lib/python3.12/site-packages:/home/zenyn/Executive-Overlord/src/install/crs_ros2_interfaces/lib/python3.12/site-packages:${PYTHONPATH} /usr/bin/python3 -W ignore:setup.py install is deprecated -W ignore:easy_install command is deprecated setup.py egg_info --egg-base ../build/pwm_cltool build --build-base /home/zenyn/Executive-Overlord/src/build/pwm_cltool/build install --record /home/zenyn/Executive-Overlord/src/build/pwm_cltool/install.log --single-version-externally-managed install_data
[8.299s] Level 1:colcon.colcon_core.environment:checking '/home/zenyn/Executive-Overlord/src/install/pwm_cltool' for CMake config files
[8.300s] Level 1:colcon.colcon_core.environment:checking '/home/zenyn/Executive-Overlord/src/install/pwm_cltool/lib'
[8.300s] Level 1:colcon.colcon_core.environment:checking '/home/zenyn/Executive-Overlord/src/install/pwm_cltool/bin'
[8.300s] Level 1:colcon.colcon_core.environment:checking '/home/zenyn/Executive-Overlord/src/install/pwm_cltool/lib/pkgconfig/pwm_cltool.pc'
[8.300s] Level 1:colcon.colcon_core.environment:checking '/home/zenyn/Executive-Overlord/src/install/pwm_cltool/lib/python3.12/site-packages'
[8.300s] Level 1:colcon.colcon_core.shell:create_environment_hook('pwm_cltool', 'pythonpath')
[8.300s] INFO:colcon.colcon_core.shell:Creating environment hook '/home/zenyn/Executive-Overlord/src/install/pwm_cltool/share/pwm_cltool/hook/pythonpath.ps1'
[8.301s] INFO:colcon.colcon_core.shell:Creating environment descriptor '/home/zenyn/Executive-Overlord/src/install/pwm_cltool/share/pwm_cltool/hook/pythonpath.dsv'
[8.301s] INFO:colcon.colcon_core.shell:Creating environment hook '/home/zenyn/Executive-Overlord/src/install/pwm_cltool/share/pwm_cltool/hook/pythonpath.sh'
[8.301s] Level 1:colcon.colcon_core.environment:checking '/home/zenyn/Executive-Overlord/src/install/pwm_cltool/bin'
[8.301s] Level 1:colcon.colcon_core.environment:create_environment_scripts_only(pwm_cltool)
[8.301s] INFO:colcon.colcon_core.shell:Creating package script '/home/zenyn/Executive-Overlord/src/install/pwm_cltool/share/pwm_cltool/package.ps1'
[8.302s] INFO:colcon.colcon_core.shell:Creating package descriptor '/home/zenyn/Executive-Overlord/src/install/pwm_cltool/share/pwm_cltool/package.dsv'
[8.302s] INFO:colcon.colcon_core.shell:Creating package script '/home/zenyn/Executive-Overlord/src/install/pwm_cltool/share/pwm_cltool/package.sh'
[8.302s] INFO:colcon.colcon_core.shell:Creating package script '/home/zenyn/Executive-Overlord/src/install/pwm_cltool/share/pwm_cltool/package.bash'
[8.302s] INFO:colcon.colcon_core.shell:Creating package script '/home/zenyn/Executive-Overlord/src/install/pwm_cltool/share/pwm_cltool/package.zsh'
[8.302s] Level 1:colcon.colcon_core.environment:create_file_with_runtime_dependencies(/home/zenyn/Executive-Overlord/src/install/pwm_cltool/share/colcon-core/packages/pwm_cltool)
[8.302s] DEBUG:colcon.colcon_parallel_executor.executor.parallel:closing loop
[8.303s] DEBUG:colcon.colcon_parallel_executor.executor.parallel:loop closed
[8.303s] DEBUG:colcon.colcon_parallel_executor.executor.parallel:run_until_complete finished with '0'
[8.303s] DEBUG:colcon.colcon_core.event_reactor:joining thread
[8.310s] INFO:colcon.colcon_core.plugin_system:Skipping extension 'colcon_notification.desktop_notification.terminal_notifier': Not used on non-Darwin systems
[8.310s] INFO:colcon.colcon_core.plugin_system:Skipping extension 'colcon_notification.desktop_notification.win32': Not used on non-Windows systems
[8.310s] INFO:colcon.colcon_notification.desktop_notification:Sending desktop notification using 'notify2'
[8.313s] DEBUG:colcon.colcon_core.event_reactor:joined thread
[8.313s] INFO:colcon.colcon_core.shell:Creating prefix script '/home/zenyn/Executive-Overlord/src/install/local_setup.ps1'
[8.315s] INFO:colcon.colcon_core.shell:Creating prefix util module '/home/zenyn/Executive-Overlord/src/install/_local_setup_util_ps1.py'
[8.316s] INFO:colcon.colcon_core.shell:Creating prefix chain script '/home/zenyn/Executive-Overlord/src/install/setup.ps1'
[8.316s] INFO:colcon.colcon_core.shell:Creating prefix script '/home/zenyn/Executive-Overlord/src/install/local_setup.sh'
[8.317s] INFO:colcon.colcon_core.shell:Creating prefix util module '/home/zenyn/Executive-Overlord/src/install/_local_setup_util_sh.py'
[8.317s] INFO:colcon.colcon_core.shell:Creating prefix chain script '/home/zenyn/Executive-Overlord/src/install/setup.sh'
[8.318s] INFO:colcon.colcon_core.shell:Creating prefix script '/home/zenyn/Executive-Overlord/src/install/local_setup.bash'
[8.318s] INFO:colcon.colcon_core.shell:Creating prefix chain script '/home/zenyn/Executive-Overlord/src/install/setup.bash'
[8.318s] INFO:colcon.colcon_core.shell:Creating prefix script '/home/zenyn/Executive-Overlord/src/install/local_setup.zsh'
[8.319s] INFO:colcon.colcon_core.shell:Creating prefix chain script '/home/zenyn/Executive-Overlord/src/install/setup.zsh'
