[0.010s] Invoking command in '/home/zenyn/Executive-Overlord/src/build/crs_ros2_interfaces': CMAKE_PREFIX_PATH=${CMAKE_PREFIX_PATH}:/home/zenyn/Executive-Overlord/src/Robosub-CLTool/install/pwm_cltool:/opt/ros/jazzy /usr/bin/cmake /home/zenyn/Executive-Overlord/src/crs_common/crs_ros2_interfaces -DCMAKE_INSTALL_PREFIX=/home/zenyn/Executive-Overlord/src/install/crs_ros2_interfaces
[0.086s] -- The C compiler identification is GNU 13.3.0
[0.144s] -- The CXX compiler identification is GNU 13.3.0
[0.163s] -- Detecting C compiler ABI info
[0.274s] -- Detecting C compiler ABI info - done
[0.280s] -- Check for working C compiler: /usr/bin/cc - skipped
[0.281s] -- Detecting C compile features
[0.281s] -- Detecting C compile features - done
[0.290s] -- Detecting CXX compiler ABI info
[0.422s] -- Detecting CXX compiler ABI info - done
[0.434s] -- Check for working CXX compiler: /usr/bin/c++ - skipped
[0.434s] -- Detecting CXX compile features
[0.435s] -- Detecting CXX compile features - done
[0.438s] -- Found ament_cmake: 2.5.3 (/opt/ros/jazzy/share/ament_cmake/cmake)
[0.560s] -- Found Python3: /usr/bin/python3 (found version "3.12.3") found components: Interpreter 
[0.634s] -- Found rosidl_default_generators: 1.6.0 (/opt/ros/jazzy/share/rosidl_default_generators/cmake)
[0.640s] -- Using all available rosidl_typesupport_c: rosidl_typesupport_fastrtps_c;rosidl_typesupport_introspection_c
[0.676s] -- Using all available rosidl_typesupport_cpp: rosidl_typesupport_fastrtps_cpp;rosidl_typesupport_introspection_cpp
[0.704s] -- Found rosidl_adapter: 4.6.5 (/opt/ros/jazzy/share/rosidl_adapter/cmake)
[0.706s] -- Found rclcpp: 28.1.8 (/opt/ros/jazzy/share/rclcpp/cmake)
[0.759s] -- Found rmw_implementation_cmake: 7.3.2 (/opt/ros/jazzy/share/rmw_implementation_cmake/cmake)
[0.761s] -- Found rmw_fastrtps_cpp: 8.4.2 (/opt/ros/jazzy/share/rmw_fastrtps_cpp/cmake)
[0.843s] -- Found OpenSSL: /usr/lib/x86_64-linux-gnu/libcrypto.so (found version "3.0.13")  
[0.873s] -- Found FastRTPS: /opt/ros/jazzy/include (Required is at least version "2.13") 
[0.901s] -- Using RMW implementation 'rmw_fastrtps_cpp' as default
[1.508s] -- Found ament_cmake_ros: 0.12.0 (/opt/ros/jazzy/share/ament_cmake_ros/cmake)
[1.957s] -- Using all available rosidl_typesupport_c: rosidl_typesupport_fastrtps_c;rosidl_typesupport_introspection_c
[2.504s] -- Using all available rosidl_typesupport_cpp: rosidl_typesupport_fastrtps_cpp;rosidl_typesupport_introspection_cpp
[2.509s] -- Found python_cmake_module: 0.11.1 (/opt/ros/jazzy/share/python_cmake_module/cmake)
[2.648s] -- Found PythonExtra: /usr/bin/python3  
[3.053s] -- Found Python3: /usr/bin/python3 (found version "3.12.3") found components: Interpreter Development NumPy Development.Module Development.Embed 
[3.082s] -- Found ament_lint_auto: 0.17.2 (/opt/ros/jazzy/share/ament_lint_auto/cmake)
[3.094s] -- Added test 'cppcheck' to perform static code analysis on C / C++ code
[3.094s] -- Configured cppcheck include dirs: 
[3.094s] -- Configured cppcheck exclude dirs and/or files: 
[3.094s] -- Added test 'lint_cmake' to check CMake code style
[3.095s] -- Added test 'uncrustify' to check C / C++ code style
[3.095s] -- Configured uncrustify additional arguments: 
[3.095s] -- Added test 'xmllint' to check XML markup files
[3.097s] -- Configuring done (3.1s)
[3.119s] -- Generating done (0.0s)
[3.127s] -- Build files have been written to: /home/zenyn/Executive-Overlord/src/build/crs_ros2_interfaces
[3.137s] Invoked command in '/home/zenyn/Executive-Overlord/src/build/crs_ros2_interfaces' returned '0': CMAKE_PREFIX_PATH=${CMAKE_PREFIX_PATH}:/home/zenyn/Executive-Overlord/src/Robosub-CLTool/install/pwm_cltool:/opt/ros/jazzy /usr/bin/cmake /home/zenyn/Executive-Overlord/src/crs_common/crs_ros2_interfaces -DCMAKE_INSTALL_PREFIX=/home/zenyn/Executive-Overlord/src/install/crs_ros2_interfaces
[3.137s] Invoking command in '/home/zenyn/Executive-Overlord/src/build/crs_ros2_interfaces': CMAKE_PREFIX_PATH=${CMAKE_PREFIX_PATH}:/home/zenyn/Executive-Overlord/src/Robosub-CLTool/install/pwm_cltool:/opt/ros/jazzy /usr/bin/cmake --build /home/zenyn/Executive-Overlord/src/build/crs_ros2_interfaces -- -j12 -l12
[3.187s] [  2%] [34m[1mGenerating type hashes for ROS interfaces[0m
[3.198s] [  2%] Built target ament_cmake_python_copy_crs_ros2_interfaces
[3.326s] [  2%] Built target crs_ros2_interfaces__rosidl_generator_type_description
[3.338s] [  5%] [34m[1mGenerating C code for ROS interfaces[0m
[3.349s] [  8%] [34m[1mGenerating C++ code for ROS interfaces[0m
[3.351s] running egg_info
[3.351s] creating crs_ros2_interfaces.egg-info
[3.363s] writing crs_ros2_interfaces.egg-info/PKG-INFO
[3.364s] writing dependency_links to crs_ros2_interfaces.egg-info/dependency_links.txt
[3.364s] writing top-level names to crs_ros2_interfaces.egg-info/top_level.txt
[3.364s] writing manifest file 'crs_ros2_interfaces.egg-info/SOURCES.txt'
[3.400s] reading manifest file 'crs_ros2_interfaces.egg-info/SOURCES.txt'
[3.400s] writing manifest file 'crs_ros2_interfaces.egg-info/SOURCES.txt'
[3.426s] [  8%] Built target ament_cmake_python_build_crs_ros2_interfaces_egg
[3.519s] [  8%] Built target crs_ros2_interfaces__cpp
[3.574s] [ 11%] [32mBuilding C object CMakeFiles/crs_ros2_interfaces__rosidl_generator_c.dir/rosidl_generator_c/crs_ros2_interfaces/msg/detail/pwm_cmd__functions.c.o[0m
[3.577s] [ 13%] [32mBuilding C object CMakeFiles/crs_ros2_interfaces__rosidl_generator_c.dir/rosidl_generator_c/crs_ros2_interfaces/msg/detail/pwm_cmd__description.c.o[0m
[3.577s] [ 16%] [32mBuilding C object CMakeFiles/crs_ros2_interfaces__rosidl_generator_c.dir/rosidl_generator_c/crs_ros2_interfaces/msg/detail/pwm_cmd__type_support.c.o[0m
[3.620s] [ 19%] [32m[1mLinking C shared library libcrs_ros2_interfaces__rosidl_generator_c.so[0m
[3.662s] [ 19%] Built target crs_ros2_interfaces__rosidl_generator_c
[3.673s] [ 22%] [34m[1mGenerating C++ type support dispatch for ROS interfaces[0m
[3.673s] [ 25%] [34m[1mGenerating C type support for eProsima Fast-RTPS[0m
[3.676s] [ 27%] [34m[1mGenerating C++ introspection for ROS interfaces[0m
[3.676s] [ 30%] [34m[1mGenerating C introspection for ROS interfaces[0m
[3.676s] [ 36%] [34m[1mGenerating C++ type support for eProsima Fast-RTPS[0m
[3.677s] [ 36%] [34m[1mGenerating C type support dispatch for ROS interfaces[0m
[3.891s] [ 38%] [32mBuilding CXX object CMakeFiles/crs_ros2_interfaces__rosidl_typesupport_introspection_cpp.dir/rosidl_typesupport_introspection_cpp/crs_ros2_interfaces/msg/detail/pwm_cmd__type_support.cpp.o[0m
[3.923s] [ 41%] [32mBuilding C object CMakeFiles/crs_ros2_interfaces__rosidl_typesupport_introspection_c.dir/rosidl_typesupport_introspection_c/crs_ros2_interfaces/msg/detail/pwm_cmd__type_support.c.o[0m
[3.933s] [ 44%] [32mBuilding CXX object CMakeFiles/crs_ros2_interfaces__rosidl_typesupport_cpp.dir/rosidl_typesupport_cpp/crs_ros2_interfaces/msg/pwm_cmd__type_support.cpp.o[0m
[3.961s] [ 47%] [32m[1mLinking C shared library libcrs_ros2_interfaces__rosidl_typesupport_introspection_c.so[0m
[3.980s] [ 50%] [32mBuilding CXX object CMakeFiles/crs_ros2_interfaces__rosidl_typesupport_c.dir/rosidl_typesupport_c/crs_ros2_interfaces/msg/pwm_cmd__type_support.cpp.o[0m
[3.992s] [ 52%] [32mBuilding CXX object CMakeFiles/crs_ros2_interfaces__rosidl_typesupport_fastrtps_cpp.dir/rosidl_typesupport_fastrtps_cpp/crs_ros2_interfaces/msg/detail/dds_fastrtps/pwm_cmd__type_support.cpp.o[0m
[3.997s] [ 52%] Built target crs_ros2_interfaces__rosidl_typesupport_introspection_c
[4.029s] [ 55%] [32m[1mLinking CXX shared library libcrs_ros2_interfaces__rosidl_typesupport_c.so[0m
[4.049s] [ 58%] [32mBuilding CXX object CMakeFiles/crs_ros2_interfaces__rosidl_typesupport_fastrtps_c.dir/rosidl_typesupport_fastrtps_c/crs_ros2_interfaces/msg/detail/pwm_cmd__type_support_c.cpp.o[0m
[4.079s] [ 58%] Built target crs_ros2_interfaces__rosidl_typesupport_c
[4.141s] [ 61%] [32m[1mLinking CXX shared library libcrs_ros2_interfaces__rosidl_typesupport_cpp.so[0m
[4.189s] [ 61%] Built target crs_ros2_interfaces__rosidl_typesupport_cpp
[4.215s] [ 63%] [32mBuilding CXX object CMakeFiles/publish_pwm_cmd.dir/src/publish_pwm_cmd.cpp.o[0m
[4.292s] [ 66%] [32m[1mLinking CXX shared library libcrs_ros2_interfaces__rosidl_typesupport_introspection_cpp.so[0m
[4.341s] [ 66%] Built target crs_ros2_interfaces__rosidl_typesupport_introspection_cpp
[4.351s] [ 69%] [32m[1mLinking CXX shared library libcrs_ros2_interfaces__rosidl_typesupport_fastrtps_cpp.so[0m
[4.362s] [ 72%] [32m[1mLinking CXX shared library libcrs_ros2_interfaces__rosidl_typesupport_fastrtps_c.so[0m
[4.391s] [ 72%] Built target crs_ros2_interfaces__rosidl_typesupport_fastrtps_cpp
[4.415s] [ 72%] Built target crs_ros2_interfaces__rosidl_typesupport_fastrtps_c
[4.440s] [ 72%] Built target crs_ros2_interfaces
[4.462s] [ 75%] [34m[1mGenerating Python code for ROS interfaces[0m
[4.668s] [ 75%] Built target crs_ros2_interfaces__py
[4.689s] [ 77%] [32mBuilding C object CMakeFiles/crs_ros2_interfaces__rosidl_generator_py.dir/rosidl_generator_py/crs_ros2_interfaces/msg/_pwm_cmd_s.c.o[0m
[4.787s] [ 80%] [32m[1mLinking C shared library libcrs_ros2_interfaces__rosidl_generator_py.so[0m
[4.825s] [ 80%] Built target crs_ros2_interfaces__rosidl_generator_py
[4.850s] [ 88%] [32mBuilding C object CMakeFiles/crs_ros2_interfaces_s__rosidl_typesupport_c.dir/rosidl_generator_py/crs_ros2_interfaces/_crs_ros2_interfaces_s.ep.rosidl_typesupport_c.c.o[0m
[4.850s] [ 88%] [32mBuilding C object CMakeFiles/crs_ros2_interfaces_s__rosidl_typesupport_fastrtps_c.dir/rosidl_generator_py/crs_ros2_interfaces/_crs_ros2_interfaces_s.ep.rosidl_typesupport_fastrtps_c.c.o[0m
[4.850s] [ 88%] [32mBuilding C object CMakeFiles/crs_ros2_interfaces_s__rosidl_typesupport_introspection_c.dir/rosidl_generator_py/crs_ros2_interfaces/_crs_ros2_interfaces_s.ep.rosidl_typesupport_introspection_c.c.o[0m
[4.919s] [ 91%] [32m[1mLinking C shared module rosidl_generator_py/crs_ros2_interfaces/crs_ros2_interfaces_s__rosidl_typesupport_introspection_c.so[0m
[4.945s] [ 94%] [32m[1mLinking C shared module rosidl_generator_py/crs_ros2_interfaces/crs_ros2_interfaces_s__rosidl_typesupport_c.so[0m
[4.949s] [ 94%] Built target crs_ros2_interfaces_s__rosidl_typesupport_introspection_c
[4.974s] [ 97%] [32m[1mLinking C shared module rosidl_generator_py/crs_ros2_interfaces/crs_ros2_interfaces_s__rosidl_typesupport_fastrtps_c.so[0m
[4.980s] [ 97%] Built target crs_ros2_interfaces_s__rosidl_typesupport_c
[5.008s] [ 97%] Built target crs_ros2_interfaces_s__rosidl_typesupport_fastrtps_c
[7.038s] [100%] [32m[1mLinking CXX executable publish_pwm_cmd[0m
[7.158s] [100%] Built target publish_pwm_cmd
[7.174s] Invoked command in '/home/zenyn/Executive-Overlord/src/build/crs_ros2_interfaces' returned '0': CMAKE_PREFIX_PATH=${CMAKE_PREFIX_PATH}:/home/zenyn/Executive-Overlord/src/Robosub-CLTool/install/pwm_cltool:/opt/ros/jazzy /usr/bin/cmake --build /home/zenyn/Executive-Overlord/src/build/crs_ros2_interfaces -- -j12 -l12
[7.188s] Invoking command in '/home/zenyn/Executive-Overlord/src/build/crs_ros2_interfaces': CMAKE_PREFIX_PATH=${CMAKE_PREFIX_PATH}:/home/zenyn/Executive-Overlord/src/Robosub-CLTool/install/pwm_cltool:/opt/ros/jazzy /usr/bin/cmake --install /home/zenyn/Executive-Overlord/src/build/crs_ros2_interfaces
[7.198s] -- Install configuration: ""
[7.199s] -- Installing: /home/zenyn/Executive-Overlord/src/install/crs_ros2_interfaces/share/ament_index/resource_index/rosidl_interfaces/crs_ros2_interfaces
[7.199s] -- Installing: /home/zenyn/Executive-Overlord/src/install/crs_ros2_interfaces/share/crs_ros2_interfaces/msg/PwmCmd.json
[7.199s] -- Installing: /home/zenyn/Executive-Overlord/src/install/crs_ros2_interfaces/include/crs_ros2_interfaces/crs_ros2_interfaces
[7.199s] -- Installing: /home/zenyn/Executive-Overlord/src/install/crs_ros2_interfaces/include/crs_ros2_interfaces/crs_ros2_interfaces/msg
[7.199s] -- Installing: /home/zenyn/Executive-Overlord/src/install/crs_ros2_interfaces/include/crs_ros2_interfaces/crs_ros2_interfaces/msg/rosidl_generator_c__visibility_control.h
[7.199s] -- Installing: /home/zenyn/Executive-Overlord/src/install/crs_ros2_interfaces/include/crs_ros2_interfaces/crs_ros2_interfaces/msg/detail
[7.200s] -- Installing: /home/zenyn/Executive-Overlord/src/install/crs_ros2_interfaces/include/crs_ros2_interfaces/crs_ros2_interfaces/msg/detail/pwm_cmd__type_support.c
[7.200s] -- Installing: /home/zenyn/Executive-Overlord/src/install/crs_ros2_interfaces/include/crs_ros2_interfaces/crs_ros2_interfaces/msg/detail/pwm_cmd__functions.h
[7.200s] -- Installing: /home/zenyn/Executive-Overlord/src/install/crs_ros2_interfaces/include/crs_ros2_interfaces/crs_ros2_interfaces/msg/detail/pwm_cmd__description.c
[7.200s] -- Installing: /home/zenyn/Executive-Overlord/src/install/crs_ros2_interfaces/include/crs_ros2_interfaces/crs_ros2_interfaces/msg/detail/pwm_cmd__functions.c
[7.200s] -- Installing: /home/zenyn/Executive-Overlord/src/install/crs_ros2_interfaces/include/crs_ros2_interfaces/crs_ros2_interfaces/msg/detail/pwm_cmd__struct.h
[7.200s] -- Installing: /home/zenyn/Executive-Overlord/src/install/crs_ros2_interfaces/include/crs_ros2_interfaces/crs_ros2_interfaces/msg/detail/pwm_cmd__type_support.h
[7.200s] -- Installing: /home/zenyn/Executive-Overlord/src/install/crs_ros2_interfaces/include/crs_ros2_interfaces/crs_ros2_interfaces/msg/pwm_cmd.h
[7.201s] -- Installing: /home/zenyn/Executive-Overlord/src/install/crs_ros2_interfaces/share/crs_ros2_interfaces/environment/library_path.sh
[7.201s] -- Installing: /home/zenyn/Executive-Overlord/src/install/crs_ros2_interfaces/share/crs_ros2_interfaces/environment/library_path.dsv
[7.201s] -- Installing: /home/zenyn/Executive-Overlord/src/install/crs_ros2_interfaces/lib/libcrs_ros2_interfaces__rosidl_generator_c.so
[7.201s] -- Set non-toolchain portion of runtime path of "/home/zenyn/Executive-Overlord/src/install/crs_ros2_interfaces/lib/libcrs_ros2_interfaces__rosidl_generator_c.so" to ""
[7.201s] -- Up-to-date: /home/zenyn/Executive-Overlord/src/install/crs_ros2_interfaces/include/crs_ros2_interfaces/crs_ros2_interfaces
[7.201s] -- Up-to-date: /home/zenyn/Executive-Overlord/src/install/crs_ros2_interfaces/include/crs_ros2_interfaces/crs_ros2_interfaces/msg
[7.201s] -- Installing: /home/zenyn/Executive-Overlord/src/install/crs_ros2_interfaces/include/crs_ros2_interfaces/crs_ros2_interfaces/msg/rosidl_typesupport_fastrtps_c__visibility_control.h
[7.202s] -- Up-to-date: /home/zenyn/Executive-Overlord/src/install/crs_ros2_interfaces/include/crs_ros2_interfaces/crs_ros2_interfaces/msg/detail
[7.202s] -- Installing: /home/zenyn/Executive-Overlord/src/install/crs_ros2_interfaces/include/crs_ros2_interfaces/crs_ros2_interfaces/msg/detail/pwm_cmd__rosidl_typesupport_fastrtps_c.h
[7.202s] -- Installing: /home/zenyn/Executive-Overlord/src/install/crs_ros2_interfaces/lib/libcrs_ros2_interfaces__rosidl_typesupport_fastrtps_c.so
[7.202s] -- Set non-toolchain portion of runtime path of "/home/zenyn/Executive-Overlord/src/install/crs_ros2_interfaces/lib/libcrs_ros2_interfaces__rosidl_typesupport_fastrtps_c.so" to ""
[7.202s] -- Up-to-date: /home/zenyn/Executive-Overlord/src/install/crs_ros2_interfaces/include/crs_ros2_interfaces/crs_ros2_interfaces
[7.202s] -- Up-to-date: /home/zenyn/Executive-Overlord/src/install/crs_ros2_interfaces/include/crs_ros2_interfaces/crs_ros2_interfaces/msg
[7.203s] -- Installing: /home/zenyn/Executive-Overlord/src/install/crs_ros2_interfaces/include/crs_ros2_interfaces/crs_ros2_interfaces/msg/rosidl_typesupport_introspection_c__visibility_control.h
[7.203s] -- Up-to-date: /home/zenyn/Executive-Overlord/src/install/crs_ros2_interfaces/include/crs_ros2_interfaces/crs_ros2_interfaces/msg/detail
[7.203s] -- Installing: /home/zenyn/Executive-Overlord/src/install/crs_ros2_interfaces/include/crs_ros2_interfaces/crs_ros2_interfaces/msg/detail/pwm_cmd__type_support.c
[7.203s] -- Installing: /home/zenyn/Executive-Overlord/src/install/crs_ros2_interfaces/include/crs_ros2_interfaces/crs_ros2_interfaces/msg/detail/pwm_cmd__rosidl_typesupport_introspection_c.h
[7.203s] -- Installing: /home/zenyn/Executive-Overlord/src/install/crs_ros2_interfaces/lib/libcrs_ros2_interfaces__rosidl_typesupport_introspection_c.so
[7.203s] -- Set non-toolchain portion of runtime path of "/home/zenyn/Executive-Overlord/src/install/crs_ros2_interfaces/lib/libcrs_ros2_interfaces__rosidl_typesupport_introspection_c.so" to ""
[7.204s] -- Installing: /home/zenyn/Executive-Overlord/src/install/crs_ros2_interfaces/lib/libcrs_ros2_interfaces__rosidl_typesupport_c.so
[7.204s] -- Set non-toolchain portion of runtime path of "/home/zenyn/Executive-Overlord/src/install/crs_ros2_interfaces/lib/libcrs_ros2_interfaces__rosidl_typesupport_c.so" to ""
[7.204s] -- Up-to-date: /home/zenyn/Executive-Overlord/src/install/crs_ros2_interfaces/include/crs_ros2_interfaces/crs_ros2_interfaces
[7.204s] -- Up-to-date: /home/zenyn/Executive-Overlord/src/install/crs_ros2_interfaces/include/crs_ros2_interfaces/crs_ros2_interfaces/msg
[7.204s] -- Installing: /home/zenyn/Executive-Overlord/src/install/crs_ros2_interfaces/include/crs_ros2_interfaces/crs_ros2_interfaces/msg/rosidl_generator_cpp__visibility_control.hpp
[7.204s] -- Up-to-date: /home/zenyn/Executive-Overlord/src/install/crs_ros2_interfaces/include/crs_ros2_interfaces/crs_ros2_interfaces/msg/detail
[7.204s] -- Installing: /home/zenyn/Executive-Overlord/src/install/crs_ros2_interfaces/include/crs_ros2_interfaces/crs_ros2_interfaces/msg/detail/pwm_cmd__traits.hpp
[7.205s] -- Installing: /home/zenyn/Executive-Overlord/src/install/crs_ros2_interfaces/include/crs_ros2_interfaces/crs_ros2_interfaces/msg/detail/pwm_cmd__type_support.hpp
[7.205s] -- Installing: /home/zenyn/Executive-Overlord/src/install/crs_ros2_interfaces/include/crs_ros2_interfaces/crs_ros2_interfaces/msg/detail/pwm_cmd__builder.hpp
[7.205s] -- Installing: /home/zenyn/Executive-Overlord/src/install/crs_ros2_interfaces/include/crs_ros2_interfaces/crs_ros2_interfaces/msg/detail/pwm_cmd__struct.hpp
[7.205s] -- Installing: /home/zenyn/Executive-Overlord/src/install/crs_ros2_interfaces/include/crs_ros2_interfaces/crs_ros2_interfaces/msg/pwm_cmd.hpp
[7.205s] -- Up-to-date: /home/zenyn/Executive-Overlord/src/install/crs_ros2_interfaces/include/crs_ros2_interfaces/crs_ros2_interfaces
[7.205s] -- Up-to-date: /home/zenyn/Executive-Overlord/src/install/crs_ros2_interfaces/include/crs_ros2_interfaces/crs_ros2_interfaces/msg
[7.205s] -- Installing: /home/zenyn/Executive-Overlord/src/install/crs_ros2_interfaces/include/crs_ros2_interfaces/crs_ros2_interfaces/msg/rosidl_typesupport_fastrtps_cpp__visibility_control.h
[7.206s] -- Up-to-date: /home/zenyn/Executive-Overlord/src/install/crs_ros2_interfaces/include/crs_ros2_interfaces/crs_ros2_interfaces/msg/detail
[7.206s] -- Installing: /home/zenyn/Executive-Overlord/src/install/crs_ros2_interfaces/include/crs_ros2_interfaces/crs_ros2_interfaces/msg/detail/dds_fastrtps
[7.206s] -- Installing: /home/zenyn/Executive-Overlord/src/install/crs_ros2_interfaces/include/crs_ros2_interfaces/crs_ros2_interfaces/msg/detail/pwm_cmd__rosidl_typesupport_fastrtps_cpp.hpp
[7.206s] -- Installing: /home/zenyn/Executive-Overlord/src/install/crs_ros2_interfaces/lib/libcrs_ros2_interfaces__rosidl_typesupport_fastrtps_cpp.so
[7.206s] -- Set non-toolchain portion of runtime path of "/home/zenyn/Executive-Overlord/src/install/crs_ros2_interfaces/lib/libcrs_ros2_interfaces__rosidl_typesupport_fastrtps_cpp.so" to ""
[7.206s] -- Up-to-date: /home/zenyn/Executive-Overlord/src/install/crs_ros2_interfaces/include/crs_ros2_interfaces/crs_ros2_interfaces
[7.206s] -- Up-to-date: /home/zenyn/Executive-Overlord/src/install/crs_ros2_interfaces/include/crs_ros2_interfaces/crs_ros2_interfaces/msg
[7.206s] -- Up-to-date: /home/zenyn/Executive-Overlord/src/install/crs_ros2_interfaces/include/crs_ros2_interfaces/crs_ros2_interfaces/msg/detail
[7.206s] -- Installing: /home/zenyn/Executive-Overlord/src/install/crs_ros2_interfaces/include/crs_ros2_interfaces/crs_ros2_interfaces/msg/detail/pwm_cmd__rosidl_typesupport_introspection_cpp.hpp
[7.206s] -- Installing: /home/zenyn/Executive-Overlord/src/install/crs_ros2_interfaces/include/crs_ros2_interfaces/crs_ros2_interfaces/msg/detail/pwm_cmd__type_support.cpp
[7.207s] -- Installing: /home/zenyn/Executive-Overlord/src/install/crs_ros2_interfaces/lib/libcrs_ros2_interfaces__rosidl_typesupport_introspection_cpp.so
[7.207s] -- Set non-toolchain portion of runtime path of "/home/zenyn/Executive-Overlord/src/install/crs_ros2_interfaces/lib/libcrs_ros2_interfaces__rosidl_typesupport_introspection_cpp.so" to ""
[7.207s] -- Installing: /home/zenyn/Executive-Overlord/src/install/crs_ros2_interfaces/lib/libcrs_ros2_interfaces__rosidl_typesupport_cpp.so
[7.207s] -- Set non-toolchain portion of runtime path of "/home/zenyn/Executive-Overlord/src/install/crs_ros2_interfaces/lib/libcrs_ros2_interfaces__rosidl_typesupport_cpp.so" to ""
[7.207s] -- Installing: /home/zenyn/Executive-Overlord/src/install/crs_ros2_interfaces/share/crs_ros2_interfaces/environment/pythonpath.sh
[7.207s] -- Installing: /home/zenyn/Executive-Overlord/src/install/crs_ros2_interfaces/share/crs_ros2_interfaces/environment/pythonpath.dsv
[7.207s] -- Installing: /home/zenyn/Executive-Overlord/src/install/crs_ros2_interfaces/lib/python3.12/site-packages/crs_ros2_interfaces-0.0.0-py3.12.egg-info
[7.207s] -- Installing: /home/zenyn/Executive-Overlord/src/install/crs_ros2_interfaces/lib/python3.12/site-packages/crs_ros2_interfaces-0.0.0-py3.12.egg-info/top_level.txt
[7.207s] -- Installing: /home/zenyn/Executive-Overlord/src/install/crs_ros2_interfaces/lib/python3.12/site-packages/crs_ros2_interfaces-0.0.0-py3.12.egg-info/PKG-INFO
[7.207s] -- Installing: /home/zenyn/Executive-Overlord/src/install/crs_ros2_interfaces/lib/python3.12/site-packages/crs_ros2_interfaces-0.0.0-py3.12.egg-info/dependency_links.txt
[7.207s] -- Installing: /home/zenyn/Executive-Overlord/src/install/crs_ros2_interfaces/lib/python3.12/site-packages/crs_ros2_interfaces-0.0.0-py3.12.egg-info/SOURCES.txt
[7.207s] -- Installing: /home/zenyn/Executive-Overlord/src/install/crs_ros2_interfaces/lib/python3.12/site-packages/crs_ros2_interfaces
[7.207s] -- Installing: /home/zenyn/Executive-Overlord/src/install/crs_ros2_interfaces/lib/python3.12/site-packages/crs_ros2_interfaces/crs_ros2_interfaces_s__rosidl_typesupport_introspection_c.so
[7.207s] -- Installing: /home/zenyn/Executive-Overlord/src/install/crs_ros2_interfaces/lib/python3.12/site-packages/crs_ros2_interfaces/__init__.py
[7.207s] -- Installing: /home/zenyn/Executive-Overlord/src/install/crs_ros2_interfaces/lib/python3.12/site-packages/crs_ros2_interfaces/msg
[7.207s] -- Installing: /home/zenyn/Executive-Overlord/src/install/crs_ros2_interfaces/lib/python3.12/site-packages/crs_ros2_interfaces/msg/__init__.py
[7.207s] -- Installing: /home/zenyn/Executive-Overlord/src/install/crs_ros2_interfaces/lib/python3.12/site-packages/crs_ros2_interfaces/msg/_pwm_cmd.py
[7.207s] -- Installing: /home/zenyn/Executive-Overlord/src/install/crs_ros2_interfaces/lib/python3.12/site-packages/crs_ros2_interfaces/msg/_pwm_cmd_s.c
[7.207s] -- Installing: /home/zenyn/Executive-Overlord/src/install/crs_ros2_interfaces/lib/python3.12/site-packages/crs_ros2_interfaces/_crs_ros2_interfaces_s.ep.rosidl_typesupport_fastrtps_c.c
[7.208s] -- Installing: /home/zenyn/Executive-Overlord/src/install/crs_ros2_interfaces/lib/python3.12/site-packages/crs_ros2_interfaces/_crs_ros2_interfaces_s.ep.rosidl_typesupport_c.c
[7.208s] -- Installing: /home/zenyn/Executive-Overlord/src/install/crs_ros2_interfaces/lib/python3.12/site-packages/crs_ros2_interfaces/_crs_ros2_interfaces_s.ep.rosidl_typesupport_introspection_c.c
[7.208s] -- Installing: /home/zenyn/Executive-Overlord/src/install/crs_ros2_interfaces/lib/python3.12/site-packages/crs_ros2_interfaces/crs_ros2_interfaces_s__rosidl_typesupport_fastrtps_c.so
[7.208s] -- Installing: /home/zenyn/Executive-Overlord/src/install/crs_ros2_interfaces/lib/python3.12/site-packages/crs_ros2_interfaces/crs_ros2_interfaces_s__rosidl_typesupport_c.so
[7.236s] Listing '/home/zenyn/Executive-Overlord/src/install/crs_ros2_interfaces/lib/python3.12/site-packages/crs_ros2_interfaces'...
[7.236s] Compiling '/home/zenyn/Executive-Overlord/src/install/crs_ros2_interfaces/lib/python3.12/site-packages/crs_ros2_interfaces/__init__.py'...
[7.236s] Listing '/home/zenyn/Executive-Overlord/src/install/crs_ros2_interfaces/lib/python3.12/site-packages/crs_ros2_interfaces/msg'...
[7.236s] Compiling '/home/zenyn/Executive-Overlord/src/install/crs_ros2_interfaces/lib/python3.12/site-packages/crs_ros2_interfaces/msg/__init__.py'...
[7.236s] Compiling '/home/zenyn/Executive-Overlord/src/install/crs_ros2_interfaces/lib/python3.12/site-packages/crs_ros2_interfaces/msg/_pwm_cmd.py'...
[7.240s] -- Installing: /home/zenyn/Executive-Overlord/src/install/crs_ros2_interfaces/lib/python3.12/site-packages/crs_ros2_interfaces/crs_ros2_interfaces_s__rosidl_typesupport_fastrtps_c.so
[7.241s] -- Set non-toolchain portion of runtime path of "/home/zenyn/Executive-Overlord/src/install/crs_ros2_interfaces/lib/python3.12/site-packages/crs_ros2_interfaces/crs_ros2_interfaces_s__rosidl_typesupport_fastrtps_c.so" to ""
[7.241s] -- Installing: /home/zenyn/Executive-Overlord/src/install/crs_ros2_interfaces/lib/python3.12/site-packages/crs_ros2_interfaces/crs_ros2_interfaces_s__rosidl_typesupport_introspection_c.so
[7.241s] -- Set non-toolchain portion of runtime path of "/home/zenyn/Executive-Overlord/src/install/crs_ros2_interfaces/lib/python3.12/site-packages/crs_ros2_interfaces/crs_ros2_interfaces_s__rosidl_typesupport_introspection_c.so" to ""
[7.241s] -- Installing: /home/zenyn/Executive-Overlord/src/install/crs_ros2_interfaces/lib/python3.12/site-packages/crs_ros2_interfaces/crs_ros2_interfaces_s__rosidl_typesupport_c.so
[7.241s] -- Set non-toolchain portion of runtime path of "/home/zenyn/Executive-Overlord/src/install/crs_ros2_interfaces/lib/python3.12/site-packages/crs_ros2_interfaces/crs_ros2_interfaces_s__rosidl_typesupport_c.so" to ""
[7.241s] -- Installing: /home/zenyn/Executive-Overlord/src/install/crs_ros2_interfaces/lib/libcrs_ros2_interfaces__rosidl_generator_py.so
[7.242s] -- Set non-toolchain portion of runtime path of "/home/zenyn/Executive-Overlord/src/install/crs_ros2_interfaces/lib/libcrs_ros2_interfaces__rosidl_generator_py.so" to ""
[7.242s] -- Installing: /home/zenyn/Executive-Overlord/src/install/crs_ros2_interfaces/share/crs_ros2_interfaces/msg/PwmCmd.idl
[7.242s] -- Installing: /home/zenyn/Executive-Overlord/src/install/crs_ros2_interfaces/share/crs_ros2_interfaces/msg/PwmCmd.msg
[7.242s] -- Installing: /home/zenyn/Executive-Overlord/src/install/crs_ros2_interfaces/lib/crs_ros2_interfaces/publish_pwm_cmd
[7.242s] -- Set non-toolchain portion of runtime path of "/home/zenyn/Executive-Overlord/src/install/crs_ros2_interfaces/lib/crs_ros2_interfaces/publish_pwm_cmd" to ""
[7.242s] -- Installing: /home/zenyn/Executive-Overlord/src/install/crs_ros2_interfaces/share/ament_index/resource_index/package_run_dependencies/crs_ros2_interfaces
[7.242s] -- Installing: /home/zenyn/Executive-Overlord/src/install/crs_ros2_interfaces/share/ament_index/resource_index/parent_prefix_path/crs_ros2_interfaces
[7.242s] -- Installing: /home/zenyn/Executive-Overlord/src/install/crs_ros2_interfaces/share/crs_ros2_interfaces/environment/ament_prefix_path.sh
[7.242s] -- Installing: /home/zenyn/Executive-Overlord/src/install/crs_ros2_interfaces/share/crs_ros2_interfaces/environment/ament_prefix_path.dsv
[7.243s] -- Installing: /home/zenyn/Executive-Overlord/src/install/crs_ros2_interfaces/share/crs_ros2_interfaces/environment/path.sh
[7.243s] -- Installing: /home/zenyn/Executive-Overlord/src/install/crs_ros2_interfaces/share/crs_ros2_interfaces/environment/path.dsv
[7.243s] -- Installing: /home/zenyn/Executive-Overlord/src/install/crs_ros2_interfaces/share/crs_ros2_interfaces/local_setup.bash
[7.243s] -- Installing: /home/zenyn/Executive-Overlord/src/install/crs_ros2_interfaces/share/crs_ros2_interfaces/local_setup.sh
[7.243s] -- Installing: /home/zenyn/Executive-Overlord/src/install/crs_ros2_interfaces/share/crs_ros2_interfaces/local_setup.zsh
[7.243s] -- Installing: /home/zenyn/Executive-Overlord/src/install/crs_ros2_interfaces/share/crs_ros2_interfaces/local_setup.dsv
[7.243s] -- Installing: /home/zenyn/Executive-Overlord/src/install/crs_ros2_interfaces/share/crs_ros2_interfaces/package.dsv
[7.243s] -- Installing: /home/zenyn/Executive-Overlord/src/install/crs_ros2_interfaces/share/ament_index/resource_index/packages/crs_ros2_interfaces
[7.244s] -- Installing: /home/zenyn/Executive-Overlord/src/install/crs_ros2_interfaces/share/crs_ros2_interfaces/cmake/export_crs_ros2_interfaces__rosidl_generator_cExport.cmake
[7.244s] -- Installing: /home/zenyn/Executive-Overlord/src/install/crs_ros2_interfaces/share/crs_ros2_interfaces/cmake/export_crs_ros2_interfaces__rosidl_generator_cExport-noconfig.cmake
[7.244s] -- Installing: /home/zenyn/Executive-Overlord/src/install/crs_ros2_interfaces/share/crs_ros2_interfaces/cmake/export_crs_ros2_interfaces__rosidl_typesupport_fastrtps_cExport.cmake
[7.244s] -- Installing: /home/zenyn/Executive-Overlord/src/install/crs_ros2_interfaces/share/crs_ros2_interfaces/cmake/export_crs_ros2_interfaces__rosidl_typesupport_fastrtps_cExport-noconfig.cmake
[7.244s] -- Installing: /home/zenyn/Executive-Overlord/src/install/crs_ros2_interfaces/share/crs_ros2_interfaces/cmake/crs_ros2_interfaces__rosidl_typesupport_introspection_cExport.cmake
[7.244s] -- Installing: /home/zenyn/Executive-Overlord/src/install/crs_ros2_interfaces/share/crs_ros2_interfaces/cmake/crs_ros2_interfaces__rosidl_typesupport_introspection_cExport-noconfig.cmake
[7.244s] -- Installing: /home/zenyn/Executive-Overlord/src/install/crs_ros2_interfaces/share/crs_ros2_interfaces/cmake/crs_ros2_interfaces__rosidl_typesupport_cExport.cmake
[7.244s] -- Installing: /home/zenyn/Executive-Overlord/src/install/crs_ros2_interfaces/share/crs_ros2_interfaces/cmake/crs_ros2_interfaces__rosidl_typesupport_cExport-noconfig.cmake
[7.244s] -- Installing: /home/zenyn/Executive-Overlord/src/install/crs_ros2_interfaces/share/crs_ros2_interfaces/cmake/export_crs_ros2_interfaces__rosidl_generator_cppExport.cmake
[7.244s] -- Installing: /home/zenyn/Executive-Overlord/src/install/crs_ros2_interfaces/share/crs_ros2_interfaces/cmake/export_crs_ros2_interfaces__rosidl_typesupport_fastrtps_cppExport.cmake
[7.244s] -- Installing: /home/zenyn/Executive-Overlord/src/install/crs_ros2_interfaces/share/crs_ros2_interfaces/cmake/export_crs_ros2_interfaces__rosidl_typesupport_fastrtps_cppExport-noconfig.cmake
[7.244s] -- Installing: /home/zenyn/Executive-Overlord/src/install/crs_ros2_interfaces/share/crs_ros2_interfaces/cmake/crs_ros2_interfaces__rosidl_typesupport_introspection_cppExport.cmake
[7.244s] -- Installing: /home/zenyn/Executive-Overlord/src/install/crs_ros2_interfaces/share/crs_ros2_interfaces/cmake/crs_ros2_interfaces__rosidl_typesupport_introspection_cppExport-noconfig.cmake
[7.245s] -- Installing: /home/zenyn/Executive-Overlord/src/install/crs_ros2_interfaces/share/crs_ros2_interfaces/cmake/crs_ros2_interfaces__rosidl_typesupport_cppExport.cmake
[7.245s] -- Installing: /home/zenyn/Executive-Overlord/src/install/crs_ros2_interfaces/share/crs_ros2_interfaces/cmake/crs_ros2_interfaces__rosidl_typesupport_cppExport-noconfig.cmake
[7.245s] -- Installing: /home/zenyn/Executive-Overlord/src/install/crs_ros2_interfaces/share/crs_ros2_interfaces/cmake/export_crs_ros2_interfaces__rosidl_generator_pyExport.cmake
[7.245s] -- Installing: /home/zenyn/Executive-Overlord/src/install/crs_ros2_interfaces/share/crs_ros2_interfaces/cmake/export_crs_ros2_interfaces__rosidl_generator_pyExport-noconfig.cmake
[7.245s] -- Installing: /home/zenyn/Executive-Overlord/src/install/crs_ros2_interfaces/share/crs_ros2_interfaces/cmake/rosidl_cmake-extras.cmake
[7.245s] -- Installing: /home/zenyn/Executive-Overlord/src/install/crs_ros2_interfaces/share/crs_ros2_interfaces/cmake/ament_cmake_export_include_directories-extras.cmake
[7.245s] -- Installing: /home/zenyn/Executive-Overlord/src/install/crs_ros2_interfaces/share/crs_ros2_interfaces/cmake/ament_cmake_export_libraries-extras.cmake
[7.245s] -- Installing: /home/zenyn/Executive-Overlord/src/install/crs_ros2_interfaces/share/crs_ros2_interfaces/cmake/ament_cmake_export_targets-extras.cmake
[7.245s] -- Installing: /home/zenyn/Executive-Overlord/src/install/crs_ros2_interfaces/share/crs_ros2_interfaces/cmake/rosidl_cmake_export_typesupport_targets-extras.cmake
[7.245s] -- Installing: /home/zenyn/Executive-Overlord/src/install/crs_ros2_interfaces/share/crs_ros2_interfaces/cmake/ament_cmake_export_dependencies-extras.cmake
[7.245s] -- Installing: /home/zenyn/Executive-Overlord/src/install/crs_ros2_interfaces/share/crs_ros2_interfaces/cmake/rosidl_cmake_export_typesupport_libraries-extras.cmake
[7.245s] -- Installing: /home/zenyn/Executive-Overlord/src/install/crs_ros2_interfaces/share/crs_ros2_interfaces/cmake/crs_ros2_interfacesConfig.cmake
[7.245s] -- Installing: /home/zenyn/Executive-Overlord/src/install/crs_ros2_interfaces/share/crs_ros2_interfaces/cmake/crs_ros2_interfacesConfig-version.cmake
[7.245s] -- Installing: /home/zenyn/Executive-Overlord/src/install/crs_ros2_interfaces/share/crs_ros2_interfaces/package.xml
[7.246s] Invoked command in '/home/zenyn/Executive-Overlord/src/build/crs_ros2_interfaces' returned '0': CMAKE_PREFIX_PATH=${CMAKE_PREFIX_PATH}:/home/zenyn/Executive-Overlord/src/Robosub-CLTool/install/pwm_cltool:/opt/ros/jazzy /usr/bin/cmake --install /home/zenyn/Executive-Overlord/src/build/crs_ros2_interfaces
