/home/zenyn/Executive-Overlord/src/install/pwm_cltool/lib/python3.12/site-packages/pwm_cltool/pwm_publisher.py
/home/zenyn/Executive-Overlord/src/install/pwm_cltool/lib/python3.12/site-packages/pwm_cltool/__init__.py
/home/zenyn/Executive-Overlord/src/install/pwm_cltool/lib/python3.12/site-packages/pwm_cltool/plant.py
/home/zenyn/Executive-Overlord/src/install/pwm_cltool/lib/python3.12/site-packages/pwm_cltool/pwm_cltool.py
/home/zenyn/Executive-Overlord/src/install/pwm_cltool/lib/python3.12/site-packages/pwm_cltool/main.py
/home/zenyn/Executive-Overlord/src/install/pwm_cltool/lib/python3.12/site-packages/pwm_cltool/runner.py
/home/zenyn/Executive-Overlord/src/install/pwm_cltool/lib/python3.12/site-packages/pwm_cltool/__pycache__/pwm_publisher.cpython-312.pyc
/home/zenyn/Executive-Overlord/src/install/pwm_cltool/lib/python3.12/site-packages/pwm_cltool/__pycache__/__init__.cpython-312.pyc
/home/zenyn/Executive-Overlord/src/install/pwm_cltool/lib/python3.12/site-packages/pwm_cltool/__pycache__/plant.cpython-312.pyc
/home/zenyn/Executive-Overlord/src/install/pwm_cltool/lib/python3.12/site-packages/pwm_cltool/__pycache__/pwm_cltool.cpython-312.pyc
/home/zenyn/Executive-Overlord/src/install/pwm_cltool/lib/python3.12/site-packages/pwm_cltool/__pycache__/main.cpython-312.pyc
/home/zenyn/Executive-Overlord/src/install/pwm_cltool/lib/python3.12/site-packages/pwm_cltool/__pycache__/runner.cpython-312.pyc
/home/zenyn/Executive-Overlord/src/install/pwm_cltool/share/ament_index/resource_index/packages/pwm_cltool
/home/zenyn/Executive-Overlord/src/install/pwm_cltool/share/pwm_cltool/package.xml
/home/zenyn/Executive-Overlord/src/install/pwm_cltool/lib/python3.12/site-packages/pwm_cltool-0.0.0-py3.12.egg-info/top_level.txt
/home/zenyn/Executive-Overlord/src/install/pwm_cltool/lib/python3.12/site-packages/pwm_cltool-0.0.0-py3.12.egg-info/entry_points.txt
/home/zenyn/Executive-Overlord/src/install/pwm_cltool/lib/python3.12/site-packages/pwm_cltool-0.0.0-py3.12.egg-info/zip-safe
/home/zenyn/Executive-Overlord/src/install/pwm_cltool/lib/python3.12/site-packages/pwm_cltool-0.0.0-py3.12.egg-info/PKG-INFO
/home/zenyn/Executive-Overlord/src/install/pwm_cltool/lib/python3.12/site-packages/pwm_cltool-0.0.0-py3.12.egg-info/dependency_links.txt
/home/zenyn/Executive-Overlord/src/install/pwm_cltool/lib/python3.12/site-packages/pwm_cltool-0.0.0-py3.12.egg-info/SOURCES.txt
/home/zenyn/Executive-Overlord/src/install/pwm_cltool/lib/python3.12/site-packages/pwm_cltool-0.0.0-py3.12.egg-info/requires.txt
/home/zenyn/Executive-Overlord/src/install/pwm_cltool/lib/pwm_cltool/pwm_cltool_node
