[0.076s] DEBUG:colcon:Command line arguments: ['/usr/bin/colcon', 'build', '--packages-select', 'crs_ros2_interfaces']
[0.076s] DEBUG:colcon:Parsed command line arguments: Namespace(log_base=None, log_level=None, verb_name='build', build_base='build', install_base='install', merge_install=False, symlink_install=False, test_result_base=None, continue_on_error=False, executor='parallel', parallel_workers=12, event_handlers=None, ignore_user_meta=False, metas=['./colcon.meta'], base_paths=['.'], packages_ignore=None, packages_ignore_regex=None, paths=None, packages_up_to=None, packages_up_to_regex=None, packages_above=None, packages_above_and_dependencies=None, packages_above_depth=None, packages_select_by_dep=None, packages_skip_by_dep=None, packages_skip_up_to=None, packages_select_build_failed=False, packages_skip_build_finished=False, packages_select_test_failures=False, packages_skip_test_passed=False, packages_select=['crs_ros2_interfaces'], packages_skip=None, packages_select_regex=None, packages_skip_regex=None, packages_start=None, packages_end=None, allow_overriding=[], cmake_args=None, cmake_target=None, cmake_target_skip_unavailable=False, cmake_clean_cache=False, cmake_clean_first=False, cmake_force_configure=False, ament_cmake_args=None, catkin_cmake_args=None, catkin_skip_building_tests=False, mixin_files=None, mixin=None, verb_parser=<colcon_mixin.mixin.mixin_argument.MixinArgumentDecorator object at 0x79c908e964e0>, verb_extension=<colcon_core.verb.build.BuildVerb object at 0x79c908e961e0>, main=<bound method BuildVerb.main of <colcon_core.verb.build.BuildVerb object at 0x79c908e961e0>>, mixin_verb=('build',))
[0.102s] Level 1:colcon.colcon_core.package_discovery:discover_packages(colcon_meta) check parameters
[0.103s] Level 1:colcon.colcon_core.package_discovery:discover_packages(recursive) check parameters
[0.103s] Level 1:colcon.colcon_core.package_discovery:discover_packages(ignore) check parameters
[0.103s] Level 1:colcon.colcon_core.package_discovery:discover_packages(path) check parameters
[0.103s] Level 1:colcon.colcon_core.package_discovery:discover_packages(colcon_meta) discover
[0.103s] Level 1:colcon.colcon_core.package_discovery:discover_packages(recursive) discover
[0.103s] INFO:colcon.colcon_core.package_discovery:Crawling recursively for packages in '/home/zenyn/Executive-Overlord/src'
[0.103s] Level 1:colcon.colcon_core.package_identification:_identify(.) by extensions ['ignore', 'ignore_ament_install']
[0.103s] Level 1:colcon.colcon_core.package_identification:_identify(.) by extension 'ignore'
[0.103s] Level 1:colcon.colcon_core.package_identification:_identify(.) by extension 'ignore_ament_install'
[0.103s] Level 1:colcon.colcon_core.package_identification:_identify(.) by extensions ['colcon_pkg']
[0.103s] Level 1:colcon.colcon_core.package_identification:_identify(.) by extension 'colcon_pkg'
[0.103s] Level 1:colcon.colcon_core.package_identification:_identify(.) by extensions ['colcon_meta']
[0.103s] Level 1:colcon.colcon_core.package_identification:_identify(.) by extension 'colcon_meta'
[0.103s] Level 1:colcon.colcon_core.package_identification:_identify(.) by extensions ['ros']
[0.103s] Level 1:colcon.colcon_core.package_identification:_identify(.) by extension 'ros'
[0.121s] Level 1:colcon.colcon_core.package_identification:_identify(.) by extensions ['cmake', 'python']
[0.121s] Level 1:colcon.colcon_core.package_identification:_identify(.) by extension 'cmake'
[0.121s] Level 1:colcon.colcon_core.package_identification:_identify(.) by extension 'python'
[0.121s] Level 1:colcon.colcon_core.package_identification:_identify(.) by extensions ['python_setup_py']
[0.121s] Level 1:colcon.colcon_core.package_identification:_identify(.) by extension 'python_setup_py'
[0.121s] Level 1:colcon.colcon_core.package_identification:_identify(ExecutiveMainLoop) by extensions ['ignore', 'ignore_ament_install']
[0.121s] Level 1:colcon.colcon_core.package_identification:_identify(ExecutiveMainLoop) by extension 'ignore'
[0.121s] Level 1:colcon.colcon_core.package_identification:_identify(ExecutiveMainLoop) by extension 'ignore_ament_install'
[0.122s] Level 1:colcon.colcon_core.package_identification:_identify(ExecutiveMainLoop) by extensions ['colcon_pkg']
[0.122s] Level 1:colcon.colcon_core.package_identification:_identify(ExecutiveMainLoop) by extension 'colcon_pkg'
[0.122s] Level 1:colcon.colcon_core.package_identification:_identify(ExecutiveMainLoop) by extensions ['colcon_meta']
[0.122s] Level 1:colcon.colcon_core.package_identification:_identify(ExecutiveMainLoop) by extension 'colcon_meta'
[0.122s] Level 1:colcon.colcon_core.package_identification:_identify(ExecutiveMainLoop) by extensions ['ros']
[0.122s] Level 1:colcon.colcon_core.package_identification:_identify(ExecutiveMainLoop) by extension 'ros'
[0.124s] WARNING:colcon.colcon_core.package_identification:ROS package 'executive_main_loop' in 'ExecutiveMainLoop' has more than one build type
[0.124s] Level 1:colcon.colcon_core.package_identification:_identify(ExecutiveMainLoop) by extensions ['cmake', 'python']
[0.124s] Level 1:colcon.colcon_core.package_identification:_identify(ExecutiveMainLoop) by extension 'cmake'
[0.127s] Level 1:colcon.colcon_core.package_identification:_identify(ExecutiveMainLoop) by extension 'python'
[0.127s] DEBUG:colcon.colcon_core.package_identification:Package 'ExecutiveMainLoop' with type 'cmake' and name 'executive_main_loop'
[0.128s] Level 1:colcon.colcon_core.package_identification:_identify(Robosub-CLTool) by extensions ['ignore', 'ignore_ament_install']
[0.128s] Level 1:colcon.colcon_core.package_identification:_identify(Robosub-CLTool) by extension 'ignore'
[0.128s] Level 1:colcon.colcon_core.package_identification:_identify(Robosub-CLTool) by extension 'ignore_ament_install'
[0.128s] Level 1:colcon.colcon_core.package_identification:_identify(Robosub-CLTool) by extensions ['colcon_pkg']
[0.128s] Level 1:colcon.colcon_core.package_identification:_identify(Robosub-CLTool) by extension 'colcon_pkg'
[0.128s] Level 1:colcon.colcon_core.package_identification:_identify(Robosub-CLTool) by extensions ['colcon_meta']
[0.128s] Level 1:colcon.colcon_core.package_identification:_identify(Robosub-CLTool) by extension 'colcon_meta'
[0.128s] Level 1:colcon.colcon_core.package_identification:_identify(Robosub-CLTool) by extensions ['ros']
[0.128s] Level 1:colcon.colcon_core.package_identification:_identify(Robosub-CLTool) by extension 'ros'
[0.129s] DEBUG:colcon.colcon_core.package_identification:Package 'Robosub-CLTool' with type 'ros.ament_python' and name 'pwm_cltool'
[0.130s] Level 1:colcon.colcon_core.package_identification:_identify(Thrust-Control) by extensions ['ignore', 'ignore_ament_install']
[0.130s] Level 1:colcon.colcon_core.package_identification:_identify(Thrust-Control) by extension 'ignore'
[0.130s] Level 1:colcon.colcon_core.package_identification:_identify(Thrust-Control) by extension 'ignore_ament_install'
[0.130s] Level 1:colcon.colcon_core.package_identification:_identify(Thrust-Control) by extensions ['colcon_pkg']
[0.130s] Level 1:colcon.colcon_core.package_identification:_identify(Thrust-Control) by extension 'colcon_pkg'
[0.130s] Level 1:colcon.colcon_core.package_identification:_identify(Thrust-Control) by extensions ['colcon_meta']
[0.130s] Level 1:colcon.colcon_core.package_identification:_identify(Thrust-Control) by extension 'colcon_meta'
[0.130s] Level 1:colcon.colcon_core.package_identification:_identify(Thrust-Control) by extensions ['ros']
[0.130s] Level 1:colcon.colcon_core.package_identification:_identify(Thrust-Control) by extension 'ros'
[0.131s] DEBUG:colcon.colcon_core.package_identification:Package 'Thrust-Control' with type 'ros.ament_cmake' and name 'thrust_control'
[0.131s] Level 1:colcon.colcon_core.package_identification:_identify(build) by extensions ['ignore', 'ignore_ament_install']
[0.132s] Level 1:colcon.colcon_core.package_identification:_identify(build) by extension 'ignore'
[0.132s] Level 1:colcon.colcon_core.package_identification:_identify(build) ignored
[0.132s] Level 1:colcon.colcon_core.package_identification:_identify(crs_common) by extensions ['ignore', 'ignore_ament_install']
[0.132s] Level 1:colcon.colcon_core.package_identification:_identify(crs_common) by extension 'ignore'
[0.132s] Level 1:colcon.colcon_core.package_identification:_identify(crs_common) by extension 'ignore_ament_install'
[0.132s] Level 1:colcon.colcon_core.package_identification:_identify(crs_common) by extensions ['colcon_pkg']
[0.132s] Level 1:colcon.colcon_core.package_identification:_identify(crs_common) by extension 'colcon_pkg'
[0.132s] Level 1:colcon.colcon_core.package_identification:_identify(crs_common) by extensions ['colcon_meta']
[0.132s] Level 1:colcon.colcon_core.package_identification:_identify(crs_common) by extension 'colcon_meta'
[0.132s] Level 1:colcon.colcon_core.package_identification:_identify(crs_common) by extensions ['ros']
[0.132s] Level 1:colcon.colcon_core.package_identification:_identify(crs_common) by extension 'ros'
[0.132s] Level 1:colcon.colcon_core.package_identification:_identify(crs_common) by extensions ['cmake', 'python']
[0.132s] Level 1:colcon.colcon_core.package_identification:_identify(crs_common) by extension 'cmake'
[0.133s] Level 1:colcon.colcon_core.package_identification:_identify(crs_common) by extension 'python'
[0.133s] Level 1:colcon.colcon_core.package_identification:_identify(crs_common) by extensions ['python_setup_py']
[0.133s] Level 1:colcon.colcon_core.package_identification:_identify(crs_common) by extension 'python_setup_py'
[0.133s] Level 1:colcon.colcon_core.package_identification:_identify(crs_common/build) by extensions ['ignore', 'ignore_ament_install']
[0.133s] Level 1:colcon.colcon_core.package_identification:_identify(crs_common/build) by extension 'ignore'
[0.133s] Level 1:colcon.colcon_core.package_identification:_identify(crs_common/build) ignored
[0.133s] Level 1:colcon.colcon_core.package_identification:_identify(crs_common/crs_ros2_interfaces) by extensions ['ignore', 'ignore_ament_install']
[0.133s] Level 1:colcon.colcon_core.package_identification:_identify(crs_common/crs_ros2_interfaces) by extension 'ignore'
[0.133s] Level 1:colcon.colcon_core.package_identification:_identify(crs_common/crs_ros2_interfaces) by extension 'ignore_ament_install'
[0.134s] Level 1:colcon.colcon_core.package_identification:_identify(crs_common/crs_ros2_interfaces) by extensions ['colcon_pkg']
[0.134s] Level 1:colcon.colcon_core.package_identification:_identify(crs_common/crs_ros2_interfaces) by extension 'colcon_pkg'
[0.134s] Level 1:colcon.colcon_core.package_identification:_identify(crs_common/crs_ros2_interfaces) by extensions ['colcon_meta']
[0.134s] Level 1:colcon.colcon_core.package_identification:_identify(crs_common/crs_ros2_interfaces) by extension 'colcon_meta'
[0.134s] Level 1:colcon.colcon_core.package_identification:_identify(crs_common/crs_ros2_interfaces) by extensions ['ros']
[0.134s] Level 1:colcon.colcon_core.package_identification:_identify(crs_common/crs_ros2_interfaces) by extension 'ros'
[0.134s] DEBUG:colcon.colcon_core.package_identification:Package 'crs_common/crs_ros2_interfaces' with type 'ros.ament_cmake' and name 'crs_ros2_interfaces'
[0.135s] Level 1:colcon.colcon_core.package_identification:_identify(crs_common/install) by extensions ['ignore', 'ignore_ament_install']
[0.135s] Level 1:colcon.colcon_core.package_identification:_identify(crs_common/install) by extension 'ignore'
[0.135s] Level 1:colcon.colcon_core.package_identification:_identify(crs_common/install) ignored
[0.135s] Level 1:colcon.colcon_core.package_identification:_identify(crs_common/log) by extensions ['ignore', 'ignore_ament_install']
[0.135s] Level 1:colcon.colcon_core.package_identification:_identify(crs_common/log) by extension 'ignore'
[0.135s] Level 1:colcon.colcon_core.package_identification:_identify(crs_common/log) ignored
[0.135s] Level 1:colcon.colcon_core.package_identification:_identify(crs_common/script) by extensions ['ignore', 'ignore_ament_install']
[0.135s] Level 1:colcon.colcon_core.package_identification:_identify(crs_common/script) by extension 'ignore'
[0.136s] Level 1:colcon.colcon_core.package_identification:_identify(crs_common/script) by extension 'ignore_ament_install'
[0.136s] Level 1:colcon.colcon_core.package_identification:_identify(crs_common/script) by extensions ['colcon_pkg']
[0.136s] Level 1:colcon.colcon_core.package_identification:_identify(crs_common/script) by extension 'colcon_pkg'
[0.136s] Level 1:colcon.colcon_core.package_identification:_identify(crs_common/script) by extensions ['colcon_meta']
[0.136s] Level 1:colcon.colcon_core.package_identification:_identify(crs_common/script) by extension 'colcon_meta'
[0.136s] Level 1:colcon.colcon_core.package_identification:_identify(crs_common/script) by extensions ['ros']
[0.136s] Level 1:colcon.colcon_core.package_identification:_identify(crs_common/script) by extension 'ros'
[0.136s] Level 1:colcon.colcon_core.package_identification:_identify(crs_common/script) by extensions ['cmake', 'python']
[0.136s] Level 1:colcon.colcon_core.package_identification:_identify(crs_common/script) by extension 'cmake'
[0.136s] Level 1:colcon.colcon_core.package_identification:_identify(crs_common/script) by extension 'python'
[0.136s] Level 1:colcon.colcon_core.package_identification:_identify(crs_common/script) by extensions ['python_setup_py']
[0.136s] Level 1:colcon.colcon_core.package_identification:_identify(crs_common/script) by extension 'python_setup_py'
[0.136s] Level 1:colcon.colcon_core.package_identification:_identify(crs_common/script/build) by extensions ['ignore', 'ignore_ament_install']
[0.136s] Level 1:colcon.colcon_core.package_identification:_identify(crs_common/script/build) by extension 'ignore'
[0.137s] Level 1:colcon.colcon_core.package_identification:_identify(crs_common/script/build) ignored
[0.137s] Level 1:colcon.colcon_core.package_identification:_identify(crs_common/script/install) by extensions ['ignore', 'ignore_ament_install']
[0.137s] Level 1:colcon.colcon_core.package_identification:_identify(crs_common/script/install) by extension 'ignore'
[0.137s] Level 1:colcon.colcon_core.package_identification:_identify(crs_common/script/install) ignored
[0.137s] Level 1:colcon.colcon_core.package_identification:_identify(crs_common/script/log) by extensions ['ignore', 'ignore_ament_install']
[0.137s] Level 1:colcon.colcon_core.package_identification:_identify(crs_common/script/log) by extension 'ignore'
[0.138s] Level 1:colcon.colcon_core.package_identification:_identify(crs_common/script/log) ignored
[0.138s] Level 1:colcon.colcon_core.package_identification:_identify(inertial-sense-sdk) by extensions ['ignore', 'ignore_ament_install']
[0.138s] Level 1:colcon.colcon_core.package_identification:_identify(inertial-sense-sdk) by extension 'ignore'
[0.138s] Level 1:colcon.colcon_core.package_identification:_identify(inertial-sense-sdk) by extension 'ignore_ament_install'
[0.138s] Level 1:colcon.colcon_core.package_identification:_identify(inertial-sense-sdk) by extensions ['colcon_pkg']
[0.138s] Level 1:colcon.colcon_core.package_identification:_identify(inertial-sense-sdk) by extension 'colcon_pkg'
[0.138s] Level 1:colcon.colcon_core.package_identification:_identify(inertial-sense-sdk) by extensions ['colcon_meta']
[0.138s] Level 1:colcon.colcon_core.package_identification:_identify(inertial-sense-sdk) by extension 'colcon_meta'
[0.138s] Level 1:colcon.colcon_core.package_identification:_identify(inertial-sense-sdk) by extensions ['ros']
[0.138s] Level 1:colcon.colcon_core.package_identification:_identify(inertial-sense-sdk) by extension 'ros'
[0.138s] Level 1:colcon.colcon_core.package_identification:_identify(inertial-sense-sdk) by extensions ['cmake', 'python']
[0.138s] Level 1:colcon.colcon_core.package_identification:_identify(inertial-sense-sdk) by extension 'cmake'
[0.148s] Level 1:colcon.colcon_core.package_identification:_identify(inertial-sense-sdk) by extension 'python'
[0.148s] DEBUG:colcon.colcon_core.package_identification:Package 'inertial-sense-sdk' with type 'cmake' and name 'InertialSenseSDK'
[0.148s] Level 1:colcon.colcon_core.package_identification:_identify(install) by extensions ['ignore', 'ignore_ament_install']
[0.148s] Level 1:colcon.colcon_core.package_identification:_identify(install) by extension 'ignore'
[0.148s] Level 1:colcon.colcon_core.package_identification:_identify(install) ignored
[0.148s] Level 1:colcon.colcon_core.package_identification:_identify(log) by extensions ['ignore', 'ignore_ament_install']
[0.148s] Level 1:colcon.colcon_core.package_identification:_identify(log) by extension 'ignore'
[0.148s] Level 1:colcon.colcon_core.package_identification:_identify(log) ignored
[0.148s] Level 1:colcon.colcon_core.package_discovery:discover_packages(recursive) using defaults
[0.148s] Level 1:colcon.colcon_core.package_discovery:discover_packages(ignore) discover
[0.148s] Level 1:colcon.colcon_core.package_discovery:discover_packages(ignore) using defaults
[0.148s] Level 1:colcon.colcon_core.package_discovery:discover_packages(path) discover
[0.148s] Level 1:colcon.colcon_core.package_discovery:discover_packages(path) using defaults
[0.161s] INFO:colcon.colcon_core.package_selection:Skipping not selected package 'InertialSenseSDK' in 'inertial-sense-sdk'
[0.161s] INFO:colcon.colcon_core.package_selection:Skipping not selected package 'executive_main_loop' in 'ExecutiveMainLoop'
[0.161s] INFO:colcon.colcon_core.package_selection:Skipping not selected package 'thrust_control' in 'Thrust-Control'
[0.161s] INFO:colcon.colcon_core.package_selection:Skipping not selected package 'pwm_cltool' in 'Robosub-CLTool'
[0.161s] Level 1:colcon.colcon_core.package_discovery:discover_packages(prefix_path) check parameters
[0.161s] Level 1:colcon.colcon_core.package_discovery:discover_packages(prefix_path) discover
[0.163s] DEBUG:colcon.colcon_installed_package_information.package_discovery:Found 285 installed packages in /opt/ros/jazzy
[0.164s] Level 1:colcon.colcon_core.package_discovery:discover_packages(prefix_path) using defaults
[0.186s] Level 5:colcon.colcon_core.verb:set package 'crs_ros2_interfaces' build argument 'cmake_args' from command line to 'None'
[0.186s] Level 5:colcon.colcon_core.verb:set package 'crs_ros2_interfaces' build argument 'cmake_target' from command line to 'None'
[0.186s] Level 5:colcon.colcon_core.verb:set package 'crs_ros2_interfaces' build argument 'cmake_target_skip_unavailable' from command line to 'False'
[0.186s] Level 5:colcon.colcon_core.verb:set package 'crs_ros2_interfaces' build argument 'cmake_clean_cache' from command line to 'False'
[0.186s] Level 5:colcon.colcon_core.verb:set package 'crs_ros2_interfaces' build argument 'cmake_clean_first' from command line to 'False'
[0.186s] Level 5:colcon.colcon_core.verb:set package 'crs_ros2_interfaces' build argument 'cmake_force_configure' from command line to 'False'
[0.187s] Level 5:colcon.colcon_core.verb:set package 'crs_ros2_interfaces' build argument 'ament_cmake_args' from command line to 'None'
[0.187s] Level 5:colcon.colcon_core.verb:set package 'crs_ros2_interfaces' build argument 'catkin_cmake_args' from command line to 'None'
[0.187s] Level 5:colcon.colcon_core.verb:set package 'crs_ros2_interfaces' build argument 'catkin_skip_building_tests' from command line to 'False'
[0.187s] DEBUG:colcon.colcon_core.verb:Building package 'crs_ros2_interfaces' with the following arguments: {'ament_cmake_args': None, 'build_base': '/home/zenyn/Executive-Overlord/src/build/crs_ros2_interfaces', 'catkin_cmake_args': None, 'catkin_skip_building_tests': False, 'cmake_args': None, 'cmake_clean_cache': False, 'cmake_clean_first': False, 'cmake_force_configure': False, 'cmake_target': None, 'cmake_target_skip_unavailable': False, 'install_base': '/home/zenyn/Executive-Overlord/src/install/crs_ros2_interfaces', 'merge_install': False, 'path': '/home/zenyn/Executive-Overlord/src/crs_common/crs_ros2_interfaces', 'symlink_install': False, 'test_result_base': None}
[0.187s] INFO:colcon.colcon_core.executor:Executing jobs using 'parallel' executor
[0.188s] DEBUG:colcon.colcon_parallel_executor.executor.parallel:run_until_complete
[0.188s] INFO:colcon.colcon_ros.task.ament_cmake.build:Building ROS package in '/home/zenyn/Executive-Overlord/src/crs_common/crs_ros2_interfaces' with build type 'ament_cmake'
[0.188s] INFO:colcon.colcon_cmake.task.cmake.build:Building CMake package in '/home/zenyn/Executive-Overlord/src/crs_common/crs_ros2_interfaces'
[0.190s] INFO:colcon.colcon_core.plugin_system:Skipping extension 'colcon_core.shell.bat': Not used on non-Windows systems
[0.191s] INFO:colcon.colcon_core.shell:Skip shell extension 'powershell' for command environment: Not usable outside of PowerShell
[0.191s] DEBUG:colcon.colcon_core.shell:Skip shell extension 'dsv' for command environment
[0.202s] DEBUG:colcon.colcon_core.event_handler.log_command:Invoking command in '/home/zenyn/Executive-Overlord/src/build/crs_ros2_interfaces': CMAKE_PREFIX_PATH=${CMAKE_PREFIX_PATH}:/opt/ros/jazzy /usr/bin/cmake --build /home/zenyn/Executive-Overlord/src/build/crs_ros2_interfaces -- -j12 -l12
[5.295s] DEBUG:colcon.colcon_core.event_handler.log_command:Invoked command in '/home/zenyn/Executive-Overlord/src/build/crs_ros2_interfaces' returned '0': CMAKE_PREFIX_PATH=${CMAKE_PREFIX_PATH}:/opt/ros/jazzy /usr/bin/cmake --build /home/zenyn/Executive-Overlord/src/build/crs_ros2_interfaces -- -j12 -l12
[5.306s] DEBUG:colcon.colcon_core.event_handler.log_command:Invoking command in '/home/zenyn/Executive-Overlord/src/build/crs_ros2_interfaces': CMAKE_PREFIX_PATH=${CMAKE_PREFIX_PATH}:/opt/ros/jazzy /usr/bin/cmake --install /home/zenyn/Executive-Overlord/src/build/crs_ros2_interfaces
[5.359s] Level 1:colcon.colcon_core.environment:create_environment_scripts_only(crs_ros2_interfaces)
[5.359s] DEBUG:colcon.colcon_core.event_handler.log_command:Invoked command in '/home/zenyn/Executive-Overlord/src/build/crs_ros2_interfaces' returned '0': CMAKE_PREFIX_PATH=${CMAKE_PREFIX_PATH}:/opt/ros/jazzy /usr/bin/cmake --install /home/zenyn/Executive-Overlord/src/build/crs_ros2_interfaces
[5.362s] Level 1:colcon.colcon_core.environment:checking '/home/zenyn/Executive-Overlord/src/install/crs_ros2_interfaces' for CMake module files
[5.363s] Level 1:colcon.colcon_core.environment:checking '/home/zenyn/Executive-Overlord/src/install/crs_ros2_interfaces' for CMake config files
[5.363s] Level 1:colcon.colcon_core.shell:create_environment_hook('crs_ros2_interfaces', 'cmake_prefix_path')
[5.363s] INFO:colcon.colcon_core.shell:Creating environment hook '/home/zenyn/Executive-Overlord/src/install/crs_ros2_interfaces/share/crs_ros2_interfaces/hook/cmake_prefix_path.ps1'
[5.364s] INFO:colcon.colcon_core.shell:Creating environment descriptor '/home/zenyn/Executive-Overlord/src/install/crs_ros2_interfaces/share/crs_ros2_interfaces/hook/cmake_prefix_path.dsv'
[5.365s] INFO:colcon.colcon_core.shell:Creating environment hook '/home/zenyn/Executive-Overlord/src/install/crs_ros2_interfaces/share/crs_ros2_interfaces/hook/cmake_prefix_path.sh'
[5.366s] Level 1:colcon.colcon_core.environment:checking '/home/zenyn/Executive-Overlord/src/install/crs_ros2_interfaces/lib'
[5.366s] Level 1:colcon.colcon_core.shell:create_environment_hook('crs_ros2_interfaces', 'ld_library_path_lib')
[5.366s] INFO:colcon.colcon_core.shell:Creating environment hook '/home/zenyn/Executive-Overlord/src/install/crs_ros2_interfaces/share/crs_ros2_interfaces/hook/ld_library_path_lib.ps1'
[5.367s] INFO:colcon.colcon_core.shell:Creating environment descriptor '/home/zenyn/Executive-Overlord/src/install/crs_ros2_interfaces/share/crs_ros2_interfaces/hook/ld_library_path_lib.dsv'
[5.367s] INFO:colcon.colcon_core.shell:Creating environment hook '/home/zenyn/Executive-Overlord/src/install/crs_ros2_interfaces/share/crs_ros2_interfaces/hook/ld_library_path_lib.sh'
[5.368s] Level 1:colcon.colcon_core.environment:checking '/home/zenyn/Executive-Overlord/src/install/crs_ros2_interfaces/bin'
[5.368s] Level 1:colcon.colcon_core.environment:checking '/home/zenyn/Executive-Overlord/src/install/crs_ros2_interfaces/lib/pkgconfig/crs_ros2_interfaces.pc'
[5.368s] Level 1:colcon.colcon_core.environment:checking '/home/zenyn/Executive-Overlord/src/install/crs_ros2_interfaces/lib/python3.12/site-packages'
[5.369s] Level 1:colcon.colcon_core.shell:create_environment_hook('crs_ros2_interfaces', 'pythonpath')
[5.369s] INFO:colcon.colcon_core.shell:Creating environment hook '/home/zenyn/Executive-Overlord/src/install/crs_ros2_interfaces/share/crs_ros2_interfaces/hook/pythonpath.ps1'
[5.370s] INFO:colcon.colcon_core.shell:Creating environment descriptor '/home/zenyn/Executive-Overlord/src/install/crs_ros2_interfaces/share/crs_ros2_interfaces/hook/pythonpath.dsv'
[5.370s] INFO:colcon.colcon_core.shell:Creating environment hook '/home/zenyn/Executive-Overlord/src/install/crs_ros2_interfaces/share/crs_ros2_interfaces/hook/pythonpath.sh'
[5.371s] Level 1:colcon.colcon_core.environment:checking '/home/zenyn/Executive-Overlord/src/install/crs_ros2_interfaces/bin'
[5.371s] INFO:colcon.colcon_core.shell:Creating package script '/home/zenyn/Executive-Overlord/src/install/crs_ros2_interfaces/share/crs_ros2_interfaces/package.ps1'
[5.372s] INFO:colcon.colcon_core.shell:Creating package descriptor '/home/zenyn/Executive-Overlord/src/install/crs_ros2_interfaces/share/crs_ros2_interfaces/package.dsv'
[5.373s] INFO:colcon.colcon_core.shell:Creating package script '/home/zenyn/Executive-Overlord/src/install/crs_ros2_interfaces/share/crs_ros2_interfaces/package.sh'
[5.374s] INFO:colcon.colcon_core.shell:Creating package script '/home/zenyn/Executive-Overlord/src/install/crs_ros2_interfaces/share/crs_ros2_interfaces/package.bash'
[5.375s] INFO:colcon.colcon_core.shell:Creating package script '/home/zenyn/Executive-Overlord/src/install/crs_ros2_interfaces/share/crs_ros2_interfaces/package.zsh'
[5.375s] Level 1:colcon.colcon_core.environment:create_file_with_runtime_dependencies(/home/zenyn/Executive-Overlord/src/install/crs_ros2_interfaces/share/colcon-core/packages/crs_ros2_interfaces)
[5.376s] Level 1:colcon.colcon_core.environment:create_environment_scripts_only(crs_ros2_interfaces)
[5.376s] Level 1:colcon.colcon_core.environment:checking '/home/zenyn/Executive-Overlord/src/install/crs_ros2_interfaces' for CMake module files
[5.377s] Level 1:colcon.colcon_core.environment:checking '/home/zenyn/Executive-Overlord/src/install/crs_ros2_interfaces' for CMake config files
[5.377s] Level 1:colcon.colcon_core.shell:create_environment_hook('crs_ros2_interfaces', 'cmake_prefix_path')
[5.377s] INFO:colcon.colcon_core.shell:Creating environment hook '/home/zenyn/Executive-Overlord/src/install/crs_ros2_interfaces/share/crs_ros2_interfaces/hook/cmake_prefix_path.ps1'
[5.377s] INFO:colcon.colcon_core.shell:Creating environment descriptor '/home/zenyn/Executive-Overlord/src/install/crs_ros2_interfaces/share/crs_ros2_interfaces/hook/cmake_prefix_path.dsv'
[5.377s] INFO:colcon.colcon_core.shell:Creating environment hook '/home/zenyn/Executive-Overlord/src/install/crs_ros2_interfaces/share/crs_ros2_interfaces/hook/cmake_prefix_path.sh'
[5.378s] Level 1:colcon.colcon_core.environment:checking '/home/zenyn/Executive-Overlord/src/install/crs_ros2_interfaces/lib'
[5.378s] Level 1:colcon.colcon_core.shell:create_environment_hook('crs_ros2_interfaces', 'ld_library_path_lib')
[5.378s] INFO:colcon.colcon_core.shell:Creating environment hook '/home/zenyn/Executive-Overlord/src/install/crs_ros2_interfaces/share/crs_ros2_interfaces/hook/ld_library_path_lib.ps1'
[5.378s] INFO:colcon.colcon_core.shell:Creating environment descriptor '/home/zenyn/Executive-Overlord/src/install/crs_ros2_interfaces/share/crs_ros2_interfaces/hook/ld_library_path_lib.dsv'
[5.378s] INFO:colcon.colcon_core.shell:Creating environment hook '/home/zenyn/Executive-Overlord/src/install/crs_ros2_interfaces/share/crs_ros2_interfaces/hook/ld_library_path_lib.sh'
[5.379s] Level 1:colcon.colcon_core.environment:checking '/home/zenyn/Executive-Overlord/src/install/crs_ros2_interfaces/bin'
[5.379s] Level 1:colcon.colcon_core.environment:checking '/home/zenyn/Executive-Overlord/src/install/crs_ros2_interfaces/lib/pkgconfig/crs_ros2_interfaces.pc'
[5.379s] Level 1:colcon.colcon_core.environment:checking '/home/zenyn/Executive-Overlord/src/install/crs_ros2_interfaces/lib/python3.12/site-packages'
[5.379s] Level 1:colcon.colcon_core.shell:create_environment_hook('crs_ros2_interfaces', 'pythonpath')
[5.379s] INFO:colcon.colcon_core.shell:Creating environment hook '/home/zenyn/Executive-Overlord/src/install/crs_ros2_interfaces/share/crs_ros2_interfaces/hook/pythonpath.ps1'
[5.379s] INFO:colcon.colcon_core.shell:Creating environment descriptor '/home/zenyn/Executive-Overlord/src/install/crs_ros2_interfaces/share/crs_ros2_interfaces/hook/pythonpath.dsv'
[5.379s] INFO:colcon.colcon_core.shell:Creating environment hook '/home/zenyn/Executive-Overlord/src/install/crs_ros2_interfaces/share/crs_ros2_interfaces/hook/pythonpath.sh'
[5.380s] Level 1:colcon.colcon_core.environment:checking '/home/zenyn/Executive-Overlord/src/install/crs_ros2_interfaces/bin'
[5.380s] INFO:colcon.colcon_core.shell:Creating package script '/home/zenyn/Executive-Overlord/src/install/crs_ros2_interfaces/share/crs_ros2_interfaces/package.ps1'
[5.380s] INFO:colcon.colcon_core.shell:Creating package descriptor '/home/zenyn/Executive-Overlord/src/install/crs_ros2_interfaces/share/crs_ros2_interfaces/package.dsv'
[5.381s] INFO:colcon.colcon_core.shell:Creating package script '/home/zenyn/Executive-Overlord/src/install/crs_ros2_interfaces/share/crs_ros2_interfaces/package.sh'
[5.381s] INFO:colcon.colcon_core.shell:Creating package script '/home/zenyn/Executive-Overlord/src/install/crs_ros2_interfaces/share/crs_ros2_interfaces/package.bash'
[5.381s] INFO:colcon.colcon_core.shell:Creating package script '/home/zenyn/Executive-Overlord/src/install/crs_ros2_interfaces/share/crs_ros2_interfaces/package.zsh'
[5.381s] Level 1:colcon.colcon_core.environment:create_file_with_runtime_dependencies(/home/zenyn/Executive-Overlord/src/install/crs_ros2_interfaces/share/colcon-core/packages/crs_ros2_interfaces)
[5.382s] DEBUG:colcon.colcon_parallel_executor.executor.parallel:closing loop
[5.382s] DEBUG:colcon.colcon_parallel_executor.executor.parallel:loop closed
[5.382s] DEBUG:colcon.colcon_parallel_executor.executor.parallel:run_until_complete finished with '0'
[5.382s] DEBUG:colcon.colcon_core.event_reactor:joining thread
[5.389s] INFO:colcon.colcon_core.plugin_system:Skipping extension 'colcon_notification.desktop_notification.terminal_notifier': Not used on non-Darwin systems
[5.389s] INFO:colcon.colcon_core.plugin_system:Skipping extension 'colcon_notification.desktop_notification.win32': Not used on non-Windows systems
[5.389s] INFO:colcon.colcon_notification.desktop_notification:Sending desktop notification using 'notify2'
[5.395s] DEBUG:colcon.colcon_core.event_reactor:joined thread
[5.396s] INFO:colcon.colcon_core.shell:Creating prefix script '/home/zenyn/Executive-Overlord/src/install/local_setup.ps1'
[5.397s] INFO:colcon.colcon_core.shell:Creating prefix util module '/home/zenyn/Executive-Overlord/src/install/_local_setup_util_ps1.py'
[5.398s] INFO:colcon.colcon_core.shell:Creating prefix chain script '/home/zenyn/Executive-Overlord/src/install/setup.ps1'
[5.399s] INFO:colcon.colcon_core.shell:Creating prefix script '/home/zenyn/Executive-Overlord/src/install/local_setup.sh'
[5.400s] INFO:colcon.colcon_core.shell:Creating prefix util module '/home/zenyn/Executive-Overlord/src/install/_local_setup_util_sh.py'
[5.400s] INFO:colcon.colcon_core.shell:Creating prefix chain script '/home/zenyn/Executive-Overlord/src/install/setup.sh'
[5.401s] INFO:colcon.colcon_core.shell:Creating prefix script '/home/zenyn/Executive-Overlord/src/install/local_setup.bash'
[5.401s] INFO:colcon.colcon_core.shell:Creating prefix chain script '/home/zenyn/Executive-Overlord/src/install/setup.bash'
[5.402s] INFO:colcon.colcon_core.shell:Creating prefix script '/home/zenyn/Executive-Overlord/src/install/local_setup.zsh'
[5.402s] INFO:colcon.colcon_core.shell:Creating prefix chain script '/home/zenyn/Executive-Overlord/src/install/setup.zsh'
